[0.494s] Invoking command in '/home/farid/tesis/exo_right_arm_ws/src/my_package': DEBUGINFOD_URLS=https://debuginfod.ubuntu.com PYTHONPATH=/home/farid/tesis/exo_right_arm_ws/src/build/my_package/prefix_override:/usr/lib/python3/dist-packages/colcon_core/task/python/colcon_distutils_commands:/home/farid/tesis/exo_right_arm_ws/src/install/my_package/lib/python3.12/site-packages:${PYTHONPATH} /usr/bin/python3 -W ignore:setup.py install is deprecated -W ignore:easy_install command is deprecated setup.py egg_info --egg-base ../build/my_package build --build-base /home/farid/tesis/exo_right_arm_ws/src/build/my_package/build install --record /home/farid/tesis/exo_right_arm_ws/src/build/my_package/install.log --single-version-externally-managed install_data
[0.659s] running egg_info
[0.659s] creating ../build/my_package/my_package.egg-info
[0.670s] writing ../build/my_package/my_package.egg-info/PKG-INFO
[0.670s] writing dependency_links to ../build/my_package/my_package.egg-info/dependency_links.txt
[0.670s] writing entry points to ../build/my_package/my_package.egg-info/entry_points.txt
[0.670s] writing requirements to ../build/my_package/my_package.egg-info/requires.txt
[0.670s] writing top-level names to ../build/my_package/my_package.egg-info/top_level.txt
[0.670s] writing manifest file '../build/my_package/my_package.egg-info/SOURCES.txt'
[0.693s] reading manifest file '../build/my_package/my_package.egg-info/SOURCES.txt'
[0.694s] writing manifest file '../build/my_package/my_package.egg-info/SOURCES.txt'
[0.694s] running build
[0.694s] running build_py
[0.694s] creating /home/farid/tesis/exo_right_arm_ws/src/build/my_package/build
[0.694s] creating /home/farid/tesis/exo_right_arm_ws/src/build/my_package/build/lib
[0.694s] creating /home/farid/tesis/exo_right_arm_ws/src/build/my_package/build/lib/my_package
[0.694s] copying my_package/__init__.py -> /home/farid/tesis/exo_right_arm_ws/src/build/my_package/build/lib/my_package
[0.694s] copying my_package/my_node.py -> /home/farid/tesis/exo_right_arm_ws/src/build/my_package/build/lib/my_package
[0.694s] running install
[0.698s] running install_lib
[0.709s] creating /home/farid/tesis/exo_right_arm_ws/src/install/my_package/lib/python3.12/site-packages/my_package
[0.709s] copying /home/farid/tesis/exo_right_arm_ws/src/build/my_package/build/lib/my_package/__init__.py -> /home/farid/tesis/exo_right_arm_ws/src/install/my_package/lib/python3.12/site-packages/my_package
[0.709s] copying /home/farid/tesis/exo_right_arm_ws/src/build/my_package/build/lib/my_package/my_node.py -> /home/farid/tesis/exo_right_arm_ws/src/install/my_package/lib/python3.12/site-packages/my_package
[0.710s] byte-compiling /home/farid/tesis/exo_right_arm_ws/src/install/my_package/lib/python3.12/site-packages/my_package/__init__.py to __init__.cpython-312.pyc
[0.710s] byte-compiling /home/farid/tesis/exo_right_arm_ws/src/install/my_package/lib/python3.12/site-packages/my_package/my_node.py to my_node.cpython-312.pyc
[0.710s] running install_data
[0.710s] creating /home/farid/tesis/exo_right_arm_ws/src/install/my_package/share/ament_index
[0.710s] creating /home/farid/tesis/exo_right_arm_ws/src/install/my_package/share/ament_index/resource_index
[0.710s] creating /home/farid/tesis/exo_right_arm_ws/src/install/my_package/share/ament_index/resource_index/packages
[0.710s] copying resource/my_package -> /home/farid/tesis/exo_right_arm_ws/src/install/my_package/share/ament_index/resource_index/packages
[0.710s] copying package.xml -> /home/farid/tesis/exo_right_arm_ws/src/install/my_package/share/my_package
[0.711s] running install_egg_info
[0.722s] Copying ../build/my_package/my_package.egg-info to /home/farid/tesis/exo_right_arm_ws/src/install/my_package/lib/python3.12/site-packages/my_package-0.0.0-py3.12.egg-info
[0.723s] running install_scripts
[0.798s] Installing my_node script to /home/farid/tesis/exo_right_arm_ws/src/install/my_package/lib/my_package
[0.799s] writing list of installed files to '/home/farid/tesis/exo_right_arm_ws/src/build/my_package/install.log'
[0.815s] Invoked command in '/home/farid/tesis/exo_right_arm_ws/src/my_package' returned '0': DEBUGINFOD_URLS=https://debuginfod.ubuntu.com PYTHONPATH=/home/farid/tesis/exo_right_arm_ws/src/build/my_package/prefix_override:/usr/lib/python3/dist-packages/colcon_core/task/python/colcon_distutils_commands:/home/farid/tesis/exo_right_arm_ws/src/install/my_package/lib/python3.12/site-packages:${PYTHONPATH} /usr/bin/python3 -W ignore:setup.py install is deprecated -W ignore:easy_install command is deprecated setup.py egg_info --egg-base ../build/my_package build --build-base /home/farid/tesis/exo_right_arm_ws/src/build/my_package/build install --record /home/farid/tesis/exo_right_arm_ws/src/build/my_package/install.log --single-version-externally-managed install_data
