[ 50%] [32mBuilding CXX object CMakeFiles/gravity_compensation_controller.dir/src/gravity_compensation_controller.cpp.o[0m
[01m[K/home/farid/tesis/exo_right_arm_ws/src/gravity_compensation_controller/src/gravity_compensation_controller.cpp:[m[K In member function ‘[01m[Kvirtual controller_interface::return_type gravity_compensation_controller::GravityCompensationController::[01;32m[Kupdate[m[K(const rclcpp::Time&, const rclcpp::Duration&)[m[K’:
[01m[K/home/farid/tesis/exo_right_arm_ws/src/gravity_compensation_controller/src/gravity_compensation_controller.cpp:198:12:[m[K [01;35m[Kwarning: [m[Kunused variable ‘[01m[Kdq[m[K’ [[01;35m[K]8;;https://gcc.gnu.org/onlinedocs/gcc/Warning-Options.html#index-Wunused-variable-Wunused-variable]8;;[m[K]
  198 |     double [01;35m[Kdq[m[K = *dq_opt;
      |            [01;35m[K^~[m[K
[100%] [32m[1mLinking CXX shared library libgravity_compensation_controller.so[0m
[100%] Built target gravity_compensation_controller
-- Install configuration: ""
-- Up-to-date: /home/farid/tesis/exo_right_arm_ws/install/gravity_compensation_controller/share/gravity_compensation_controller/gravity_compensation_controller_plugin.xml
-- Installing: /home/farid/tesis/exo_right_arm_ws/install/gravity_compensation_controller/lib/libgravity_compensation_controller.so
-- Set non-toolchain portion of runtime path of "/home/farid/tesis/exo_right_arm_ws/install/gravity_compensation_controller/lib/libgravity_compensation_controller.so" to ""
-- Up-to-date: /home/farid/tesis/exo_right_arm_ws/install/gravity_compensation_controller/include
-- Up-to-date: /home/farid/tesis/exo_right_arm_ws/install/gravity_compensation_controller/include/gravity_compensation_controller
-- Up-to-date: /home/farid/tesis/exo_right_arm_ws/install/gravity_compensation_controller/include/gravity_compensation_controller/gravity_compensation_controller.hpp
-- Up-to-date: /home/farid/tesis/exo_right_arm_ws/install/gravity_compensation_controller/share/gravity_compensation_controller/gravity_compensation_controller_plugin.xml
-- Up-to-date: /home/farid/tesis/exo_right_arm_ws/install/gravity_compensation_controller/share/ament_index/resource_index/package_run_dependencies/gravity_compensation_controller
-- Up-to-date: /home/farid/tesis/exo_right_arm_ws/install/gravity_compensation_controller/share/ament_index/resource_index/parent_prefix_path/gravity_compensation_controller
-- Up-to-date: /home/farid/tesis/exo_right_arm_ws/install/gravity_compensation_controller/share/gravity_compensation_controller/environment/ament_prefix_path.sh
-- Up-to-date: /home/farid/tesis/exo_right_arm_ws/install/gravity_compensation_controller/share/gravity_compensation_controller/environment/ament_prefix_path.dsv
-- Up-to-date: /home/farid/tesis/exo_right_arm_ws/install/gravity_compensation_controller/share/gravity_compensation_controller/environment/path.sh
-- Up-to-date: /home/farid/tesis/exo_right_arm_ws/install/gravity_compensation_controller/share/gravity_compensation_controller/environment/path.dsv
-- Up-to-date: /home/farid/tesis/exo_right_arm_ws/install/gravity_compensation_controller/share/gravity_compensation_controller/local_setup.bash
-- Up-to-date: /home/farid/tesis/exo_right_arm_ws/install/gravity_compensation_controller/share/gravity_compensation_controller/local_setup.sh
-- Up-to-date: /home/farid/tesis/exo_right_arm_ws/install/gravity_compensation_controller/share/gravity_compensation_controller/local_setup.zsh
-- Up-to-date: /home/farid/tesis/exo_right_arm_ws/install/gravity_compensation_controller/share/gravity_compensation_controller/local_setup.dsv
-- Installing: /home/farid/tesis/exo_right_arm_ws/install/gravity_compensation_controller/share/gravity_compensation_controller/package.dsv
-- Up-to-date: /home/farid/tesis/exo_right_arm_ws/install/gravity_compensation_controller/share/ament_index/resource_index/packages/gravity_compensation_controller
-- Up-to-date: /home/farid/tesis/exo_right_arm_ws/install/gravity_compensation_controller/share/ament_index/resource_index/controller_interface__pluginlib__plugin/gravity_compensation_controller
-- Up-to-date: /home/farid/tesis/exo_right_arm_ws/install/gravity_compensation_controller/share/gravity_compensation_controller/cmake/gravity_compensation_controllerConfig.cmake
-- Up-to-date: /home/farid/tesis/exo_right_arm_ws/install/gravity_compensation_controller/share/gravity_compensation_controller/cmake/gravity_compensation_controllerConfig-version.cmake
-- Up-to-date: /home/farid/tesis/exo_right_arm_ws/install/gravity_compensation_controller/share/gravity_compensation_controller/package.xml
