[0.161s] Invoking command in '/home/farid/tesis/exo_right_arm_ws/build/exo_hardware': CMAKE_PREFIX_PATH=${CMAKE_PREFIX_PATH}:/home/farid/tesis/exo_right_arm_ws/install/exo_bringup:/opt/ros/jazzy DEBUGINFOD_URLS=https://debuginfod.ubuntu.com /usr/bin/cmake --build /home/farid/tesis/exo_right_arm_ws/build/exo_hardware -- -j32 -l32
[0.214s] [100%] Built target exo_hardware
[0.226s] Invoked command in '/home/farid/tesis/exo_right_arm_ws/build/exo_hardware' returned '0': CMAKE_PREFIX_PATH=${CMAKE_PREFIX_PATH}:/home/farid/tesis/exo_right_arm_ws/install/exo_bringup:/opt/ros/jazzy DEBUGINFOD_URLS=https://debuginfod.ubuntu.com /usr/bin/cmake --build /home/farid/tesis/exo_right_arm_ws/build/exo_hardware -- -j32 -l32
[0.227s] Invoking command in '/home/farid/tesis/exo_right_arm_ws/build/exo_hardware': CMAKE_PREFIX_PATH=${CMAKE_PREFIX_PATH}:/home/farid/tesis/exo_right_arm_ws/install/exo_bringup:/opt/ros/jazzy DEBUGINFOD_URLS=https://debuginfod.ubuntu.com /usr/bin/cmake --install /home/farid/tesis/exo_right_arm_ws/build/exo_hardware
[0.232s] -- Install configuration: ""
[0.232s] -- Up-to-date: /home/farid/tesis/exo_right_arm_ws/install/exo_hardware/share/exo_hardware/exo_hardware_plugins.xml
[0.233s] -- Up-to-date: /home/farid/tesis/exo_right_arm_ws/install/exo_hardware/lib/libexo_hardware.so
[0.233s] -- Up-to-date: /home/farid/tesis/exo_right_arm_ws/install/exo_hardware/include
[0.233s] -- Up-to-date: /home/farid/tesis/exo_right_arm_ws/install/exo_hardware/include/exo_hardware
[0.233s] -- Up-to-date: /home/farid/tesis/exo_right_arm_ws/install/exo_hardware/include/exo_hardware/exo_hardware.hpp
[0.233s] -- Up-to-date: /home/farid/tesis/exo_right_arm_ws/install/exo_hardware/share/ament_index/resource_index/package_run_dependencies/exo_hardware
[0.233s] -- Up-to-date: /home/farid/tesis/exo_right_arm_ws/install/exo_hardware/share/ament_index/resource_index/parent_prefix_path/exo_hardware
[0.233s] -- Up-to-date: /home/farid/tesis/exo_right_arm_ws/install/exo_hardware/share/exo_hardware/environment/ament_prefix_path.sh
[0.233s] -- Up-to-date: /home/farid/tesis/exo_right_arm_ws/install/exo_hardware/share/exo_hardware/environment/ament_prefix_path.dsv
[0.233s] -- Up-to-date: /home/farid/tesis/exo_right_arm_ws/install/exo_hardware/share/exo_hardware/environment/path.sh
[0.233s] -- Up-to-date: /home/farid/tesis/exo_right_arm_ws/install/exo_hardware/share/exo_hardware/environment/path.dsv
[0.233s] -- Up-to-date: /home/farid/tesis/exo_right_arm_ws/install/exo_hardware/share/exo_hardware/local_setup.bash
[0.234s] -- Up-to-date: /home/farid/tesis/exo_right_arm_ws/install/exo_hardware/share/exo_hardware/local_setup.sh
[0.234s] -- Up-to-date: /home/farid/tesis/exo_right_arm_ws/install/exo_hardware/share/exo_hardware/local_setup.zsh
[0.234s] -- Up-to-date: /home/farid/tesis/exo_right_arm_ws/install/exo_hardware/share/exo_hardware/local_setup.dsv
[0.234s] -- Installing: /home/farid/tesis/exo_right_arm_ws/install/exo_hardware/share/exo_hardware/package.dsv
[0.235s] -- Up-to-date: /home/farid/tesis/exo_right_arm_ws/install/exo_hardware/share/ament_index/resource_index/packages/exo_hardware
[0.235s] -- Up-to-date: /home/farid/tesis/exo_right_arm_ws/install/exo_hardware/share/ament_index/resource_index/hardware_interface__pluginlib__plugin/exo_hardware
[0.235s] -- Up-to-date: /home/farid/tesis/exo_right_arm_ws/install/exo_hardware/share/exo_hardware/cmake/exo_hardwareConfig.cmake
[0.235s] -- Up-to-date: /home/farid/tesis/exo_right_arm_ws/install/exo_hardware/share/exo_hardware/cmake/exo_hardwareConfig-version.cmake
[0.236s] -- Up-to-date: /home/farid/tesis/exo_right_arm_ws/install/exo_hardware/share/exo_hardware/package.xml
[0.236s] Invoked command in '/home/farid/tesis/exo_right_arm_ws/build/exo_hardware' returned '0': CMAKE_PREFIX_PATH=${CMAKE_PREFIX_PATH}:/home/farid/tesis/exo_right_arm_ws/install/exo_bringup:/opt/ros/jazzy DEBUGINFOD_URLS=https://debuginfod.ubuntu.com /usr/bin/cmake --install /home/farid/tesis/exo_right_arm_ws/build/exo_hardware
