[0.539s] Invoking command in '/home/farid/tesis/exo_right_arm_ws/src/exo_bringup': DEBUGINFOD_URLS=https://debuginfod.ubuntu.com PYTHONPATH=/home/farid/tesis/exo_right_arm_ws/build/exo_bringup/prefix_override:/usr/lib/python3/dist-packages/colcon_core/task/python/colcon_distutils_commands:/home/farid/tesis/exo_right_arm_ws/install/exo_bringup/lib/python3.12/site-packages:${PYTHONPATH} /usr/bin/python3 -W ignore:setup.py install is deprecated -W ignore:easy_install command is deprecated setup.py egg_info --egg-base ../../build/exo_bringup build --build-base /home/farid/tesis/exo_right_arm_ws/build/exo_bringup/build install --record /home/farid/tesis/exo_right_arm_ws/build/exo_bringup/install.log --single-version-externally-managed install_data
[0.712s] running egg_info
[0.712s] creating ../../build/exo_bringup/exo_bringup.egg-info
[0.724s] writing ../../build/exo_bringup/exo_bringup.egg-info/PKG-INFO
[0.724s] writing dependency_links to ../../build/exo_bringup/exo_bringup.egg-info/dependency_links.txt
[0.724s] writing requirements to ../../build/exo_bringup/exo_bringup.egg-info/requires.txt
[0.724s] writing top-level names to ../../build/exo_bringup/exo_bringup.egg-info/top_level.txt
[0.724s] writing manifest file '../../build/exo_bringup/exo_bringup.egg-info/SOURCES.txt'
[0.735s] reading manifest file '../../build/exo_bringup/exo_bringup.egg-info/SOURCES.txt'
[0.735s] writing manifest file '../../build/exo_bringup/exo_bringup.egg-info/SOURCES.txt'
[0.735s] running build
[0.735s] running install
[0.739s] running install_data
[0.739s] creating /home/farid/tesis/exo_right_arm_ws/install/exo_bringup/share/ament_index
[0.740s] creating /home/farid/tesis/exo_right_arm_ws/install/exo_bringup/share/ament_index/resource_index
[0.740s] creating /home/farid/tesis/exo_right_arm_ws/install/exo_bringup/share/ament_index/resource_index/packages
[0.740s] copying resource/exo_bringup -> /home/farid/tesis/exo_right_arm_ws/install/exo_bringup/share/ament_index/resource_index/packages
[0.740s] copying package.xml -> /home/farid/tesis/exo_right_arm_ws/install/exo_bringup/share/exo_bringup
[0.740s] creating /home/farid/tesis/exo_right_arm_ws/install/exo_bringup/share/exo_bringup/launch
[0.740s] copying launch/rviz.launch.py -> /home/farid/tesis/exo_right_arm_ws/install/exo_bringup/share/exo_bringup/launch
[0.740s] copying launch/gazebo.launch.py -> /home/farid/tesis/exo_right_arm_ws/install/exo_bringup/share/exo_bringup/launch
[0.740s] copying launch/exo.launch.py -> /home/farid/tesis/exo_right_arm_ws/install/exo_bringup/share/exo_bringup/launch
[0.740s] creating /home/farid/tesis/exo_right_arm_ws/install/exo_bringup/share/exo_bringup/config
[0.740s] copying config/controllers_gravity_compensation.yaml -> /home/farid/tesis/exo_right_arm_ws/install/exo_bringup/share/exo_bringup/config
[0.740s] copying config/controllers_effort.yaml -> /home/farid/tesis/exo_right_arm_ws/install/exo_bringup/share/exo_bringup/config
[0.740s] creating /home/farid/tesis/exo_right_arm_ws/install/exo_bringup/share/exo_bringup/rviz
[0.740s] running install_egg_info
[0.764s] Copying ../../build/exo_bringup/exo_bringup.egg-info to /home/farid/tesis/exo_right_arm_ws/install/exo_bringup/lib/python3.12/site-packages/exo_bringup-0.0.0-py3.12.egg-info
[0.764s] running install_scripts
[0.842s] writing list of installed files to '/home/farid/tesis/exo_right_arm_ws/build/exo_bringup/install.log'
[0.859s] Invoked command in '/home/farid/tesis/exo_right_arm_ws/src/exo_bringup' returned '0': DEBUGINFOD_URLS=https://debuginfod.ubuntu.com PYTHONPATH=/home/farid/tesis/exo_right_arm_ws/build/exo_bringup/prefix_override:/usr/lib/python3/dist-packages/colcon_core/task/python/colcon_distutils_commands:/home/farid/tesis/exo_right_arm_ws/install/exo_bringup/lib/python3.12/site-packages:${PYTHONPATH} /usr/bin/python3 -W ignore:setup.py install is deprecated -W ignore:easy_install command is deprecated setup.py egg_info --egg-base ../../build/exo_bringup build --build-base /home/farid/tesis/exo_right_arm_ws/build/exo_bringup/build install --record /home/farid/tesis/exo_right_arm_ws/build/exo_bringup/install.log --single-version-externally-managed install_data
