[0.139s] Invoking command in '/home/farid/tesis/exo_right_arm_ws/build/exo_description': CMAKE_PREFIX_PATH=${CMAKE_PREFIX_PATH}:/home/farid/tesis/exo_right_arm_ws/install/exo_bringup:/opt/ros/jazzy DEBUGINFOD_URLS=https://debuginfod.ubuntu.com /usr/bin/cmake /home/farid/tesis/exo_right_arm_ws/src/exo_description -DCMAKE_INSTALL_PREFIX=/home/farid/tesis/exo_right_arm_ws/install/exo_description
[0.187s] -- The C compiler identification is GNU 13.3.0
[0.233s] -- The CXX compiler identification is GNU 13.3.0
[0.247s] -- Detecting C compiler ABI info
[0.318s] -- Detecting C compiler ABI info - done
[0.325s] -- Check for working C compiler: /usr/bin/cc - skipped
[0.325s] -- Detecting C compile features
[0.325s] -- Detecting C compile features - done
[0.334s] -- Detecting CXX compiler ABI info
[0.408s] -- Detecting CXX compiler ABI info - done
[0.417s] -- Check for working CXX compiler: /usr/bin/c++ - skipped
[0.417s] -- Detecting CXX compile features
[0.417s] -- Detecting CXX compile features - done
[0.419s] -- Found ament_cmake: 2.5.5 (/opt/ros/jazzy/share/ament_cmake/cmake)
[0.542s] -- Found Python3: /usr/bin/python3 (found version "3.12.3") found components: Interpreter 
[0.678s] -- Configuring done (0.5s)
[0.679s] -- Generating done (0.0s)
[0.680s] -- Build files have been written to: /home/farid/tesis/exo_right_arm_ws/build/exo_description
[0.685s] Invoked command in '/home/farid/tesis/exo_right_arm_ws/build/exo_description' returned '0': CMAKE_PREFIX_PATH=${CMAKE_PREFIX_PATH}:/home/farid/tesis/exo_right_arm_ws/install/exo_bringup:/opt/ros/jazzy DEBUGINFOD_URLS=https://debuginfod.ubuntu.com /usr/bin/cmake /home/farid/tesis/exo_right_arm_ws/src/exo_description -DCMAKE_INSTALL_PREFIX=/home/farid/tesis/exo_right_arm_ws/install/exo_description
[0.687s] Invoking command in '/home/farid/tesis/exo_right_arm_ws/build/exo_description': CMAKE_PREFIX_PATH=${CMAKE_PREFIX_PATH}:/home/farid/tesis/exo_right_arm_ws/install/exo_bringup:/opt/ros/jazzy DEBUGINFOD_URLS=https://debuginfod.ubuntu.com /usr/bin/cmake --build /home/farid/tesis/exo_right_arm_ws/build/exo_description -- -j32 -l32
[0.719s] Invoked command in '/home/farid/tesis/exo_right_arm_ws/build/exo_description' returned '0': CMAKE_PREFIX_PATH=${CMAKE_PREFIX_PATH}:/home/farid/tesis/exo_right_arm_ws/install/exo_bringup:/opt/ros/jazzy DEBUGINFOD_URLS=https://debuginfod.ubuntu.com /usr/bin/cmake --build /home/farid/tesis/exo_right_arm_ws/build/exo_description -- -j32 -l32
[0.727s] Invoking command in '/home/farid/tesis/exo_right_arm_ws/build/exo_description': CMAKE_PREFIX_PATH=${CMAKE_PREFIX_PATH}:/home/farid/tesis/exo_right_arm_ws/install/exo_bringup:/opt/ros/jazzy DEBUGINFOD_URLS=https://debuginfod.ubuntu.com /usr/bin/cmake --install /home/farid/tesis/exo_right_arm_ws/build/exo_description
[0.733s] -- Install configuration: ""
[0.733s] -- Installing: /home/farid/tesis/exo_right_arm_ws/install/exo_description/share/exo_description/urdf
[0.733s] -- Installing: /home/farid/tesis/exo_right_arm_ws/install/exo_description/share/exo_description/urdf/exo.gazebo
[0.733s] -- Installing: /home/farid/tesis/exo_right_arm_ws/install/exo_description/share/exo_description/urdf/exo.xacro
[0.733s] -- Installing: /home/farid/tesis/exo_right_arm_ws/install/exo_description/share/exo_description/urdf/materials.xacro
[0.733s] -- Installing: /home/farid/tesis/exo_right_arm_ws/install/exo_description/share/exo_description/urdf/exo.trans
[0.733s] -- Installing: /home/farid/tesis/exo_right_arm_ws/install/exo_description/share/exo_description/meshes
[0.733s] -- Installing: /home/farid/tesis/exo_right_arm_ws/install/exo_description/share/exo_description/meshes/base_link.stl
[0.734s] -- Installing: /home/farid/tesis/exo_right_arm_ws/install/exo_description/share/exo_description/meshes/Componente3_v1_1.stl
[0.734s] -- Installing: /home/farid/tesis/exo_right_arm_ws/install/exo_description/share/exo_description/meshes/Componente2_v1_1.stl
[0.734s] -- Installing: /home/farid/tesis/exo_right_arm_ws/install/exo_description/share/exo_description/meshes/Motor2_1.stl
[0.734s] -- Installing: /home/farid/tesis/exo_right_arm_ws/install/exo_description/share/exo_description/meshes/Componente5_v1_1.stl
[0.734s] -- Installing: /home/farid/tesis/exo_right_arm_ws/install/exo_description/share/exo_description/meshes/Componente4_v1_1.stl
[0.735s] -- Installing: /home/farid/tesis/exo_right_arm_ws/install/exo_description/share/exo_description/meshes/Motor1_1.stl
[0.735s] -- Installing: /home/farid/tesis/exo_right_arm_ws/install/exo_description/share/exo_description/meshes/Motor3_1.stl
[0.736s] -- Installing: /home/farid/tesis/exo_right_arm_ws/install/exo_description/share/exo_description/launch
[0.736s] -- Installing: /home/farid/tesis/exo_right_arm_ws/install/exo_description/share/exo_description/launch/controller.launch
[0.736s] -- Installing: /home/farid/tesis/exo_right_arm_ws/install/exo_description/share/exo_description/launch/display.launch
[0.736s] -- Installing: /home/farid/tesis/exo_right_arm_ws/install/exo_description/share/exo_description/launch/gazebo.launch
[0.736s] -- Installing: /home/farid/tesis/exo_right_arm_ws/install/exo_description/share/exo_description/launch/controller.yaml
[0.736s] -- Installing: /home/farid/tesis/exo_right_arm_ws/install/exo_description/share/exo_description/launch/urdf.rviz
[0.736s] -- Installing: /home/farid/tesis/exo_right_arm_ws/install/exo_description/share/exo_description/config
[0.736s] -- Installing: /home/farid/tesis/exo_right_arm_ws/install/exo_description/share/exo_description/config/controllers.yaml
[0.736s] -- Installing: /home/farid/tesis/exo_right_arm_ws/install/exo_description/share/ament_index/resource_index/package_run_dependencies/exo_description
[0.736s] -- Installing: /home/farid/tesis/exo_right_arm_ws/install/exo_description/share/ament_index/resource_index/parent_prefix_path/exo_description
[0.736s] -- Installing: /home/farid/tesis/exo_right_arm_ws/install/exo_description/share/exo_description/environment/ament_prefix_path.sh
[0.737s] -- Installing: /home/farid/tesis/exo_right_arm_ws/install/exo_description/share/exo_description/environment/ament_prefix_path.dsv
[0.737s] -- Installing: /home/farid/tesis/exo_right_arm_ws/install/exo_description/share/exo_description/environment/path.sh
[0.737s] -- Installing: /home/farid/tesis/exo_right_arm_ws/install/exo_description/share/exo_description/environment/path.dsv
[0.737s] -- Installing: /home/farid/tesis/exo_right_arm_ws/install/exo_description/share/exo_description/local_setup.bash
[0.737s] -- Installing: /home/farid/tesis/exo_right_arm_ws/install/exo_description/share/exo_description/local_setup.sh
[0.737s] -- Installing: /home/farid/tesis/exo_right_arm_ws/install/exo_description/share/exo_description/local_setup.zsh
[0.737s] -- Installing: /home/farid/tesis/exo_right_arm_ws/install/exo_description/share/exo_description/local_setup.dsv
[0.737s] -- Installing: /home/farid/tesis/exo_right_arm_ws/install/exo_description/share/exo_description/package.dsv
[0.737s] -- Installing: /home/farid/tesis/exo_right_arm_ws/install/exo_description/share/ament_index/resource_index/packages/exo_description
[0.737s] -- Installing: /home/farid/tesis/exo_right_arm_ws/install/exo_description/share/exo_description/cmake/exo_descriptionConfig.cmake
[0.737s] -- Installing: /home/farid/tesis/exo_right_arm_ws/install/exo_description/share/exo_description/cmake/exo_descriptionConfig-version.cmake
[0.737s] -- Installing: /home/farid/tesis/exo_right_arm_ws/install/exo_description/share/exo_description/package.xml
[0.738s] Invoked command in '/home/farid/tesis/exo_right_arm_ws/build/exo_description' returned '0': CMAKE_PREFIX_PATH=${CMAKE_PREFIX_PATH}:/home/farid/tesis/exo_right_arm_ws/install/exo_bringup:/opt/ros/jazzy DEBUGINFOD_URLS=https://debuginfod.ubuntu.com /usr/bin/cmake --install /home/farid/tesis/exo_right_arm_ws/build/exo_description
