[0.064s] DEBUG:colcon:Command line arguments: ['/usr/bin/colcon', 'build']
[0.064s] DEBUG:colcon:Parsed command line arguments: Namespace(log_base=None, log_level=None, verb_name='build', build_base='build', install_base='install', merge_install=False, symlink_install=False, test_result_base=None, continue_on_error=False, executor='parallel', parallel_workers=32, event_handlers=None, ignore_user_meta=False, metas=['./colcon.meta'], base_paths=['.'], packages_ignore=None, packages_ignore_regex=None, paths=None, packages_up_to=None, packages_up_to_regex=None, packages_above=None, packages_above_and_dependencies=None, packages_above_depth=None, packages_select_by_dep=None, packages_skip_by_dep=None, packages_skip_up_to=None, packages_select_build_failed=False, packages_skip_build_finished=False, packages_select_test_failures=False, packages_skip_test_passed=False, packages_select=None, packages_skip=None, packages_select_regex=None, packages_skip_regex=None, packages_start=None, packages_end=None, allow_overriding=[], cmake_args=None, cmake_target=None, cmake_target_skip_unavailable=False, cmake_clean_cache=False, cmake_clean_first=False, cmake_force_configure=False, ament_cmake_args=None, catkin_cmake_args=None, catkin_skip_building_tests=False, verb_parser=<colcon_defaults.argument_parser.defaults.DefaultArgumentsDecorator object at 0x74b75e272ab0>, verb_extension=<colcon_core.verb.build.BuildVerb object at 0x74b75e272ba0>, main=<bound method BuildVerb.main of <colcon_core.verb.build.BuildVerb object at 0x74b75e272ba0>>)
[0.088s] Level 1:colcon.colcon_core.package_discovery:discover_packages(colcon_meta) check parameters
[0.088s] Level 1:colcon.colcon_core.package_discovery:discover_packages(recursive) check parameters
[0.088s] Level 1:colcon.colcon_core.package_discovery:discover_packages(ignore) check parameters
[0.088s] Level 1:colcon.colcon_core.package_discovery:discover_packages(path) check parameters
[0.088s] Level 1:colcon.colcon_core.package_discovery:discover_packages(colcon_meta) discover
[0.089s] Level 1:colcon.colcon_core.package_discovery:discover_packages(recursive) discover
[0.089s] INFO:colcon.colcon_core.package_discovery:Crawling recursively for packages in '/home/farid/tesis/exo_right_arm_ws/src'
[0.089s] Level 1:colcon.colcon_core.package_identification:_identify(.) by extensions ['ignore', 'ignore_ament_install']
[0.089s] Level 1:colcon.colcon_core.package_identification:_identify(.) by extension 'ignore'
[0.089s] Level 1:colcon.colcon_core.package_identification:_identify(.) by extension 'ignore_ament_install'
[0.089s] Level 1:colcon.colcon_core.package_identification:_identify(.) by extensions ['colcon_pkg']
[0.089s] Level 1:colcon.colcon_core.package_identification:_identify(.) by extension 'colcon_pkg'
[0.089s] Level 1:colcon.colcon_core.package_identification:_identify(.) by extensions ['colcon_meta']
[0.089s] Level 1:colcon.colcon_core.package_identification:_identify(.) by extension 'colcon_meta'
[0.089s] Level 1:colcon.colcon_core.package_identification:_identify(.) by extensions ['ros']
[0.089s] Level 1:colcon.colcon_core.package_identification:_identify(.) by extension 'ros'
[0.106s] Level 1:colcon.colcon_core.package_identification:_identify(.) by extensions ['cmake', 'python']
[0.106s] Level 1:colcon.colcon_core.package_identification:_identify(.) by extension 'cmake'
[0.106s] Level 1:colcon.colcon_core.package_identification:_identify(.) by extension 'python'
[0.106s] Level 1:colcon.colcon_core.package_identification:_identify(.) by extensions ['python_setup_py']
[0.106s] Level 1:colcon.colcon_core.package_identification:_identify(.) by extension 'python_setup_py'
[0.106s] Level 1:colcon.colcon_core.package_identification:_identify(build) by extensions ['ignore', 'ignore_ament_install']
[0.106s] Level 1:colcon.colcon_core.package_identification:_identify(build) by extension 'ignore'
[0.106s] Level 1:colcon.colcon_core.package_identification:_identify(build) ignored
[0.106s] Level 1:colcon.colcon_core.package_identification:_identify(demo_control) by extensions ['ignore', 'ignore_ament_install']
[0.106s] Level 1:colcon.colcon_core.package_identification:_identify(demo_control) by extension 'ignore'
[0.106s] Level 1:colcon.colcon_core.package_identification:_identify(demo_control) by extension 'ignore_ament_install'
[0.106s] Level 1:colcon.colcon_core.package_identification:_identify(demo_control) by extensions ['colcon_pkg']
[0.106s] Level 1:colcon.colcon_core.package_identification:_identify(demo_control) by extension 'colcon_pkg'
[0.106s] Level 1:colcon.colcon_core.package_identification:_identify(demo_control) by extensions ['colcon_meta']
[0.106s] Level 1:colcon.colcon_core.package_identification:_identify(demo_control) by extension 'colcon_meta'
[0.106s] Level 1:colcon.colcon_core.package_identification:_identify(demo_control) by extensions ['ros']
[0.106s] Level 1:colcon.colcon_core.package_identification:_identify(demo_control) by extension 'ros'
[0.108s] DEBUG:colcon.colcon_core.package_identification:Package 'demo_control' with type 'ros.ament_cmake' and name 'demo_control'
[0.108s] Level 1:colcon.colcon_core.package_identification:_identify(exo_bringup) by extensions ['ignore', 'ignore_ament_install']
[0.108s] Level 1:colcon.colcon_core.package_identification:_identify(exo_bringup) by extension 'ignore'
[0.108s] Level 1:colcon.colcon_core.package_identification:_identify(exo_bringup) by extension 'ignore_ament_install'
[0.108s] Level 1:colcon.colcon_core.package_identification:_identify(exo_bringup) by extensions ['colcon_pkg']
[0.108s] Level 1:colcon.colcon_core.package_identification:_identify(exo_bringup) by extension 'colcon_pkg'
[0.108s] Level 1:colcon.colcon_core.package_identification:_identify(exo_bringup) by extensions ['colcon_meta']
[0.109s] Level 1:colcon.colcon_core.package_identification:_identify(exo_bringup) by extension 'colcon_meta'
[0.109s] Level 1:colcon.colcon_core.package_identification:_identify(exo_bringup) by extensions ['ros']
[0.109s] Level 1:colcon.colcon_core.package_identification:_identify(exo_bringup) by extension 'ros'
[0.109s] Level 1:colcon.colcon_core.package_identification:_identify(exo_bringup) by extensions ['cmake', 'python']
[0.109s] Level 1:colcon.colcon_core.package_identification:_identify(exo_bringup) by extension 'cmake'
[0.109s] Level 1:colcon.colcon_core.package_identification:_identify(exo_bringup) by extension 'python'
[0.109s] Level 1:colcon.colcon_core.package_identification:_identify(exo_bringup) by extensions ['python_setup_py']
[0.109s] Level 1:colcon.colcon_core.package_identification:_identify(exo_bringup) by extension 'python_setup_py'
[0.109s] Level 1:colcon.colcon_core.package_identification:_identify(exo_bringup/config) by extensions ['ignore', 'ignore_ament_install']
[0.109s] Level 1:colcon.colcon_core.package_identification:_identify(exo_bringup/config) by extension 'ignore'
[0.109s] Level 1:colcon.colcon_core.package_identification:_identify(exo_bringup/config) by extension 'ignore_ament_install'
[0.109s] Level 1:colcon.colcon_core.package_identification:_identify(exo_bringup/config) by extensions ['colcon_pkg']
[0.109s] Level 1:colcon.colcon_core.package_identification:_identify(exo_bringup/config) by extension 'colcon_pkg'
[0.109s] Level 1:colcon.colcon_core.package_identification:_identify(exo_bringup/config) by extensions ['colcon_meta']
[0.109s] Level 1:colcon.colcon_core.package_identification:_identify(exo_bringup/config) by extension 'colcon_meta'
[0.109s] Level 1:colcon.colcon_core.package_identification:_identify(exo_bringup/config) by extensions ['ros']
[0.109s] Level 1:colcon.colcon_core.package_identification:_identify(exo_bringup/config) by extension 'ros'
[0.109s] Level 1:colcon.colcon_core.package_identification:_identify(exo_bringup/config) by extensions ['cmake', 'python']
[0.109s] Level 1:colcon.colcon_core.package_identification:_identify(exo_bringup/config) by extension 'cmake'
[0.109s] Level 1:colcon.colcon_core.package_identification:_identify(exo_bringup/config) by extension 'python'
[0.109s] Level 1:colcon.colcon_core.package_identification:_identify(exo_bringup/config) by extensions ['python_setup_py']
[0.109s] Level 1:colcon.colcon_core.package_identification:_identify(exo_bringup/config) by extension 'python_setup_py'
[0.109s] Level 1:colcon.colcon_core.package_identification:_identify(exo_bringup/launch) by extensions ['ignore', 'ignore_ament_install']
[0.109s] Level 1:colcon.colcon_core.package_identification:_identify(exo_bringup/launch) by extension 'ignore'
[0.109s] Level 1:colcon.colcon_core.package_identification:_identify(exo_bringup/launch) by extension 'ignore_ament_install'
[0.109s] Level 1:colcon.colcon_core.package_identification:_identify(exo_bringup/launch) by extensions ['colcon_pkg']
[0.109s] Level 1:colcon.colcon_core.package_identification:_identify(exo_bringup/launch) by extension 'colcon_pkg'
[0.109s] Level 1:colcon.colcon_core.package_identification:_identify(exo_bringup/launch) by extensions ['colcon_meta']
[0.109s] Level 1:colcon.colcon_core.package_identification:_identify(exo_bringup/launch) by extension 'colcon_meta'
[0.109s] Level 1:colcon.colcon_core.package_identification:_identify(exo_bringup/launch) by extensions ['ros']
[0.109s] Level 1:colcon.colcon_core.package_identification:_identify(exo_bringup/launch) by extension 'ros'
[0.109s] Level 1:colcon.colcon_core.package_identification:_identify(exo_bringup/launch) by extensions ['cmake', 'python']
[0.109s] Level 1:colcon.colcon_core.package_identification:_identify(exo_bringup/launch) by extension 'cmake'
[0.109s] Level 1:colcon.colcon_core.package_identification:_identify(exo_bringup/launch) by extension 'python'
[0.109s] Level 1:colcon.colcon_core.package_identification:_identify(exo_bringup/launch) by extensions ['python_setup_py']
[0.109s] Level 1:colcon.colcon_core.package_identification:_identify(exo_bringup/launch) by extension 'python_setup_py'
[0.109s] Level 1:colcon.colcon_core.package_identification:_identify(exo_description) by extensions ['ignore', 'ignore_ament_install']
[0.109s] Level 1:colcon.colcon_core.package_identification:_identify(exo_description) by extension 'ignore'
[0.110s] Level 1:colcon.colcon_core.package_identification:_identify(exo_description) by extension 'ignore_ament_install'
[0.110s] Level 1:colcon.colcon_core.package_identification:_identify(exo_description) by extensions ['colcon_pkg']
[0.110s] Level 1:colcon.colcon_core.package_identification:_identify(exo_description) by extension 'colcon_pkg'
[0.110s] Level 1:colcon.colcon_core.package_identification:_identify(exo_description) by extensions ['colcon_meta']
[0.110s] Level 1:colcon.colcon_core.package_identification:_identify(exo_description) by extension 'colcon_meta'
[0.110s] Level 1:colcon.colcon_core.package_identification:_identify(exo_description) by extensions ['ros']
[0.110s] Level 1:colcon.colcon_core.package_identification:_identify(exo_description) by extension 'ros'
[0.110s] DEBUG:colcon.colcon_core.package_identification:Package 'exo_description' with type 'ros.ament_cmake' and name 'exo_description'
[0.110s] Level 1:colcon.colcon_core.package_identification:_identify(exo_hardware) by extensions ['ignore', 'ignore_ament_install']
[0.110s] Level 1:colcon.colcon_core.package_identification:_identify(exo_hardware) by extension 'ignore'
[0.110s] Level 1:colcon.colcon_core.package_identification:_identify(exo_hardware) by extension 'ignore_ament_install'
[0.110s] Level 1:colcon.colcon_core.package_identification:_identify(exo_hardware) by extensions ['colcon_pkg']
[0.110s] Level 1:colcon.colcon_core.package_identification:_identify(exo_hardware) by extension 'colcon_pkg'
[0.110s] Level 1:colcon.colcon_core.package_identification:_identify(exo_hardware) by extensions ['colcon_meta']
[0.110s] Level 1:colcon.colcon_core.package_identification:_identify(exo_hardware) by extension 'colcon_meta'
[0.110s] Level 1:colcon.colcon_core.package_identification:_identify(exo_hardware) by extensions ['ros']
[0.110s] Level 1:colcon.colcon_core.package_identification:_identify(exo_hardware) by extension 'ros'
[0.110s] DEBUG:colcon.colcon_core.package_identification:Package 'exo_hardware' with type 'ros.ament_cmake' and name 'exo_hardware'
[0.111s] Level 1:colcon.colcon_core.package_identification:_identify(install) by extensions ['ignore', 'ignore_ament_install']
[0.111s] Level 1:colcon.colcon_core.package_identification:_identify(install) by extension 'ignore'
[0.111s] Level 1:colcon.colcon_core.package_identification:_identify(install) ignored
[0.111s] Level 1:colcon.colcon_core.package_identification:_identify(log) by extensions ['ignore', 'ignore_ament_install']
[0.111s] Level 1:colcon.colcon_core.package_identification:_identify(log) by extension 'ignore'
[0.111s] Level 1:colcon.colcon_core.package_identification:_identify(log) ignored
[0.111s] Level 1:colcon.colcon_core.package_identification:_identify(my_package) by extensions ['ignore', 'ignore_ament_install']
[0.111s] Level 1:colcon.colcon_core.package_identification:_identify(my_package) by extension 'ignore'
[0.111s] Level 1:colcon.colcon_core.package_identification:_identify(my_package) by extension 'ignore_ament_install'
[0.111s] Level 1:colcon.colcon_core.package_identification:_identify(my_package) by extensions ['colcon_pkg']
[0.111s] Level 1:colcon.colcon_core.package_identification:_identify(my_package) by extension 'colcon_pkg'
[0.111s] Level 1:colcon.colcon_core.package_identification:_identify(my_package) by extensions ['colcon_meta']
[0.111s] Level 1:colcon.colcon_core.package_identification:_identify(my_package) by extension 'colcon_meta'
[0.111s] Level 1:colcon.colcon_core.package_identification:_identify(my_package) by extensions ['ros']
[0.111s] Level 1:colcon.colcon_core.package_identification:_identify(my_package) by extension 'ros'
[0.111s] DEBUG:colcon.colcon_core.package_identification:Package 'my_package' with type 'ros.ament_python' and name 'my_package'
[0.111s] Level 1:colcon.colcon_core.package_discovery:discover_packages(recursive) using defaults
[0.111s] Level 1:colcon.colcon_core.package_discovery:discover_packages(ignore) discover
[0.111s] Level 1:colcon.colcon_core.package_discovery:discover_packages(ignore) using defaults
[0.111s] Level 1:colcon.colcon_core.package_discovery:discover_packages(path) discover
[0.111s] Level 1:colcon.colcon_core.package_discovery:discover_packages(path) using defaults
[0.123s] Level 1:colcon.colcon_core.package_discovery:discover_packages(prefix_path) check parameters
[0.123s] Level 1:colcon.colcon_core.package_discovery:discover_packages(prefix_path) discover
[0.123s] WARNING:colcon.colcon_ros.prefix_path.ament:The path '/home/farid/tesis/exo_right_arm_ws/install/exo_hardware' in the environment variable AMENT_PREFIX_PATH doesn't exist
[0.123s] WARNING:colcon.colcon_ros.prefix_path.ament:The path '/home/farid/tesis/exo_right_arm_ws/install/exo_description' in the environment variable AMENT_PREFIX_PATH doesn't exist
[0.123s] WARNING:colcon.colcon_ros.prefix_path.ament:The path '/home/farid/tesis/exo_right_arm_ws/install/demo_control' in the environment variable AMENT_PREFIX_PATH doesn't exist
[0.123s] WARNING:colcon.colcon_ros.prefix_path.catkin:The path '/home/farid/tesis/exo_right_arm_ws/install/exo_hardware' in the environment variable CMAKE_PREFIX_PATH doesn't exist
[0.124s] WARNING:colcon.colcon_ros.prefix_path.catkin:The path '/home/farid/tesis/exo_right_arm_ws/install/exo_description' in the environment variable CMAKE_PREFIX_PATH doesn't exist
[0.124s] WARNING:colcon.colcon_ros.prefix_path.catkin:The path '/home/farid/tesis/exo_right_arm_ws/install/demo_control' in the environment variable CMAKE_PREFIX_PATH doesn't exist
[0.124s] DEBUG:colcon.colcon_installed_package_information.package_discovery:Found 1 installed packages in /home/farid/tesis/exo_right_arm_ws/install
[0.125s] DEBUG:colcon.colcon_installed_package_information.package_discovery:Found 340 installed packages in /opt/ros/jazzy
[0.126s] Level 1:colcon.colcon_core.package_discovery:discover_packages(prefix_path) using defaults
[0.152s] Level 5:colcon.colcon_core.verb:set package 'demo_control' build argument 'cmake_args' from command line to 'None'
[0.152s] Level 5:colcon.colcon_core.verb:set package 'demo_control' build argument 'cmake_target' from command line to 'None'
[0.152s] Level 5:colcon.colcon_core.verb:set package 'demo_control' build argument 'cmake_target_skip_unavailable' from command line to 'False'
[0.152s] Level 5:colcon.colcon_core.verb:set package 'demo_control' build argument 'cmake_clean_cache' from command line to 'False'
[0.152s] Level 5:colcon.colcon_core.verb:set package 'demo_control' build argument 'cmake_clean_first' from command line to 'False'
[0.152s] Level 5:colcon.colcon_core.verb:set package 'demo_control' build argument 'cmake_force_configure' from command line to 'False'
[0.152s] Level 5:colcon.colcon_core.verb:set package 'demo_control' build argument 'ament_cmake_args' from command line to 'None'
[0.152s] Level 5:colcon.colcon_core.verb:set package 'demo_control' build argument 'catkin_cmake_args' from command line to 'None'
[0.152s] Level 5:colcon.colcon_core.verb:set package 'demo_control' build argument 'catkin_skip_building_tests' from command line to 'False'
[0.152s] DEBUG:colcon.colcon_core.verb:Building package 'demo_control' with the following arguments: {'ament_cmake_args': None, 'build_base': '/home/farid/tesis/exo_right_arm_ws/src/build/demo_control', 'catkin_cmake_args': None, 'catkin_skip_building_tests': False, 'cmake_args': None, 'cmake_clean_cache': False, 'cmake_clean_first': False, 'cmake_force_configure': False, 'cmake_target': None, 'cmake_target_skip_unavailable': False, 'install_base': '/home/farid/tesis/exo_right_arm_ws/src/install/demo_control', 'merge_install': False, 'path': '/home/farid/tesis/exo_right_arm_ws/src/demo_control', 'symlink_install': False, 'test_result_base': None}
[0.153s] Level 5:colcon.colcon_core.verb:set package 'exo_description' build argument 'cmake_args' from command line to 'None'
[0.153s] Level 5:colcon.colcon_core.verb:set package 'exo_description' build argument 'cmake_target' from command line to 'None'
[0.153s] Level 5:colcon.colcon_core.verb:set package 'exo_description' build argument 'cmake_target_skip_unavailable' from command line to 'False'
[0.153s] Level 5:colcon.colcon_core.verb:set package 'exo_description' build argument 'cmake_clean_cache' from command line to 'False'
[0.153s] Level 5:colcon.colcon_core.verb:set package 'exo_description' build argument 'cmake_clean_first' from command line to 'False'
[0.153s] Level 5:colcon.colcon_core.verb:set package 'exo_description' build argument 'cmake_force_configure' from command line to 'False'
[0.153s] Level 5:colcon.colcon_core.verb:set package 'exo_description' build argument 'ament_cmake_args' from command line to 'None'
[0.153s] Level 5:colcon.colcon_core.verb:set package 'exo_description' build argument 'catkin_cmake_args' from command line to 'None'
[0.153s] Level 5:colcon.colcon_core.verb:set package 'exo_description' build argument 'catkin_skip_building_tests' from command line to 'False'
[0.153s] DEBUG:colcon.colcon_core.verb:Building package 'exo_description' with the following arguments: {'ament_cmake_args': None, 'build_base': '/home/farid/tesis/exo_right_arm_ws/src/build/exo_description', 'catkin_cmake_args': None, 'catkin_skip_building_tests': False, 'cmake_args': None, 'cmake_clean_cache': False, 'cmake_clean_first': False, 'cmake_force_configure': False, 'cmake_target': None, 'cmake_target_skip_unavailable': False, 'install_base': '/home/farid/tesis/exo_right_arm_ws/src/install/exo_description', 'merge_install': False, 'path': '/home/farid/tesis/exo_right_arm_ws/src/exo_description', 'symlink_install': False, 'test_result_base': None}
[0.153s] Level 5:colcon.colcon_core.verb:set package 'exo_hardware' build argument 'cmake_args' from command line to 'None'
[0.153s] Level 5:colcon.colcon_core.verb:set package 'exo_hardware' build argument 'cmake_target' from command line to 'None'
[0.153s] Level 5:colcon.colcon_core.verb:set package 'exo_hardware' build argument 'cmake_target_skip_unavailable' from command line to 'False'
[0.153s] Level 5:colcon.colcon_core.verb:set package 'exo_hardware' build argument 'cmake_clean_cache' from command line to 'False'
[0.153s] Level 5:colcon.colcon_core.verb:set package 'exo_hardware' build argument 'cmake_clean_first' from command line to 'False'
[0.153s] Level 5:colcon.colcon_core.verb:set package 'exo_hardware' build argument 'cmake_force_configure' from command line to 'False'
[0.153s] Level 5:colcon.colcon_core.verb:set package 'exo_hardware' build argument 'ament_cmake_args' from command line to 'None'
[0.153s] Level 5:colcon.colcon_core.verb:set package 'exo_hardware' build argument 'catkin_cmake_args' from command line to 'None'
[0.153s] Level 5:colcon.colcon_core.verb:set package 'exo_hardware' build argument 'catkin_skip_building_tests' from command line to 'False'
[0.153s] DEBUG:colcon.colcon_core.verb:Building package 'exo_hardware' with the following arguments: {'ament_cmake_args': None, 'build_base': '/home/farid/tesis/exo_right_arm_ws/src/build/exo_hardware', 'catkin_cmake_args': None, 'catkin_skip_building_tests': False, 'cmake_args': None, 'cmake_clean_cache': False, 'cmake_clean_first': False, 'cmake_force_configure': False, 'cmake_target': None, 'cmake_target_skip_unavailable': False, 'install_base': '/home/farid/tesis/exo_right_arm_ws/src/install/exo_hardware', 'merge_install': False, 'path': '/home/farid/tesis/exo_right_arm_ws/src/exo_hardware', 'symlink_install': False, 'test_result_base': None}
[0.153s] Level 5:colcon.colcon_core.verb:set package 'my_package' build argument 'cmake_args' from command line to 'None'
[0.153s] Level 5:colcon.colcon_core.verb:set package 'my_package' build argument 'cmake_target' from command line to 'None'
[0.153s] Level 5:colcon.colcon_core.verb:set package 'my_package' build argument 'cmake_target_skip_unavailable' from command line to 'False'
[0.153s] Level 5:colcon.colcon_core.verb:set package 'my_package' build argument 'cmake_clean_cache' from command line to 'False'
[0.153s] Level 5:colcon.colcon_core.verb:set package 'my_package' build argument 'cmake_clean_first' from command line to 'False'
[0.153s] Level 5:colcon.colcon_core.verb:set package 'my_package' build argument 'cmake_force_configure' from command line to 'False'
[0.153s] Level 5:colcon.colcon_core.verb:set package 'my_package' build argument 'ament_cmake_args' from command line to 'None'
[0.153s] Level 5:colcon.colcon_core.verb:set package 'my_package' build argument 'catkin_cmake_args' from command line to 'None'
[0.153s] Level 5:colcon.colcon_core.verb:set package 'my_package' build argument 'catkin_skip_building_tests' from command line to 'False'
[0.153s] DEBUG:colcon.colcon_core.verb:Building package 'my_package' with the following arguments: {'ament_cmake_args': None, 'build_base': '/home/farid/tesis/exo_right_arm_ws/src/build/my_package', 'catkin_cmake_args': None, 'catkin_skip_building_tests': False, 'cmake_args': None, 'cmake_clean_cache': False, 'cmake_clean_first': False, 'cmake_force_configure': False, 'cmake_target': None, 'cmake_target_skip_unavailable': False, 'install_base': '/home/farid/tesis/exo_right_arm_ws/src/install/my_package', 'merge_install': False, 'path': '/home/farid/tesis/exo_right_arm_ws/src/my_package', 'symlink_install': False, 'test_result_base': None}
[0.153s] INFO:colcon.colcon_core.executor:Executing jobs using 'parallel' executor
[0.154s] DEBUG:colcon.colcon_parallel_executor.executor.parallel:run_until_complete
[0.154s] INFO:colcon.colcon_ros.task.ament_cmake.build:Building ROS package in '/home/farid/tesis/exo_right_arm_ws/src/demo_control' with build type 'ament_cmake'
[0.154s] INFO:colcon.colcon_cmake.task.cmake.build:Building CMake package in '/home/farid/tesis/exo_right_arm_ws/src/demo_control'
[0.155s] INFO:colcon.colcon_core.plugin_system:Skipping extension 'colcon_core.shell.bat': Not used on non-Windows systems
[0.155s] INFO:colcon.colcon_core.shell:Skip shell extension 'powershell' for command environment: Not usable outside of PowerShell
[0.155s] DEBUG:colcon.colcon_core.shell:Skip shell extension 'dsv' for command environment
[0.158s] INFO:colcon.colcon_ros.task.ament_cmake.build:Building ROS package in '/home/farid/tesis/exo_right_arm_ws/src/exo_description' with build type 'ament_cmake'
[0.158s] INFO:colcon.colcon_cmake.task.cmake.build:Building CMake package in '/home/farid/tesis/exo_right_arm_ws/src/exo_description'
[0.158s] INFO:colcon.colcon_core.shell:Skip shell extension 'powershell' for command environment: Not usable outside of PowerShell
[0.158s] DEBUG:colcon.colcon_core.shell:Skip shell extension 'dsv' for command environment
[0.160s] INFO:colcon.colcon_ros.task.ament_cmake.build:Building ROS package in '/home/farid/tesis/exo_right_arm_ws/src/exo_hardware' with build type 'ament_cmake'
[0.160s] INFO:colcon.colcon_cmake.task.cmake.build:Building CMake package in '/home/farid/tesis/exo_right_arm_ws/src/exo_hardware'
[0.160s] INFO:colcon.colcon_core.shell:Skip shell extension 'powershell' for command environment: Not usable outside of PowerShell
[0.160s] DEBUG:colcon.colcon_core.shell:Skip shell extension 'dsv' for command environment
[0.162s] INFO:colcon.colcon_ros.task.ament_python.build:Building ROS package in '/home/farid/tesis/exo_right_arm_ws/src/my_package' with build type 'ament_python'
[0.162s] Level 1:colcon.colcon_core.shell:create_environment_hook('my_package', 'ament_prefix_path')
[0.163s] INFO:colcon.colcon_core.shell:Creating environment hook '/home/farid/tesis/exo_right_arm_ws/src/install/my_package/share/my_package/hook/ament_prefix_path.ps1'
[0.163s] INFO:colcon.colcon_core.shell:Creating environment descriptor '/home/farid/tesis/exo_right_arm_ws/src/install/my_package/share/my_package/hook/ament_prefix_path.dsv'
[0.163s] INFO:colcon.colcon_core.shell:Creating environment hook '/home/farid/tesis/exo_right_arm_ws/src/install/my_package/share/my_package/hook/ament_prefix_path.sh'
[0.164s] INFO:colcon.colcon_core.shell:Skip shell extension 'powershell' for command environment: Not usable outside of PowerShell
[0.164s] DEBUG:colcon.colcon_core.shell:Skip shell extension 'dsv' for command environment
[0.168s] DEBUG:colcon.colcon_core.event_handler.log_command:Invoking command in '/home/farid/tesis/exo_right_arm_ws/src/build/demo_control': CMAKE_PREFIX_PATH=${CMAKE_PREFIX_PATH}:/home/farid/tesis/exo_right_arm_ws/install/my_package:/opt/ros/jazzy DEBUGINFOD_URLS=https://debuginfod.ubuntu.com /usr/bin/cmake /home/farid/tesis/exo_right_arm_ws/src/demo_control -DCMAKE_INSTALL_PREFIX=/home/farid/tesis/exo_right_arm_ws/src/install/demo_control
[0.169s] DEBUG:colcon.colcon_core.event_handler.log_command:Invoking command in '/home/farid/tesis/exo_right_arm_ws/src/build/exo_description': CMAKE_PREFIX_PATH=${CMAKE_PREFIX_PATH}:/home/farid/tesis/exo_right_arm_ws/install/my_package:/opt/ros/jazzy DEBUGINFOD_URLS=https://debuginfod.ubuntu.com /usr/bin/cmake /home/farid/tesis/exo_right_arm_ws/src/exo_description -DCMAKE_INSTALL_PREFIX=/home/farid/tesis/exo_right_arm_ws/src/install/exo_description
[0.170s] DEBUG:colcon.colcon_core.event_handler.log_command:Invoking command in '/home/farid/tesis/exo_right_arm_ws/src/build/exo_hardware': CMAKE_PREFIX_PATH=${CMAKE_PREFIX_PATH}:/home/farid/tesis/exo_right_arm_ws/install/my_package:/opt/ros/jazzy DEBUGINFOD_URLS=https://debuginfod.ubuntu.com /usr/bin/cmake /home/farid/tesis/exo_right_arm_ws/src/exo_hardware -DCMAKE_INSTALL_PREFIX=/home/farid/tesis/exo_right_arm_ws/src/install/exo_hardware
[0.307s] INFO:colcon.colcon_core.task.python.build:Building Python package in '/home/farid/tesis/exo_right_arm_ws/src/my_package'
[0.307s] INFO:colcon.colcon_core.shell:Skip shell extension 'powershell' for command environment: Not usable outside of PowerShell
[0.307s] DEBUG:colcon.colcon_core.shell:Skip shell extension 'dsv' for command environment
[0.657s] DEBUG:colcon.colcon_core.event_handler.log_command:Invoking command in '/home/farid/tesis/exo_right_arm_ws/src/my_package': DEBUGINFOD_URLS=https://debuginfod.ubuntu.com PYTHONPATH=/home/farid/tesis/exo_right_arm_ws/src/build/my_package/prefix_override:/usr/lib/python3/dist-packages/colcon_core/task/python/colcon_distutils_commands:/home/farid/tesis/exo_right_arm_ws/src/install/my_package/lib/python3.12/site-packages:${PYTHONPATH} /usr/bin/python3 -W ignore:setup.py install is deprecated -W ignore:easy_install command is deprecated setup.py egg_info --egg-base ../build/my_package build --build-base /home/farid/tesis/exo_right_arm_ws/src/build/my_package/build install --record /home/farid/tesis/exo_right_arm_ws/src/build/my_package/install.log --single-version-externally-managed install_data
[0.706s] DEBUG:colcon.colcon_core.event_handler.log_command:Invoked command in '/home/farid/tesis/exo_right_arm_ws/src/build/exo_description' returned '0': CMAKE_PREFIX_PATH=${CMAKE_PREFIX_PATH}:/home/farid/tesis/exo_right_arm_ws/install/my_package:/opt/ros/jazzy DEBUGINFOD_URLS=https://debuginfod.ubuntu.com /usr/bin/cmake /home/farid/tesis/exo_right_arm_ws/src/exo_description -DCMAKE_INSTALL_PREFIX=/home/farid/tesis/exo_right_arm_ws/src/install/exo_description
[0.707s] DEBUG:colcon.colcon_core.event_handler.log_command:Invoking command in '/home/farid/tesis/exo_right_arm_ws/src/build/exo_description': CMAKE_PREFIX_PATH=${CMAKE_PREFIX_PATH}:/home/farid/tesis/exo_right_arm_ws/install/my_package:/opt/ros/jazzy DEBUGINFOD_URLS=https://debuginfod.ubuntu.com /usr/bin/cmake --build /home/farid/tesis/exo_right_arm_ws/src/build/exo_description -- -j32 -l32
[0.717s] DEBUG:colcon.colcon_core.event_handler.log_command:Invoked command in '/home/farid/tesis/exo_right_arm_ws/src/build/demo_control' returned '0': CMAKE_PREFIX_PATH=${CMAKE_PREFIX_PATH}:/home/farid/tesis/exo_right_arm_ws/install/my_package:/opt/ros/jazzy DEBUGINFOD_URLS=https://debuginfod.ubuntu.com /usr/bin/cmake /home/farid/tesis/exo_right_arm_ws/src/demo_control -DCMAKE_INSTALL_PREFIX=/home/farid/tesis/exo_right_arm_ws/src/install/demo_control
[0.718s] DEBUG:colcon.colcon_core.event_handler.log_command:Invoking command in '/home/farid/tesis/exo_right_arm_ws/src/build/demo_control': CMAKE_PREFIX_PATH=${CMAKE_PREFIX_PATH}:/home/farid/tesis/exo_right_arm_ws/install/my_package:/opt/ros/jazzy DEBUGINFOD_URLS=https://debuginfod.ubuntu.com /usr/bin/cmake --build /home/farid/tesis/exo_right_arm_ws/src/build/demo_control -- -j32 -l32
[0.739s] DEBUG:colcon.colcon_core.event_handler.log_command:Invoked command in '/home/farid/tesis/exo_right_arm_ws/src/build/exo_description' returned '0': CMAKE_PREFIX_PATH=${CMAKE_PREFIX_PATH}:/home/farid/tesis/exo_right_arm_ws/install/my_package:/opt/ros/jazzy DEBUGINFOD_URLS=https://debuginfod.ubuntu.com /usr/bin/cmake --build /home/farid/tesis/exo_right_arm_ws/src/build/exo_description -- -j32 -l32
[0.746s] DEBUG:colcon.colcon_core.event_handler.log_command:Invoking command in '/home/farid/tesis/exo_right_arm_ws/src/build/exo_description': CMAKE_PREFIX_PATH=${CMAKE_PREFIX_PATH}:/home/farid/tesis/exo_right_arm_ws/install/my_package:/opt/ros/jazzy DEBUGINFOD_URLS=https://debuginfod.ubuntu.com /usr/bin/cmake --install /home/farid/tesis/exo_right_arm_ws/src/build/exo_description
[0.751s] DEBUG:colcon.colcon_core.event_handler.log_command:Invoked command in '/home/farid/tesis/exo_right_arm_ws/src/build/demo_control' returned '0': CMAKE_PREFIX_PATH=${CMAKE_PREFIX_PATH}:/home/farid/tesis/exo_right_arm_ws/install/my_package:/opt/ros/jazzy DEBUGINFOD_URLS=https://debuginfod.ubuntu.com /usr/bin/cmake --build /home/farid/tesis/exo_right_arm_ws/src/build/demo_control -- -j32 -l32
[0.752s] DEBUG:colcon.colcon_core.event_handler.log_command:Invoking command in '/home/farid/tesis/exo_right_arm_ws/src/build/demo_control': CMAKE_PREFIX_PATH=${CMAKE_PREFIX_PATH}:/home/farid/tesis/exo_right_arm_ws/install/my_package:/opt/ros/jazzy DEBUGINFOD_URLS=https://debuginfod.ubuntu.com /usr/bin/cmake --install /home/farid/tesis/exo_right_arm_ws/src/build/demo_control
[0.758s] Level 1:colcon.colcon_core.environment:create_environment_scripts_only(exo_description)
[0.758s] DEBUG:colcon.colcon_core.event_handler.log_command:Invoked command in '/home/farid/tesis/exo_right_arm_ws/src/build/exo_description' returned '0': CMAKE_PREFIX_PATH=${CMAKE_PREFIX_PATH}:/home/farid/tesis/exo_right_arm_ws/install/my_package:/opt/ros/jazzy DEBUGINFOD_URLS=https://debuginfod.ubuntu.com /usr/bin/cmake --install /home/farid/tesis/exo_right_arm_ws/src/build/exo_description
[0.760s] Level 1:colcon.colcon_core.environment:checking '/home/farid/tesis/exo_right_arm_ws/src/install/exo_description' for CMake module files
[0.761s] Level 1:colcon.colcon_core.environment:checking '/home/farid/tesis/exo_right_arm_ws/src/install/exo_description' for CMake config files
[0.761s] Level 1:colcon.colcon_core.shell:create_environment_hook('exo_description', 'cmake_prefix_path')
[0.761s] INFO:colcon.colcon_core.shell:Creating environment hook '/home/farid/tesis/exo_right_arm_ws/src/install/exo_description/share/exo_description/hook/cmake_prefix_path.ps1'
[0.761s] INFO:colcon.colcon_core.shell:Creating environment descriptor '/home/farid/tesis/exo_right_arm_ws/src/install/exo_description/share/exo_description/hook/cmake_prefix_path.dsv'
[0.761s] INFO:colcon.colcon_core.shell:Creating environment hook '/home/farid/tesis/exo_right_arm_ws/src/install/exo_description/share/exo_description/hook/cmake_prefix_path.sh'
[0.762s] Level 1:colcon.colcon_core.environment:checking '/home/farid/tesis/exo_right_arm_ws/src/install/exo_description/bin'
[0.762s] Level 1:colcon.colcon_core.environment:checking '/home/farid/tesis/exo_right_arm_ws/src/install/exo_description/lib/pkgconfig/exo_description.pc'
[0.762s] Level 1:colcon.colcon_core.environment:checking '/home/farid/tesis/exo_right_arm_ws/src/install/exo_description/lib/python3.12/site-packages'
[0.762s] Level 1:colcon.colcon_core.environment:checking '/home/farid/tesis/exo_right_arm_ws/src/install/exo_description/bin'
[0.762s] INFO:colcon.colcon_core.shell:Creating package script '/home/farid/tesis/exo_right_arm_ws/src/install/exo_description/share/exo_description/package.ps1'
[0.763s] INFO:colcon.colcon_core.shell:Creating package descriptor '/home/farid/tesis/exo_right_arm_ws/src/install/exo_description/share/exo_description/package.dsv'
[0.763s] INFO:colcon.colcon_core.shell:Creating package script '/home/farid/tesis/exo_right_arm_ws/src/install/exo_description/share/exo_description/package.sh'
[0.763s] INFO:colcon.colcon_core.shell:Creating package script '/home/farid/tesis/exo_right_arm_ws/src/install/exo_description/share/exo_description/package.bash'
[0.764s] INFO:colcon.colcon_core.shell:Creating package script '/home/farid/tesis/exo_right_arm_ws/src/install/exo_description/share/exo_description/package.zsh'
[0.764s] Level 1:colcon.colcon_core.environment:create_file_with_runtime_dependencies(/home/farid/tesis/exo_right_arm_ws/src/install/exo_description/share/colcon-core/packages/exo_description)
[0.764s] Level 1:colcon.colcon_core.environment:create_environment_scripts_only(exo_description)
[0.764s] Level 1:colcon.colcon_core.environment:checking '/home/farid/tesis/exo_right_arm_ws/src/install/exo_description' for CMake module files
[0.765s] Level 1:colcon.colcon_core.environment:checking '/home/farid/tesis/exo_right_arm_ws/src/install/exo_description' for CMake config files
[0.765s] Level 1:colcon.colcon_core.shell:create_environment_hook('exo_description', 'cmake_prefix_path')
[0.765s] INFO:colcon.colcon_core.shell:Creating environment hook '/home/farid/tesis/exo_right_arm_ws/src/install/exo_description/share/exo_description/hook/cmake_prefix_path.ps1'
[0.765s] INFO:colcon.colcon_core.shell:Creating environment descriptor '/home/farid/tesis/exo_right_arm_ws/src/install/exo_description/share/exo_description/hook/cmake_prefix_path.dsv'
[0.765s] INFO:colcon.colcon_core.shell:Creating environment hook '/home/farid/tesis/exo_right_arm_ws/src/install/exo_description/share/exo_description/hook/cmake_prefix_path.sh'
[0.765s] Level 1:colcon.colcon_core.environment:checking '/home/farid/tesis/exo_right_arm_ws/src/install/exo_description/bin'
[0.765s] Level 1:colcon.colcon_core.environment:checking '/home/farid/tesis/exo_right_arm_ws/src/install/exo_description/lib/pkgconfig/exo_description.pc'
[0.766s] Level 1:colcon.colcon_core.environment:checking '/home/farid/tesis/exo_right_arm_ws/src/install/exo_description/lib/python3.12/site-packages'
[0.766s] Level 1:colcon.colcon_core.environment:checking '/home/farid/tesis/exo_right_arm_ws/src/install/exo_description/bin'
[0.766s] INFO:colcon.colcon_core.shell:Creating package script '/home/farid/tesis/exo_right_arm_ws/src/install/exo_description/share/exo_description/package.ps1'
[0.766s] INFO:colcon.colcon_core.shell:Creating package descriptor '/home/farid/tesis/exo_right_arm_ws/src/install/exo_description/share/exo_description/package.dsv'
[0.766s] INFO:colcon.colcon_core.shell:Creating package script '/home/farid/tesis/exo_right_arm_ws/src/install/exo_description/share/exo_description/package.sh'
[0.767s] INFO:colcon.colcon_core.shell:Creating package script '/home/farid/tesis/exo_right_arm_ws/src/install/exo_description/share/exo_description/package.bash'
[0.767s] INFO:colcon.colcon_core.shell:Creating package script '/home/farid/tesis/exo_right_arm_ws/src/install/exo_description/share/exo_description/package.zsh'
[0.767s] Level 1:colcon.colcon_core.environment:create_file_with_runtime_dependencies(/home/farid/tesis/exo_right_arm_ws/src/install/exo_description/share/colcon-core/packages/exo_description)
[0.768s] Level 1:colcon.colcon_core.environment:create_environment_scripts_only(demo_control)
[0.768s] DEBUG:colcon.colcon_core.event_handler.log_command:Invoked command in '/home/farid/tesis/exo_right_arm_ws/src/build/demo_control' returned '0': CMAKE_PREFIX_PATH=${CMAKE_PREFIX_PATH}:/home/farid/tesis/exo_right_arm_ws/install/my_package:/opt/ros/jazzy DEBUGINFOD_URLS=https://debuginfod.ubuntu.com /usr/bin/cmake --install /home/farid/tesis/exo_right_arm_ws/src/build/demo_control
[0.768s] Level 1:colcon.colcon_core.environment:checking '/home/farid/tesis/exo_right_arm_ws/src/install/demo_control' for CMake module files
[0.769s] Level 1:colcon.colcon_core.environment:checking '/home/farid/tesis/exo_right_arm_ws/src/install/demo_control' for CMake config files
[0.769s] Level 1:colcon.colcon_core.shell:create_environment_hook('demo_control', 'cmake_prefix_path')
[0.769s] INFO:colcon.colcon_core.shell:Creating environment hook '/home/farid/tesis/exo_right_arm_ws/src/install/demo_control/share/demo_control/hook/cmake_prefix_path.ps1'
[0.769s] INFO:colcon.colcon_core.shell:Creating environment descriptor '/home/farid/tesis/exo_right_arm_ws/src/install/demo_control/share/demo_control/hook/cmake_prefix_path.dsv'
[0.770s] INFO:colcon.colcon_core.shell:Creating environment hook '/home/farid/tesis/exo_right_arm_ws/src/install/demo_control/share/demo_control/hook/cmake_prefix_path.sh'
[0.770s] Level 1:colcon.colcon_core.environment:checking '/home/farid/tesis/exo_right_arm_ws/src/install/demo_control/bin'
[0.770s] Level 1:colcon.colcon_core.environment:checking '/home/farid/tesis/exo_right_arm_ws/src/install/demo_control/lib/pkgconfig/demo_control.pc'
[0.770s] Level 1:colcon.colcon_core.environment:checking '/home/farid/tesis/exo_right_arm_ws/src/install/demo_control/lib/python3.12/site-packages'
[0.771s] Level 1:colcon.colcon_core.environment:checking '/home/farid/tesis/exo_right_arm_ws/src/install/demo_control/bin'
[0.771s] INFO:colcon.colcon_core.shell:Creating package script '/home/farid/tesis/exo_right_arm_ws/src/install/demo_control/share/demo_control/package.ps1'
[0.771s] INFO:colcon.colcon_core.shell:Creating package descriptor '/home/farid/tesis/exo_right_arm_ws/src/install/demo_control/share/demo_control/package.dsv'
[0.772s] INFO:colcon.colcon_core.shell:Creating package script '/home/farid/tesis/exo_right_arm_ws/src/install/demo_control/share/demo_control/package.sh'
[0.772s] INFO:colcon.colcon_core.shell:Creating package script '/home/farid/tesis/exo_right_arm_ws/src/install/demo_control/share/demo_control/package.bash'
[0.772s] INFO:colcon.colcon_core.shell:Creating package script '/home/farid/tesis/exo_right_arm_ws/src/install/demo_control/share/demo_control/package.zsh'
[0.773s] Level 1:colcon.colcon_core.environment:create_file_with_runtime_dependencies(/home/farid/tesis/exo_right_arm_ws/src/install/demo_control/share/colcon-core/packages/demo_control)
[0.773s] Level 1:colcon.colcon_core.environment:create_environment_scripts_only(demo_control)
[0.773s] Level 1:colcon.colcon_core.environment:checking '/home/farid/tesis/exo_right_arm_ws/src/install/demo_control' for CMake module files
[0.773s] Level 1:colcon.colcon_core.environment:checking '/home/farid/tesis/exo_right_arm_ws/src/install/demo_control' for CMake config files
[0.773s] Level 1:colcon.colcon_core.shell:create_environment_hook('demo_control', 'cmake_prefix_path')
[0.773s] INFO:colcon.colcon_core.shell:Creating environment hook '/home/farid/tesis/exo_right_arm_ws/src/install/demo_control/share/demo_control/hook/cmake_prefix_path.ps1'
[0.774s] INFO:colcon.colcon_core.shell:Creating environment descriptor '/home/farid/tesis/exo_right_arm_ws/src/install/demo_control/share/demo_control/hook/cmake_prefix_path.dsv'
[0.774s] INFO:colcon.colcon_core.shell:Creating environment hook '/home/farid/tesis/exo_right_arm_ws/src/install/demo_control/share/demo_control/hook/cmake_prefix_path.sh'
[0.774s] Level 1:colcon.colcon_core.environment:checking '/home/farid/tesis/exo_right_arm_ws/src/install/demo_control/bin'
[0.774s] Level 1:colcon.colcon_core.environment:checking '/home/farid/tesis/exo_right_arm_ws/src/install/demo_control/lib/pkgconfig/demo_control.pc'
[0.774s] Level 1:colcon.colcon_core.environment:checking '/home/farid/tesis/exo_right_arm_ws/src/install/demo_control/lib/python3.12/site-packages'
[0.774s] Level 1:colcon.colcon_core.environment:checking '/home/farid/tesis/exo_right_arm_ws/src/install/demo_control/bin'
[0.775s] INFO:colcon.colcon_core.shell:Creating package script '/home/farid/tesis/exo_right_arm_ws/src/install/demo_control/share/demo_control/package.ps1'
[0.775s] INFO:colcon.colcon_core.shell:Creating package descriptor '/home/farid/tesis/exo_right_arm_ws/src/install/demo_control/share/demo_control/package.dsv'
[0.775s] INFO:colcon.colcon_core.shell:Creating package script '/home/farid/tesis/exo_right_arm_ws/src/install/demo_control/share/demo_control/package.sh'
[0.775s] INFO:colcon.colcon_core.shell:Creating package script '/home/farid/tesis/exo_right_arm_ws/src/install/demo_control/share/demo_control/package.bash'
[0.775s] INFO:colcon.colcon_core.shell:Creating package script '/home/farid/tesis/exo_right_arm_ws/src/install/demo_control/share/demo_control/package.zsh'
[0.776s] Level 1:colcon.colcon_core.environment:create_file_with_runtime_dependencies(/home/farid/tesis/exo_right_arm_ws/src/install/demo_control/share/colcon-core/packages/demo_control)
[0.978s] Level 1:colcon.colcon_core.environment:checking '/home/farid/tesis/exo_right_arm_ws/src/install/my_package' for CMake module files
[0.978s] DEBUG:colcon.colcon_core.event_handler.log_command:Invoked command in '/home/farid/tesis/exo_right_arm_ws/src/my_package' returned '0': DEBUGINFOD_URLS=https://debuginfod.ubuntu.com PYTHONPATH=/home/farid/tesis/exo_right_arm_ws/src/build/my_package/prefix_override:/usr/lib/python3/dist-packages/colcon_core/task/python/colcon_distutils_commands:/home/farid/tesis/exo_right_arm_ws/src/install/my_package/lib/python3.12/site-packages:${PYTHONPATH} /usr/bin/python3 -W ignore:setup.py install is deprecated -W ignore:easy_install command is deprecated setup.py egg_info --egg-base ../build/my_package build --build-base /home/farid/tesis/exo_right_arm_ws/src/build/my_package/build install --record /home/farid/tesis/exo_right_arm_ws/src/build/my_package/install.log --single-version-externally-managed install_data
[0.979s] Level 1:colcon.colcon_core.environment:checking '/home/farid/tesis/exo_right_arm_ws/src/install/my_package' for CMake config files
[0.979s] Level 1:colcon.colcon_core.environment:checking '/home/farid/tesis/exo_right_arm_ws/src/install/my_package/lib'
[0.979s] Level 1:colcon.colcon_core.environment:checking '/home/farid/tesis/exo_right_arm_ws/src/install/my_package/bin'
[0.979s] Level 1:colcon.colcon_core.environment:checking '/home/farid/tesis/exo_right_arm_ws/src/install/my_package/lib/pkgconfig/my_package.pc'
[0.980s] Level 1:colcon.colcon_core.environment:checking '/home/farid/tesis/exo_right_arm_ws/src/install/my_package/lib/python3.12/site-packages'
[0.980s] Level 1:colcon.colcon_core.shell:create_environment_hook('my_package', 'pythonpath')
[0.980s] INFO:colcon.colcon_core.shell:Creating environment hook '/home/farid/tesis/exo_right_arm_ws/src/install/my_package/share/my_package/hook/pythonpath.ps1'
[0.980s] INFO:colcon.colcon_core.shell:Creating environment descriptor '/home/farid/tesis/exo_right_arm_ws/src/install/my_package/share/my_package/hook/pythonpath.dsv'
[0.981s] INFO:colcon.colcon_core.shell:Creating environment hook '/home/farid/tesis/exo_right_arm_ws/src/install/my_package/share/my_package/hook/pythonpath.sh'
[0.981s] Level 1:colcon.colcon_core.environment:checking '/home/farid/tesis/exo_right_arm_ws/src/install/my_package/bin'
[0.981s] Level 1:colcon.colcon_core.environment:create_environment_scripts_only(my_package)
[0.982s] INFO:colcon.colcon_core.shell:Creating package script '/home/farid/tesis/exo_right_arm_ws/src/install/my_package/share/my_package/package.ps1'
[0.982s] INFO:colcon.colcon_core.shell:Creating package descriptor '/home/farid/tesis/exo_right_arm_ws/src/install/my_package/share/my_package/package.dsv'
[0.982s] INFO:colcon.colcon_core.shell:Creating package script '/home/farid/tesis/exo_right_arm_ws/src/install/my_package/share/my_package/package.sh'
[0.983s] INFO:colcon.colcon_core.shell:Creating package script '/home/farid/tesis/exo_right_arm_ws/src/install/my_package/share/my_package/package.bash'
[0.983s] INFO:colcon.colcon_core.shell:Creating package script '/home/farid/tesis/exo_right_arm_ws/src/install/my_package/share/my_package/package.zsh'
[0.983s] Level 1:colcon.colcon_core.environment:create_file_with_runtime_dependencies(/home/farid/tesis/exo_right_arm_ws/src/install/my_package/share/colcon-core/packages/my_package)
[1.278s] DEBUG:colcon.colcon_core.event_handler.log_command:Invoked command in '/home/farid/tesis/exo_right_arm_ws/src/build/exo_hardware' returned '0': CMAKE_PREFIX_PATH=${CMAKE_PREFIX_PATH}:/home/farid/tesis/exo_right_arm_ws/install/my_package:/opt/ros/jazzy DEBUGINFOD_URLS=https://debuginfod.ubuntu.com /usr/bin/cmake /home/farid/tesis/exo_right_arm_ws/src/exo_hardware -DCMAKE_INSTALL_PREFIX=/home/farid/tesis/exo_right_arm_ws/src/install/exo_hardware
[1.278s] DEBUG:colcon.colcon_core.event_handler.log_command:Invoking command in '/home/farid/tesis/exo_right_arm_ws/src/build/exo_hardware': CMAKE_PREFIX_PATH=${CMAKE_PREFIX_PATH}:/home/farid/tesis/exo_right_arm_ws/install/my_package:/opt/ros/jazzy DEBUGINFOD_URLS=https://debuginfod.ubuntu.com /usr/bin/cmake --build /home/farid/tesis/exo_right_arm_ws/src/build/exo_hardware -- -j32 -l32
[3.906s] DEBUG:colcon.colcon_core.event_handler.log_command:Invoked command in '/home/farid/tesis/exo_right_arm_ws/src/build/exo_hardware' returned '0': CMAKE_PREFIX_PATH=${CMAKE_PREFIX_PATH}:/home/farid/tesis/exo_right_arm_ws/install/my_package:/opt/ros/jazzy DEBUGINFOD_URLS=https://debuginfod.ubuntu.com /usr/bin/cmake --build /home/farid/tesis/exo_right_arm_ws/src/build/exo_hardware -- -j32 -l32
[3.907s] DEBUG:colcon.colcon_core.event_handler.log_command:Invoking command in '/home/farid/tesis/exo_right_arm_ws/src/build/exo_hardware': CMAKE_PREFIX_PATH=${CMAKE_PREFIX_PATH}:/home/farid/tesis/exo_right_arm_ws/install/my_package:/opt/ros/jazzy DEBUGINFOD_URLS=https://debuginfod.ubuntu.com /usr/bin/cmake --install /home/farid/tesis/exo_right_arm_ws/src/build/exo_hardware
[3.919s] Level 1:colcon.colcon_core.environment:create_environment_scripts_only(exo_hardware)
[3.919s] Level 1:colcon.colcon_core.environment:checking '/home/farid/tesis/exo_right_arm_ws/src/install/exo_hardware' for CMake module files
[3.919s] DEBUG:colcon.colcon_core.event_handler.log_command:Invoked command in '/home/farid/tesis/exo_right_arm_ws/src/build/exo_hardware' returned '0': CMAKE_PREFIX_PATH=${CMAKE_PREFIX_PATH}:/home/farid/tesis/exo_right_arm_ws/install/my_package:/opt/ros/jazzy DEBUGINFOD_URLS=https://debuginfod.ubuntu.com /usr/bin/cmake --install /home/farid/tesis/exo_right_arm_ws/src/build/exo_hardware
[3.920s] Level 1:colcon.colcon_core.environment:checking '/home/farid/tesis/exo_right_arm_ws/src/install/exo_hardware' for CMake config files
[3.920s] Level 1:colcon.colcon_core.shell:create_environment_hook('exo_hardware', 'cmake_prefix_path')
[3.920s] INFO:colcon.colcon_core.shell:Creating environment hook '/home/farid/tesis/exo_right_arm_ws/src/install/exo_hardware/share/exo_hardware/hook/cmake_prefix_path.ps1'
[3.921s] INFO:colcon.colcon_core.shell:Creating environment descriptor '/home/farid/tesis/exo_right_arm_ws/src/install/exo_hardware/share/exo_hardware/hook/cmake_prefix_path.dsv'
[3.921s] INFO:colcon.colcon_core.shell:Creating environment hook '/home/farid/tesis/exo_right_arm_ws/src/install/exo_hardware/share/exo_hardware/hook/cmake_prefix_path.sh'
[3.921s] Level 1:colcon.colcon_core.environment:checking '/home/farid/tesis/exo_right_arm_ws/src/install/exo_hardware/lib'
[3.922s] Level 1:colcon.colcon_core.shell:create_environment_hook('exo_hardware', 'ld_library_path_lib')
[3.922s] INFO:colcon.colcon_core.shell:Creating environment hook '/home/farid/tesis/exo_right_arm_ws/src/install/exo_hardware/share/exo_hardware/hook/ld_library_path_lib.ps1'
[3.922s] INFO:colcon.colcon_core.shell:Creating environment descriptor '/home/farid/tesis/exo_right_arm_ws/src/install/exo_hardware/share/exo_hardware/hook/ld_library_path_lib.dsv'
[3.922s] INFO:colcon.colcon_core.shell:Creating environment hook '/home/farid/tesis/exo_right_arm_ws/src/install/exo_hardware/share/exo_hardware/hook/ld_library_path_lib.sh'
[3.923s] Level 1:colcon.colcon_core.environment:checking '/home/farid/tesis/exo_right_arm_ws/src/install/exo_hardware/bin'
[3.923s] Level 1:colcon.colcon_core.environment:checking '/home/farid/tesis/exo_right_arm_ws/src/install/exo_hardware/lib/pkgconfig/exo_hardware.pc'
[3.923s] Level 1:colcon.colcon_core.environment:checking '/home/farid/tesis/exo_right_arm_ws/src/install/exo_hardware/lib/python3.12/site-packages'
[3.923s] Level 1:colcon.colcon_core.environment:checking '/home/farid/tesis/exo_right_arm_ws/src/install/exo_hardware/bin'
[3.924s] INFO:colcon.colcon_core.shell:Creating package script '/home/farid/tesis/exo_right_arm_ws/src/install/exo_hardware/share/exo_hardware/package.ps1'
[3.924s] INFO:colcon.colcon_core.shell:Creating package descriptor '/home/farid/tesis/exo_right_arm_ws/src/install/exo_hardware/share/exo_hardware/package.dsv'
[3.924s] INFO:colcon.colcon_core.shell:Creating package script '/home/farid/tesis/exo_right_arm_ws/src/install/exo_hardware/share/exo_hardware/package.sh'
[3.925s] INFO:colcon.colcon_core.shell:Creating package script '/home/farid/tesis/exo_right_arm_ws/src/install/exo_hardware/share/exo_hardware/package.bash'
[3.925s] INFO:colcon.colcon_core.shell:Creating package script '/home/farid/tesis/exo_right_arm_ws/src/install/exo_hardware/share/exo_hardware/package.zsh'
[3.925s] Level 1:colcon.colcon_core.environment:create_file_with_runtime_dependencies(/home/farid/tesis/exo_right_arm_ws/src/install/exo_hardware/share/colcon-core/packages/exo_hardware)
[3.926s] Level 1:colcon.colcon_core.environment:create_environment_scripts_only(exo_hardware)
[3.926s] Level 1:colcon.colcon_core.environment:checking '/home/farid/tesis/exo_right_arm_ws/src/install/exo_hardware' for CMake module files
[3.926s] Level 1:colcon.colcon_core.environment:checking '/home/farid/tesis/exo_right_arm_ws/src/install/exo_hardware' for CMake config files
[3.927s] Level 1:colcon.colcon_core.shell:create_environment_hook('exo_hardware', 'cmake_prefix_path')
[3.927s] INFO:colcon.colcon_core.shell:Creating environment hook '/home/farid/tesis/exo_right_arm_ws/src/install/exo_hardware/share/exo_hardware/hook/cmake_prefix_path.ps1'
[3.927s] INFO:colcon.colcon_core.shell:Creating environment descriptor '/home/farid/tesis/exo_right_arm_ws/src/install/exo_hardware/share/exo_hardware/hook/cmake_prefix_path.dsv'
[3.927s] INFO:colcon.colcon_core.shell:Creating environment hook '/home/farid/tesis/exo_right_arm_ws/src/install/exo_hardware/share/exo_hardware/hook/cmake_prefix_path.sh'
[3.928s] Level 1:colcon.colcon_core.environment:checking '/home/farid/tesis/exo_right_arm_ws/src/install/exo_hardware/lib'
[3.928s] Level 1:colcon.colcon_core.shell:create_environment_hook('exo_hardware', 'ld_library_path_lib')
[3.928s] INFO:colcon.colcon_core.shell:Creating environment hook '/home/farid/tesis/exo_right_arm_ws/src/install/exo_hardware/share/exo_hardware/hook/ld_library_path_lib.ps1'
[3.928s] INFO:colcon.colcon_core.shell:Creating environment descriptor '/home/farid/tesis/exo_right_arm_ws/src/install/exo_hardware/share/exo_hardware/hook/ld_library_path_lib.dsv'
[3.929s] INFO:colcon.colcon_core.shell:Creating environment hook '/home/farid/tesis/exo_right_arm_ws/src/install/exo_hardware/share/exo_hardware/hook/ld_library_path_lib.sh'
[3.929s] Level 1:colcon.colcon_core.environment:checking '/home/farid/tesis/exo_right_arm_ws/src/install/exo_hardware/bin'
[3.929s] Level 1:colcon.colcon_core.environment:checking '/home/farid/tesis/exo_right_arm_ws/src/install/exo_hardware/lib/pkgconfig/exo_hardware.pc'
[3.929s] Level 1:colcon.colcon_core.environment:checking '/home/farid/tesis/exo_right_arm_ws/src/install/exo_hardware/lib/python3.12/site-packages'
[3.929s] Level 1:colcon.colcon_core.environment:checking '/home/farid/tesis/exo_right_arm_ws/src/install/exo_hardware/bin'
[3.930s] INFO:colcon.colcon_core.shell:Creating package script '/home/farid/tesis/exo_right_arm_ws/src/install/exo_hardware/share/exo_hardware/package.ps1'
[3.930s] INFO:colcon.colcon_core.shell:Creating package descriptor '/home/farid/tesis/exo_right_arm_ws/src/install/exo_hardware/share/exo_hardware/package.dsv'
[3.930s] INFO:colcon.colcon_core.shell:Creating package script '/home/farid/tesis/exo_right_arm_ws/src/install/exo_hardware/share/exo_hardware/package.sh'
[3.930s] INFO:colcon.colcon_core.shell:Creating package script '/home/farid/tesis/exo_right_arm_ws/src/install/exo_hardware/share/exo_hardware/package.bash'
[3.931s] INFO:colcon.colcon_core.shell:Creating package script '/home/farid/tesis/exo_right_arm_ws/src/install/exo_hardware/share/exo_hardware/package.zsh'
[3.931s] Level 1:colcon.colcon_core.environment:create_file_with_runtime_dependencies(/home/farid/tesis/exo_right_arm_ws/src/install/exo_hardware/share/colcon-core/packages/exo_hardware)
[3.931s] DEBUG:colcon.colcon_parallel_executor.executor.parallel:closing loop
[3.931s] DEBUG:colcon.colcon_parallel_executor.executor.parallel:loop closed
[3.931s] DEBUG:colcon.colcon_parallel_executor.executor.parallel:run_until_complete finished with '0'
[3.931s] DEBUG:colcon.colcon_core.event_reactor:joining thread
[3.935s] INFO:colcon.colcon_core.plugin_system:Skipping extension 'colcon_notification.desktop_notification.terminal_notifier': Not used on non-Darwin systems
[3.935s] INFO:colcon.colcon_core.plugin_system:Skipping extension 'colcon_notification.desktop_notification.win32': Not used on non-Windows systems
[3.935s] INFO:colcon.colcon_notification.desktop_notification:Sending desktop notification using 'notify2'
[3.946s] DEBUG:colcon.colcon_core.event_reactor:joined thread
[3.946s] INFO:colcon.colcon_core.shell:Creating prefix script '/home/farid/tesis/exo_right_arm_ws/src/install/local_setup.ps1'
[3.946s] INFO:colcon.colcon_core.shell:Creating prefix util module '/home/farid/tesis/exo_right_arm_ws/src/install/_local_setup_util_ps1.py'
[3.947s] INFO:colcon.colcon_core.shell:Creating prefix chain script '/home/farid/tesis/exo_right_arm_ws/src/install/setup.ps1'
[3.948s] INFO:colcon.colcon_core.shell:Creating prefix script '/home/farid/tesis/exo_right_arm_ws/src/install/local_setup.sh'
[3.948s] INFO:colcon.colcon_core.shell:Creating prefix util module '/home/farid/tesis/exo_right_arm_ws/src/install/_local_setup_util_sh.py'
[3.948s] INFO:colcon.colcon_core.shell:Creating prefix chain script '/home/farid/tesis/exo_right_arm_ws/src/install/setup.sh'
[3.949s] INFO:colcon.colcon_core.shell:Creating prefix script '/home/farid/tesis/exo_right_arm_ws/src/install/local_setup.bash'
[3.949s] INFO:colcon.colcon_core.shell:Creating prefix chain script '/home/farid/tesis/exo_right_arm_ws/src/install/setup.bash'
[3.950s] INFO:colcon.colcon_core.shell:Creating prefix script '/home/farid/tesis/exo_right_arm_ws/src/install/local_setup.zsh'
[3.950s] INFO:colcon.colcon_core.shell:Creating prefix chain script '/home/farid/tesis/exo_right_arm_ws/src/install/setup.zsh'
