-- Found ament_cmake: 2.5.5 (/opt/ros/jazzy/share/ament_cmake/cmake)
-- Found Python3: /usr/bin/python3 (found version "3.12.3") found components: Interpreter 
-- Override CMake install command with custom implementation using symlinks instead of copying resources
-- Found controller_interface: 4.42.2 (/opt/ros/jazzy/share/controller_interface/cmake)
-- Found rosidl_generator_c: 4.6.7 (/opt/ros/jazzy/share/rosidl_generator_c/cmake)
-- Found rosidl_generator_cpp: 4.6.7 (/opt/ros/jazzy/share/rosidl_generator_cpp/cmake)
-- Using all available rosidl_typesupport_c: rosidl_typesupport_fastrtps_c;rosidl_typesupport_introspection_c
-- Using all available rosidl_typesupport_cpp: rosidl_typesupport_fastrtps_cpp;rosidl_typesupport_introspection_cpp
-- Found TinyXML2 via Config file: /usr/lib/x86_64-linux-gnu/cmake/tinyxml2
-- Found rmw_implementation_cmake: 7.3.3 (/opt/ros/jazzy/share/rmw_implementation_cmake/cmake)
-- Found rmw_fastrtps_cpp: 8.4.3 (/opt/ros/jazzy/share/rmw_fastrtps_cpp/cmake)
-- Found TinyXML2 via Config file: /usr/lib/x86_64-linux-gnu/cmake/tinyxml2
-- Found TinyXML2 via Config file: /usr/lib/x86_64-linux-gnu/cmake/tinyxml2
-- Found TinyXML2 via Config file: /usr/lib/x86_64-linux-gnu/cmake/tinyxml2
-- Found TinyXML2 via Config file: /usr/lib/x86_64-linux-gnu/cmake/tinyxml2
-- Using RMW implementation 'rmw_fastrtps_cpp' as default
-- pinocchio_default FOUND. pinocchio_default at /tmp/pinocchio_ros/opt/ros/jazzy/lib/x86_64-linux-gnu/libpinocchio_default.so
-- pinocchio_parsers FOUND. pinocchio_parsers at /tmp/pinocchio_ros/opt/ros/jazzy/lib/x86_64-linux-gnu/libpinocchio_parsers.so
-- boost_filesystem FOUND. boost_filesystem at /lib/x86_64-linux-gnu/libboost_filesystem.so
-- Found Boost: /usr/include (found version "1.83.0") found components: filesystem serialization system 
-- eigenpy FOUND. eigenpy at /opt/ros/jazzy/lib/x86_64-linux-gnu/libeigenpy.so
-- Checking for NumPy
--   NUMPY_INCLUDE_DIRS=/usr/lib/python3/dist-packages/numpy/core/include
--   NUMPY_VERSION=1.26.4
-- Found Python3: /usr/bin/python3 (found version "3.12.3") found components: Interpreter Development.Module NumPy 
-- PythonLibraryDirs: 
-- PythonLibVersionString: 3.12.3
-- Python site lib: lib/python3.12/site-packages
-- Python include dirs: /usr/include/python3.12
-- Checking for NumPy
--   NUMPY_INCLUDE_DIRS=/usr/lib/python3/dist-packages/numpy/core/include
--   NUMPY_VERSION=1.26.4
-- NumPy include dir: /usr/lib/python3/dist-packages/numpy/core/include
-- Found Boost: /usr/include (found version "1.83.0") found components: python312 
-- Default C++ standard: 201703
-- C++ standard sufficient: Minimal required 14, currently defined: 17
-- CMAKE_CXX_STANDARD was not set: automatically set to currently defined standard 17
-- hpp-fcl FOUND. hpp-fcl at /opt/ros/jazzy/lib/x86_64-linux-gnu/libhpp-fcl.so
-- Found Boost: /usr/include (found version "1.83.0") found components: chrono serialization filesystem 
-- C++ standard sufficient: Minimal required 14, currently defined: 17
-- C++ standard sufficient: Minimal required 14, currently defined: 17
-- gravity_compensation_controller: RBDL not found; only Pinocchio backend available
-- Configuring done (1.5s)
-- Generating done (0.0s)
-- Build files have been written to: /home/farid/tesis/exo_right_arm_ws/build/gravity_compensation_controller
[ 33%] Building CXX object CMakeFiles/gravity_compensation_controller.dir/src/dynamics_backend.cpp.o
[ 66%] Building CXX object CMakeFiles/gravity_compensation_controller.dir/src/gravity_compensation_controller.cpp.o
[100%] Linking CXX shared library libgravity_compensation_controller.so
[100%] Built target gravity_compensation_controller
-- Install configuration: ""
-- Execute custom install script
-- Symlinking: /home/farid/tesis/exo_right_arm_ws/install/gravity_compensation_controller/share/gravity_compensation_controller//gravity_compensation_controller_plugin.xml
-- Symlinking: /home/farid/tesis/exo_right_arm_ws/install/gravity_compensation_controller/include/gravity_compensation_controller/dynamics_backend.hpp
-- Symlinking: /home/farid/tesis/exo_right_arm_ws/install/gravity_compensation_controller/include/gravity_compensation_controller/gravity_compensation_controller.hpp
-- Up-to-date symlink: /home/farid/tesis/exo_right_arm_ws/install/gravity_compensation_controller/share/gravity_compensation_controller/gravity_compensation_controller_plugin.xml
-- Symlinking: /home/farid/tesis/exo_right_arm_ws/install/gravity_compensation_controller/share/ament_index/resource_index/package_run_dependencies/gravity_compensation_controller
-- Symlinking: /home/farid/tesis/exo_right_arm_ws/install/gravity_compensation_controller/share/ament_index/resource_index/parent_prefix_path/gravity_compensation_controller
-- Symlinking: /home/farid/tesis/exo_right_arm_ws/install/gravity_compensation_controller/share/gravity_compensation_controller/environment/ament_prefix_path.sh
-- Symlinking: /home/farid/tesis/exo_right_arm_ws/install/gravity_compensation_controller/share/gravity_compensation_controller/environment/ament_prefix_path.dsv
-- Symlinking: /home/farid/tesis/exo_right_arm_ws/install/gravity_compensation_controller/share/gravity_compensation_controller/environment/path.sh
-- Symlinking: /home/farid/tesis/exo_right_arm_ws/install/gravity_compensation_controller/share/gravity_compensation_controller/environment/path.dsv
-- Symlinking: /home/farid/tesis/exo_right_arm_ws/install/gravity_compensation_controller/share/gravity_compensation_controller/local_setup.bash
-- Symlinking: /home/farid/tesis/exo_right_arm_ws/install/gravity_compensation_controller/share/gravity_compensation_controller/local_setup.sh
-- Symlinking: /home/farid/tesis/exo_right_arm_ws/install/gravity_compensation_controller/share/gravity_compensation_controller/local_setup.zsh
-- Symlinking: /home/farid/tesis/exo_right_arm_ws/install/gravity_compensation_controller/share/gravity_compensation_controller/local_setup.dsv
-- Symlinking: /home/farid/tesis/exo_right_arm_ws/install/gravity_compensation_controller/share/gravity_compensation_controller/package.dsv
-- Symlinking: /home/farid/tesis/exo_right_arm_ws/install/gravity_compensation_controller/share/ament_index/resource_index/packages/gravity_compensation_controller
-- Symlinking: /home/farid/tesis/exo_right_arm_ws/install/gravity_compensation_controller/share/ament_index/resource_index/controller_interface__pluginlib__plugin/gravity_compensation_controller
-- Symlinking: /home/farid/tesis/exo_right_arm_ws/install/gravity_compensation_controller/share/gravity_compensation_controller/cmake/gravity_compensation_controllerConfig.cmake
-- Symlinking: /home/farid/tesis/exo_right_arm_ws/install/gravity_compensation_controller/share/gravity_compensation_controller/cmake/gravity_compensation_controllerConfig-version.cmake
-- Symlinking: /home/farid/tesis/exo_right_arm_ws/install/gravity_compensation_controller/share/gravity_compensation_controller/package.xml
-- Installing: /home/farid/tesis/exo_right_arm_ws/install/gravity_compensation_controller/lib/libgravity_compensation_controller.so
-- Set non-toolchain portion of runtime path of "/home/farid/tesis/exo_right_arm_ws/install/gravity_compensation_controller/lib/libgravity_compensation_controller.so" to ""
