[01m[K/home/farid/tesis/exo_right_arm_ws/src/gravity_compensation_controller/src/gravity_compensation_controller.cpp:[m[K In member function ‘[01m[Kvirtual controller_interface::CallbackReturn gravity_compensation_controller::GravityCompensationController::[01;32m[Kon_activate[m[K(const rclcpp_lifecycle::State&)[m[K’:
[01m[K/home/farid/tesis/exo_right_arm_ws/src/gravity_compensation_controller/src/gravity_compensation_controller.cpp:34:8:[m[K [01;31m[Kerror: [m[K‘[01m[Kinit_interfaces[m[K’ was not declared in this scope; did you mean ‘[01m[Krcl_interfaces[m[K’?
   34 |   if (![01;31m[Kinit_interfaces[m[K())
      |        [01;31m[K^~~~~~~~~~~~~~~[m[K
      |        [32m[Krcl_interfaces[m[K
[01m[K/home/farid/tesis/exo_right_arm_ws/src/gravity_compensation_controller/src/gravity_compensation_controller.cpp:[m[K At global scope:
[01m[K/home/farid/tesis/exo_right_arm_ws/src/gravity_compensation_controller/src/gravity_compensation_controller.cpp:88:6:[m[K [01;31m[Kerror: [m[Kno declaration matches ‘[01m[Kbool gravity_compensation_controller::GravityCompensationController::[01;32m[Kinit_interfaces[m[K()[m[K’
   88 | bool [01;31m[KGravityCompensationController[m[K::init_interfaces()
      |      [01;31m[K^~~~~~~~~~~~~~~~~~~~~~~~~~~~~[m[K
[01m[K/home/farid/tesis/exo_right_arm_ws/src/gravity_compensation_controller/src/gravity_compensation_controller.cpp:88:6:[m[K [01;36m[Knote: [m[Kno functions named ‘[01m[Kbool gravity_compensation_controller::GravityCompensationController::[01;32m[Kinit_interfaces[m[K()[m[K’
In file included from [01m[K/home/farid/tesis/exo_right_arm_ws/src/gravity_compensation_controller/src/gravity_compensation_controller.cpp:1[m[K:
[01m[K/home/farid/tesis/exo_right_arm_ws/src/gravity_compensation_controller/include/gravity_compensation_controller/gravity_compensation_controller.hpp:13:7:[m[K [01;36m[Knote: [m[K‘[01m[Kclass gravity_compensation_controller::GravityCompensationController[m[K’ defined here
   13 | class [01;36m[KGravityCompensationController[m[K : public controller_interface::ControllerInterface
      |       [01;36m[K^~~~~~~~~~~~~~~~~~~~~~~~~~~~~[m[K
[01m[K/home/farid/tesis/exo_right_arm_ws/src/gravity_compensation_controller/src/gravity_compensation_controller.cpp:[m[K In member function ‘[01m[Kvirtual controller_interface::return_type gravity_compensation_controller::GravityCompensationController::[01;32m[Kupdate[m[K(const rclcpp::Time&, const rclcpp::Duration&)[m[K’:
[01m[K/home/farid/tesis/exo_right_arm_ws/src/gravity_compensation_controller/src/gravity_compensation_controller.cpp:175:12:[m[K [01;35m[Kwarning: [m[Kunused variable ‘[01m[Kdq[m[K’ [[01;35m[K]8;;https://gcc.gnu.org/onlinedocs/gcc/Warning-Options.html#index-Wunused-variable-Wunused-variable]8;;[m[K]
  175 |     double [01;35m[Kdq[m[K = *dq_opt;
      |            [01;35m[K^~[m[K
gmake[2]: *** [CMakeFiles/gravity_compensation_controller.dir/build.make:76: CMakeFiles/gravity_compensation_controller.dir/src/gravity_compensation_controller.cpp.o] Error 1
gmake[1]: *** [CMakeFiles/Makefile2:137: CMakeFiles/gravity_compensation_controller.dir/all] Error 2
gmake: *** [Makefile:146: all] Error 2
