[0.154s] Invoking command in '/home/farid/tesis/exo_right_arm_ws/build/gravity_compensation_controller': CMAKE_PREFIX_PATH=${CMAKE_PREFIX_PATH}:/home/farid/tesis/exo_right_arm_ws/install/exo_bringup:/opt/ros/jazzy DEBUGINFOD_URLS=https://debuginfod.ubuntu.com /usr/bin/cmake --build /home/farid/tesis/exo_right_arm_ws/build/gravity_compensation_controller -- -j32 -l32
[0.205s] [ 50%] [32mBuilding CXX object CMakeFiles/gravity_compensation_controller.dir/src/gravity_compensation_controller.cpp.o[0m
[1.782s] [01m[K/home/farid/tesis/exo_right_arm_ws/src/gravity_compensation_controller/src/gravity_compensation_controller.cpp:[m[K In member function ‘[01m[Kvirtual controller_interface::CallbackReturn gravity_compensation_controller::GravityCompensationController::[01;32m[Kon_activate[m[K(const rclcpp_lifecycle::State&)[m[K’:
[1.783s] [01m[K/home/farid/tesis/exo_right_arm_ws/src/gravity_compensation_controller/src/gravity_compensation_controller.cpp:34:8:[m[K [01;31m[Kerror: [m[K‘[01m[Kinit_interfaces[m[K’ was not declared in this scope; did you mean ‘[01m[Krcl_interfaces[m[K’?
[1.783s]    34 |   if (![01;31m[Kinit_interfaces[m[K())
[1.783s]       |        [01;31m[K^~~~~~~~~~~~~~~[m[K
[1.783s]       |        [32m[Krcl_interfaces[m[K
[1.784s] [01m[K/home/farid/tesis/exo_right_arm_ws/src/gravity_compensation_controller/src/gravity_compensation_controller.cpp:[m[K At global scope:
[1.784s] [01m[K/home/farid/tesis/exo_right_arm_ws/src/gravity_compensation_controller/src/gravity_compensation_controller.cpp:88:6:[m[K [01;31m[Kerror: [m[Kno declaration matches ‘[01m[Kbool gravity_compensation_controller::GravityCompensationController::[01;32m[Kinit_interfaces[m[K()[m[K’
[1.784s]    88 | bool [01;31m[KGravityCompensationController[m[K::init_interfaces()
[1.784s]       |      [01;31m[K^~~~~~~~~~~~~~~~~~~~~~~~~~~~~[m[K
[1.784s] [01m[K/home/farid/tesis/exo_right_arm_ws/src/gravity_compensation_controller/src/gravity_compensation_controller.cpp:88:6:[m[K [01;36m[Knote: [m[Kno functions named ‘[01m[Kbool gravity_compensation_controller::GravityCompensationController::[01;32m[Kinit_interfaces[m[K()[m[K’
[1.784s] In file included from [01m[K/home/farid/tesis/exo_right_arm_ws/src/gravity_compensation_controller/src/gravity_compensation_controller.cpp:1[m[K:
[1.784s] [01m[K/home/farid/tesis/exo_right_arm_ws/src/gravity_compensation_controller/include/gravity_compensation_controller/gravity_compensation_controller.hpp:13:7:[m[K [01;36m[Knote: [m[K‘[01m[Kclass gravity_compensation_controller::GravityCompensationController[m[K’ defined here
[1.784s]    13 | class [01;36m[KGravityCompensationController[m[K : public controller_interface::ControllerInterface
[1.785s]       |       [01;36m[K^~~~~~~~~~~~~~~~~~~~~~~~~~~~~[m[K
[1.785s] [01m[K/home/farid/tesis/exo_right_arm_ws/src/gravity_compensation_controller/src/gravity_compensation_controller.cpp:[m[K In member function ‘[01m[Kvirtual controller_interface::return_type gravity_compensation_controller::GravityCompensationController::[01;32m[Kupdate[m[K(const rclcpp::Time&, const rclcpp::Duration&)[m[K’:
[1.785s] [01m[K/home/farid/tesis/exo_right_arm_ws/src/gravity_compensation_controller/src/gravity_compensation_controller.cpp:175:12:[m[K [01;35m[Kwarning: [m[Kunused variable ‘[01m[Kdq[m[K’ [[01;35m[K]8;;https://gcc.gnu.org/onlinedocs/gcc/Warning-Options.html#index-Wunused-variable-Wunused-variable]8;;[m[K]
[1.785s]   175 |     double [01;35m[Kdq[m[K = *dq_opt;
[1.785s]       |            [01;35m[K^~[m[K
[2.588s] gmake[2]: *** [CMakeFiles/gravity_compensation_controller.dir/build.make:76: CMakeFiles/gravity_compensation_controller.dir/src/gravity_compensation_controller.cpp.o] Error 1
[2.588s] gmake[1]: *** [CMakeFiles/Makefile2:137: CMakeFiles/gravity_compensation_controller.dir/all] Error 2
[2.589s] gmake: *** [Makefile:146: all] Error 2
[2.591s] Invoked command in '/home/farid/tesis/exo_right_arm_ws/build/gravity_compensation_controller' returned '2': CMAKE_PREFIX_PATH=${CMAKE_PREFIX_PATH}:/home/farid/tesis/exo_right_arm_ws/install/exo_bringup:/opt/ros/jazzy DEBUGINFOD_URLS=https://debuginfod.ubuntu.com /usr/bin/cmake --build /home/farid/tesis/exo_right_arm_ws/build/gravity_compensation_controller -- -j32 -l32
