[0.007s] Invoking command in '/home/farid/tesis/exo_right_arm_ws/build/gravity_compensation_controller': CMAKE_PREFIX_PATH=/home/farid/tesis/exo_right_arm_ws/install/exo_description:/home/farid/tesis/exo_right_arm_ws/install/joint_state_broadcaster:/home/farid/tesis/exo_right_arm_ws/install/gravity_compensation_controller:/home/farid/tesis/exo_right_arm_ws/install/exo_hardware:/opt/ros/jazzy/opt/gz_sim_vendor:/opt/ros/jazzy/opt/gz_sensors_vendor:/opt/ros/jazzy/opt/gz_physics_vendor:/opt/ros/jazzy/opt/sdformat_vendor:/opt/ros/jazzy/opt/gz_gui_vendor:/opt/ros/jazzy/opt/gz_transport_vendor:/opt/ros/jazzy/opt/gz_rendering_vendor:/opt/ros/jazzy/opt/gz_plugin_vendor:/opt/ros/jazzy/opt/gz_fuel_tools_vendor:/opt/ros/jazzy/opt/gz_msgs_vendor:/opt/ros/jazzy/opt/gz_common_vendor:/opt/ros/jazzy/opt/gz_math_vendor:/opt/ros/jazzy/opt/gz_utils_vendor:/opt/ros/jazzy/opt/gz_tools_vendor:/opt/ros/jazzy/opt/gz_ogre_next_vendor:/opt/ros/jazzy/opt/gz_dartsim_vendor:/opt/ros/jazzy/opt/gz_cmake_vendor:/home/farid/tesis/exo_right_arm_ws/install/exo_bringup:/opt/ros/jazzy DEBUGINFOD_URLS=https://debuginfod.ubuntu.com /usr/bin/cmake /home/farid/tesis/exo_right_arm_ws/src/gravity_compensation_controller -DAMENT_CMAKE_SYMLINK_INSTALL=1 -DCMAKE_INSTALL_PREFIX=/home/farid/tesis/exo_right_arm_ws/install/gravity_compensation_controller
[0.020s] -- Found ament_cmake: 2.5.5 (/opt/ros/jazzy/share/ament_cmake/cmake)
[0.180s] -- Override CMake install command with custom implementation using symlinks instead of copying resources
[0.185s] -- Found controller_interface: 4.42.2 (/opt/ros/jazzy/share/controller_interface/cmake)
[0.207s] -- Found rosidl_generator_c: 4.6.7 (/opt/ros/jazzy/share/rosidl_generator_c/cmake)
[0.213s] -- Found rosidl_generator_cpp: 4.6.7 (/opt/ros/jazzy/share/rosidl_generator_cpp/cmake)
[0.221s] -- Using all available rosidl_typesupport_c: rosidl_typesupport_fastrtps_c;rosidl_typesupport_introspection_c
[0.230s] -- Using all available rosidl_typesupport_cpp: rosidl_typesupport_fastrtps_cpp;rosidl_typesupport_introspection_cpp
[0.368s] -- Found TinyXML2 via Config file: /usr/lib/x86_64-linux-gnu/cmake/tinyxml2
[0.393s] -- Found rmw_implementation_cmake: 7.3.3 (/opt/ros/jazzy/share/rmw_implementation_cmake/cmake)
[0.394s] -- Found rmw_fastrtps_cpp: 8.4.3 (/opt/ros/jazzy/share/rmw_fastrtps_cpp/cmake)
[0.407s] -- Found TinyXML2 via Config file: /usr/lib/x86_64-linux-gnu/cmake/tinyxml2
[0.413s] -- Found TinyXML2 via Config file: /usr/lib/x86_64-linux-gnu/cmake/tinyxml2
[0.430s] -- Found TinyXML2 via Config file: /usr/lib/x86_64-linux-gnu/cmake/tinyxml2
[0.437s] -- Found TinyXML2 via Config file: /usr/lib/x86_64-linux-gnu/cmake/tinyxml2
[0.446s] -- Using RMW implementation 'rmw_fastrtps_cpp' as default
[0.545s] -- Found eigen3_cmake_module: 0.3.0 (/opt/ros/jazzy/share/eigen3_cmake_module/cmake)
[0.547s] -- pinocchio_default FOUND. pinocchio_default at /opt/ros/jazzy/lib/x86_64-linux-gnu/libpinocchio_default.so
[0.547s] -- pinocchio_parsers FOUND. pinocchio_parsers at /opt/ros/jazzy/lib/x86_64-linux-gnu/libpinocchio_parsers.so
[0.548s] -- boost_filesystem FOUND. boost_filesystem at /lib/x86_64-linux-gnu/libboost_filesystem.so
[0.556s] -- eigenpy FOUND. eigenpy at /opt/ros/jazzy/lib/x86_64-linux-gnu/libeigenpy.so
[0.577s] -- Checking for NumPy
[0.728s] --   NUMPY_INCLUDE_DIRS=/usr/lib/python3/dist-packages/numpy/core/include
[0.805s] --   NUMPY_VERSION=1.26.4
[1.069s] -- Found Python3: /usr/bin/python3 (found version "3.12.3") found components: Interpreter Development.Module NumPy 
[1.069s] -- PythonLibraryDirs: 
[1.069s] -- PythonLibVersionString: 3.12.3
[1.089s] -- Python site lib: lib/python3.12/site-packages
[1.089s] -- Python include dirs: /usr/include/python3.12
[1.127s] -- Checking for NumPy
[1.198s] --   NUMPY_INCLUDE_DIRS=/usr/lib/python3/dist-packages/numpy/core/include
[1.270s] --   NUMPY_VERSION=1.26.4
[1.270s] -- NumPy include dir: /usr/lib/python3/dist-packages/numpy/core/include
[1.278s] -- Found Boost: /usr/include (found version "1.83.0") found components: python312 
[1.510s] -- Default C++ standard: 201703
[1.510s] -- Minimal C++ standard upgraded to 11
[1.510s] -- C++ standard sufficient: Minimal required 11, currently defined: 17
[1.510s] -- CMAKE_CXX_STANDARD was not set: automatically set to currently defined standard 17
[1.512s] -- hpp-fcl FOUND. hpp-fcl at /opt/ros/jazzy/lib/x86_64-linux-gnu/libhpp-fcl.so
[1.521s] -- Found Boost: /usr/include (found version "1.83.0") found components: chrono serialization filesystem 
[1.527s] -- Minimal C++ standard upgraded to 14
[1.527s] -- C++ standard sufficient: Minimal required 14, currently defined: 17
[1.528s] -- C++ standard sufficient: Minimal required 14, currently defined: 17
[1.531s] -- gravity_compensation_controller: RBDL not found; only Pinocchio backend available
[1.532s] [31mCMake Error at CMakeLists.txt:59 (target_link_libraries):
[1.532s]   The plain signature for target_link_libraries has already been used with
[1.532s]   the target "gravity_compensation_controller".  All uses of
[1.533s]   target_link_libraries with a target must be either all-keyword or
[1.533s]   all-plain.
[1.533s] 
[1.533s]   The uses of the plain signature are here:
[1.533s] 
[1.533s]    * /opt/ros/jazzy/share/ament_cmake_target_dependencies/cmake/ament_target_dependencies.cmake:146 (target_link_libraries)
[1.533s] 
[1.533s] 
[1.533s] [0m
[1.599s] -- Configuring incomplete, errors occurred!
[1.608s] Invoked command in '/home/farid/tesis/exo_right_arm_ws/build/gravity_compensation_controller' returned '1': CMAKE_PREFIX_PATH=/home/farid/tesis/exo_right_arm_ws/install/exo_description:/home/farid/tesis/exo_right_arm_ws/install/joint_state_broadcaster:/home/farid/tesis/exo_right_arm_ws/install/gravity_compensation_controller:/home/farid/tesis/exo_right_arm_ws/install/exo_hardware:/opt/ros/jazzy/opt/gz_sim_vendor:/opt/ros/jazzy/opt/gz_sensors_vendor:/opt/ros/jazzy/opt/gz_physics_vendor:/opt/ros/jazzy/opt/sdformat_vendor:/opt/ros/jazzy/opt/gz_gui_vendor:/opt/ros/jazzy/opt/gz_transport_vendor:/opt/ros/jazzy/opt/gz_rendering_vendor:/opt/ros/jazzy/opt/gz_plugin_vendor:/opt/ros/jazzy/opt/gz_fuel_tools_vendor:/opt/ros/jazzy/opt/gz_msgs_vendor:/opt/ros/jazzy/opt/gz_common_vendor:/opt/ros/jazzy/opt/gz_math_vendor:/opt/ros/jazzy/opt/gz_utils_vendor:/opt/ros/jazzy/opt/gz_tools_vendor:/opt/ros/jazzy/opt/gz_ogre_next_vendor:/opt/ros/jazzy/opt/gz_dartsim_vendor:/opt/ros/jazzy/opt/gz_cmake_vendor:/home/farid/tesis/exo_right_arm_ws/install/exo_bringup:/opt/ros/jazzy DEBUGINFOD_URLS=https://debuginfod.ubuntu.com /usr/bin/cmake /home/farid/tesis/exo_right_arm_ws/src/gravity_compensation_controller -DAMENT_CMAKE_SYMLINK_INSTALL=1 -DCMAKE_INSTALL_PREFIX=/home/farid/tesis/exo_right_arm_ws/install/gravity_compensation_controller
