[0.064s] DEBUG:colcon:Command line arguments: ['/usr/bin/colcon', 'build']
[0.064s] DEBUG:colcon:Parsed command line arguments: Namespace(log_base=None, log_level=None, verb_name='build', build_base='build', install_base='install', merge_install=False, symlink_install=False, test_result_base=None, continue_on_error=False, executor='parallel', parallel_workers=32, event_handlers=None, ignore_user_meta=False, metas=['./colcon.meta'], base_paths=['.'], packages_ignore=None, packages_ignore_regex=None, paths=None, packages_up_to=None, packages_up_to_regex=None, packages_above=None, packages_above_and_dependencies=None, packages_above_depth=None, packages_select_by_dep=None, packages_skip_by_dep=None, packages_skip_up_to=None, packages_select_build_failed=False, packages_skip_build_finished=False, packages_select_test_failures=False, packages_skip_test_passed=False, packages_select=None, packages_skip=None, packages_select_regex=None, packages_skip_regex=None, packages_start=None, packages_end=None, allow_overriding=[], cmake_args=None, cmake_target=None, cmake_target_skip_unavailable=False, cmake_clean_cache=False, cmake_clean_first=False, cmake_force_configure=False, ament_cmake_args=None, catkin_cmake_args=None, catkin_skip_building_tests=False, verb_parser=<colcon_defaults.argument_parser.defaults.DefaultArgumentsDecorator object at 0x76097f472900>, verb_extension=<colcon_core.verb.build.BuildVerb object at 0x76097f4727e0>, main=<bound method BuildVerb.main of <colcon_core.verb.build.BuildVerb object at 0x76097f4727e0>>)
[0.088s] Level 1:colcon.colcon_core.package_discovery:discover_packages(colcon_meta) check parameters
[0.088s] Level 1:colcon.colcon_core.package_discovery:discover_packages(recursive) check parameters
[0.088s] Level 1:colcon.colcon_core.package_discovery:discover_packages(ignore) check parameters
[0.088s] Level 1:colcon.colcon_core.package_discovery:discover_packages(path) check parameters
[0.088s] Level 1:colcon.colcon_core.package_discovery:discover_packages(colcon_meta) discover
[0.088s] Level 1:colcon.colcon_core.package_discovery:discover_packages(recursive) discover
[0.088s] INFO:colcon.colcon_core.package_discovery:Crawling recursively for packages in '/home/farid/tesis/exo_right_arm_ws'
[0.088s] Level 1:colcon.colcon_core.package_identification:_identify(.) by extensions ['ignore', 'ignore_ament_install']
[0.088s] Level 1:colcon.colcon_core.package_identification:_identify(.) by extension 'ignore'
[0.088s] Level 1:colcon.colcon_core.package_identification:_identify(.) by extension 'ignore_ament_install'
[0.089s] Level 1:colcon.colcon_core.package_identification:_identify(.) by extensions ['colcon_pkg']
[0.089s] Level 1:colcon.colcon_core.package_identification:_identify(.) by extension 'colcon_pkg'
[0.089s] Level 1:colcon.colcon_core.package_identification:_identify(.) by extensions ['colcon_meta']
[0.089s] Level 1:colcon.colcon_core.package_identification:_identify(.) by extension 'colcon_meta'
[0.089s] Level 1:colcon.colcon_core.package_identification:_identify(.) by extensions ['ros']
[0.089s] Level 1:colcon.colcon_core.package_identification:_identify(.) by extension 'ros'
[0.105s] Level 1:colcon.colcon_core.package_identification:_identify(.) by extensions ['cmake', 'python']
[0.105s] Level 1:colcon.colcon_core.package_identification:_identify(.) by extension 'cmake'
[0.106s] Level 1:colcon.colcon_core.package_identification:_identify(.) by extension 'python'
[0.106s] Level 1:colcon.colcon_core.package_identification:_identify(.) by extensions ['python_setup_py']
[0.106s] Level 1:colcon.colcon_core.package_identification:_identify(.) by extension 'python_setup_py'
[0.106s] Level 1:colcon.colcon_core.package_identification:_identify(build) by extensions ['ignore', 'ignore_ament_install']
[0.106s] Level 1:colcon.colcon_core.package_identification:_identify(build) by extension 'ignore'
[0.106s] Level 1:colcon.colcon_core.package_identification:_identify(build) ignored
[0.106s] Level 1:colcon.colcon_core.package_identification:_identify(install) by extensions ['ignore', 'ignore_ament_install']
[0.106s] Level 1:colcon.colcon_core.package_identification:_identify(install) by extension 'ignore'
[0.106s] Level 1:colcon.colcon_core.package_identification:_identify(install) ignored
[0.106s] Level 1:colcon.colcon_core.package_identification:_identify(log) by extensions ['ignore', 'ignore_ament_install']
[0.106s] Level 1:colcon.colcon_core.package_identification:_identify(log) by extension 'ignore'
[0.106s] Level 1:colcon.colcon_core.package_identification:_identify(log) ignored
[0.106s] Level 1:colcon.colcon_core.package_identification:_identify(src) by extensions ['ignore', 'ignore_ament_install']
[0.106s] Level 1:colcon.colcon_core.package_identification:_identify(src) by extension 'ignore'
[0.106s] Level 1:colcon.colcon_core.package_identification:_identify(src) by extension 'ignore_ament_install'
[0.106s] Level 1:colcon.colcon_core.package_identification:_identify(src) by extensions ['colcon_pkg']
[0.106s] Level 1:colcon.colcon_core.package_identification:_identify(src) by extension 'colcon_pkg'
[0.106s] Level 1:colcon.colcon_core.package_identification:_identify(src) by extensions ['colcon_meta']
[0.106s] Level 1:colcon.colcon_core.package_identification:_identify(src) by extension 'colcon_meta'
[0.106s] Level 1:colcon.colcon_core.package_identification:_identify(src) by extensions ['ros']
[0.106s] Level 1:colcon.colcon_core.package_identification:_identify(src) by extension 'ros'
[0.106s] Level 1:colcon.colcon_core.package_identification:_identify(src) by extensions ['cmake', 'python']
[0.106s] Level 1:colcon.colcon_core.package_identification:_identify(src) by extension 'cmake'
[0.106s] Level 1:colcon.colcon_core.package_identification:_identify(src) by extension 'python'
[0.106s] Level 1:colcon.colcon_core.package_identification:_identify(src) by extensions ['python_setup_py']
[0.106s] Level 1:colcon.colcon_core.package_identification:_identify(src) by extension 'python_setup_py'
[0.106s] Level 1:colcon.colcon_core.package_identification:_identify(src/build) by extensions ['ignore', 'ignore_ament_install']
[0.106s] Level 1:colcon.colcon_core.package_identification:_identify(src/build) by extension 'ignore'
[0.106s] Level 1:colcon.colcon_core.package_identification:_identify(src/build) ignored
[0.107s] Level 1:colcon.colcon_core.package_identification:_identify(src/exo_bringup) by extensions ['ignore', 'ignore_ament_install']
[0.107s] Level 1:colcon.colcon_core.package_identification:_identify(src/exo_bringup) by extension 'ignore'
[0.107s] Level 1:colcon.colcon_core.package_identification:_identify(src/exo_bringup) by extension 'ignore_ament_install'
[0.107s] Level 1:colcon.colcon_core.package_identification:_identify(src/exo_bringup) by extensions ['colcon_pkg']
[0.107s] Level 1:colcon.colcon_core.package_identification:_identify(src/exo_bringup) by extension 'colcon_pkg'
[0.107s] Level 1:colcon.colcon_core.package_identification:_identify(src/exo_bringup) by extensions ['colcon_meta']
[0.107s] Level 1:colcon.colcon_core.package_identification:_identify(src/exo_bringup) by extension 'colcon_meta'
[0.107s] Level 1:colcon.colcon_core.package_identification:_identify(src/exo_bringup) by extensions ['ros']
[0.107s] Level 1:colcon.colcon_core.package_identification:_identify(src/exo_bringup) by extension 'ros'
[0.109s] DEBUG:colcon.colcon_core.package_identification:Package 'src/exo_bringup' with type 'ros.ament_python' and name 'exo_bringup'
[0.109s] Level 1:colcon.colcon_core.package_identification:_identify(src/exo_description) by extensions ['ignore', 'ignore_ament_install']
[0.109s] Level 1:colcon.colcon_core.package_identification:_identify(src/exo_description) by extension 'ignore'
[0.109s] Level 1:colcon.colcon_core.package_identification:_identify(src/exo_description) by extension 'ignore_ament_install'
[0.109s] Level 1:colcon.colcon_core.package_identification:_identify(src/exo_description) by extensions ['colcon_pkg']
[0.109s] Level 1:colcon.colcon_core.package_identification:_identify(src/exo_description) by extension 'colcon_pkg'
[0.109s] Level 1:colcon.colcon_core.package_identification:_identify(src/exo_description) by extensions ['colcon_meta']
[0.109s] Level 1:colcon.colcon_core.package_identification:_identify(src/exo_description) by extension 'colcon_meta'
[0.109s] Level 1:colcon.colcon_core.package_identification:_identify(src/exo_description) by extensions ['ros']
[0.109s] Level 1:colcon.colcon_core.package_identification:_identify(src/exo_description) by extension 'ros'
[0.109s] DEBUG:colcon.colcon_core.package_identification:Package 'src/exo_description' with type 'ros.ament_cmake' and name 'exo_description'
[0.109s] Level 1:colcon.colcon_core.package_identification:_identify(src/exo_hardware) by extensions ['ignore', 'ignore_ament_install']
[0.109s] Level 1:colcon.colcon_core.package_identification:_identify(src/exo_hardware) by extension 'ignore'
[0.109s] Level 1:colcon.colcon_core.package_identification:_identify(src/exo_hardware) by extension 'ignore_ament_install'
[0.109s] Level 1:colcon.colcon_core.package_identification:_identify(src/exo_hardware) by extensions ['colcon_pkg']
[0.109s] Level 1:colcon.colcon_core.package_identification:_identify(src/exo_hardware) by extension 'colcon_pkg'
[0.109s] Level 1:colcon.colcon_core.package_identification:_identify(src/exo_hardware) by extensions ['colcon_meta']
[0.109s] Level 1:colcon.colcon_core.package_identification:_identify(src/exo_hardware) by extension 'colcon_meta'
[0.109s] Level 1:colcon.colcon_core.package_identification:_identify(src/exo_hardware) by extensions ['ros']
[0.109s] Level 1:colcon.colcon_core.package_identification:_identify(src/exo_hardware) by extension 'ros'
[0.110s] DEBUG:colcon.colcon_core.package_identification:Package 'src/exo_hardware' with type 'ros.ament_cmake' and name 'exo_hardware'
[0.110s] Level 1:colcon.colcon_core.package_identification:_identify(src/install) by extensions ['ignore', 'ignore_ament_install']
[0.110s] Level 1:colcon.colcon_core.package_identification:_identify(src/install) by extension 'ignore'
[0.110s] Level 1:colcon.colcon_core.package_identification:_identify(src/install) ignored
[0.110s] Level 1:colcon.colcon_core.package_identification:_identify(src/log) by extensions ['ignore', 'ignore_ament_install']
[0.110s] Level 1:colcon.colcon_core.package_identification:_identify(src/log) by extension 'ignore'
[0.110s] Level 1:colcon.colcon_core.package_identification:_identify(src/log) ignored
[0.110s] Level 1:colcon.colcon_core.package_discovery:discover_packages(recursive) using defaults
[0.110s] Level 1:colcon.colcon_core.package_discovery:discover_packages(ignore) discover
[0.110s] Level 1:colcon.colcon_core.package_discovery:discover_packages(ignore) using defaults
[0.110s] Level 1:colcon.colcon_core.package_discovery:discover_packages(path) discover
[0.110s] Level 1:colcon.colcon_core.package_discovery:discover_packages(path) using defaults
[0.122s] Level 1:colcon.colcon_core.package_discovery:discover_packages(prefix_path) check parameters
[0.122s] Level 1:colcon.colcon_core.package_discovery:discover_packages(prefix_path) discover
[0.122s] WARNING:colcon.colcon_ros.prefix_path.ament:The path '/home/farid/tesis/exo_right_arm_ws/install/exo_bringup' in the environment variable AMENT_PREFIX_PATH doesn't exist
[0.122s] WARNING:colcon.colcon_ros.prefix_path.ament:The path '/home/farid/tesis/exo_right_arm_ws/install/exo_hardware' in the environment variable AMENT_PREFIX_PATH doesn't exist
[0.122s] WARNING:colcon.colcon_ros.prefix_path.ament:The path '/home/farid/tesis/exo_right_arm_ws/install/exo_description' in the environment variable AMENT_PREFIX_PATH doesn't exist
[0.122s] WARNING:colcon.colcon_ros.prefix_path.catkin:The path '/home/farid/tesis/exo_right_arm_ws/install/exo_hardware' in the environment variable CMAKE_PREFIX_PATH doesn't exist
[0.122s] WARNING:colcon.colcon_ros.prefix_path.catkin:The path '/home/farid/tesis/exo_right_arm_ws/install/exo_description' in the environment variable CMAKE_PREFIX_PATH doesn't exist
[0.123s] DEBUG:colcon.colcon_installed_package_information.package_discovery:Found 0 installed packages in /home/farid/tesis/exo_right_arm_ws/install
[0.124s] DEBUG:colcon.colcon_installed_package_information.package_discovery:Found 340 installed packages in /opt/ros/jazzy
[0.124s] Level 1:colcon.colcon_core.package_discovery:discover_packages(prefix_path) using defaults
[0.150s] Level 5:colcon.colcon_core.verb:set package 'exo_bringup' build argument 'cmake_args' from command line to 'None'
[0.150s] Level 5:colcon.colcon_core.verb:set package 'exo_bringup' build argument 'cmake_target' from command line to 'None'
[0.150s] Level 5:colcon.colcon_core.verb:set package 'exo_bringup' build argument 'cmake_target_skip_unavailable' from command line to 'False'
[0.150s] Level 5:colcon.colcon_core.verb:set package 'exo_bringup' build argument 'cmake_clean_cache' from command line to 'False'
[0.150s] Level 5:colcon.colcon_core.verb:set package 'exo_bringup' build argument 'cmake_clean_first' from command line to 'False'
[0.150s] Level 5:colcon.colcon_core.verb:set package 'exo_bringup' build argument 'cmake_force_configure' from command line to 'False'
[0.150s] Level 5:colcon.colcon_core.verb:set package 'exo_bringup' build argument 'ament_cmake_args' from command line to 'None'
[0.150s] Level 5:colcon.colcon_core.verb:set package 'exo_bringup' build argument 'catkin_cmake_args' from command line to 'None'
[0.150s] Level 5:colcon.colcon_core.verb:set package 'exo_bringup' build argument 'catkin_skip_building_tests' from command line to 'False'
[0.150s] DEBUG:colcon.colcon_core.verb:Building package 'exo_bringup' with the following arguments: {'ament_cmake_args': None, 'build_base': '/home/farid/tesis/exo_right_arm_ws/build/exo_bringup', 'catkin_cmake_args': None, 'catkin_skip_building_tests': False, 'cmake_args': None, 'cmake_clean_cache': False, 'cmake_clean_first': False, 'cmake_force_configure': False, 'cmake_target': None, 'cmake_target_skip_unavailable': False, 'install_base': '/home/farid/tesis/exo_right_arm_ws/install/exo_bringup', 'merge_install': False, 'path': '/home/farid/tesis/exo_right_arm_ws/src/exo_bringup', 'symlink_install': False, 'test_result_base': None}
[0.151s] Level 5:colcon.colcon_core.verb:set package 'exo_description' build argument 'cmake_args' from command line to 'None'
[0.151s] Level 5:colcon.colcon_core.verb:set package 'exo_description' build argument 'cmake_target' from command line to 'None'
[0.151s] Level 5:colcon.colcon_core.verb:set package 'exo_description' build argument 'cmake_target_skip_unavailable' from command line to 'False'
[0.151s] Level 5:colcon.colcon_core.verb:set package 'exo_description' build argument 'cmake_clean_cache' from command line to 'False'
[0.151s] Level 5:colcon.colcon_core.verb:set package 'exo_description' build argument 'cmake_clean_first' from command line to 'False'
[0.151s] Level 5:colcon.colcon_core.verb:set package 'exo_description' build argument 'cmake_force_configure' from command line to 'False'
[0.151s] Level 5:colcon.colcon_core.verb:set package 'exo_description' build argument 'ament_cmake_args' from command line to 'None'
[0.151s] Level 5:colcon.colcon_core.verb:set package 'exo_description' build argument 'catkin_cmake_args' from command line to 'None'
[0.151s] Level 5:colcon.colcon_core.verb:set package 'exo_description' build argument 'catkin_skip_building_tests' from command line to 'False'
[0.151s] DEBUG:colcon.colcon_core.verb:Building package 'exo_description' with the following arguments: {'ament_cmake_args': None, 'build_base': '/home/farid/tesis/exo_right_arm_ws/build/exo_description', 'catkin_cmake_args': None, 'catkin_skip_building_tests': False, 'cmake_args': None, 'cmake_clean_cache': False, 'cmake_clean_first': False, 'cmake_force_configure': False, 'cmake_target': None, 'cmake_target_skip_unavailable': False, 'install_base': '/home/farid/tesis/exo_right_arm_ws/install/exo_description', 'merge_install': False, 'path': '/home/farid/tesis/exo_right_arm_ws/src/exo_description', 'symlink_install': False, 'test_result_base': None}
[0.151s] Level 5:colcon.colcon_core.verb:set package 'exo_hardware' build argument 'cmake_args' from command line to 'None'
[0.151s] Level 5:colcon.colcon_core.verb:set package 'exo_hardware' build argument 'cmake_target' from command line to 'None'
[0.151s] Level 5:colcon.colcon_core.verb:set package 'exo_hardware' build argument 'cmake_target_skip_unavailable' from command line to 'False'
[0.151s] Level 5:colcon.colcon_core.verb:set package 'exo_hardware' build argument 'cmake_clean_cache' from command line to 'False'
[0.151s] Level 5:colcon.colcon_core.verb:set package 'exo_hardware' build argument 'cmake_clean_first' from command line to 'False'
[0.151s] Level 5:colcon.colcon_core.verb:set package 'exo_hardware' build argument 'cmake_force_configure' from command line to 'False'
[0.151s] Level 5:colcon.colcon_core.verb:set package 'exo_hardware' build argument 'ament_cmake_args' from command line to 'None'
[0.151s] Level 5:colcon.colcon_core.verb:set package 'exo_hardware' build argument 'catkin_cmake_args' from command line to 'None'
[0.151s] Level 5:colcon.colcon_core.verb:set package 'exo_hardware' build argument 'catkin_skip_building_tests' from command line to 'False'
[0.151s] DEBUG:colcon.colcon_core.verb:Building package 'exo_hardware' with the following arguments: {'ament_cmake_args': None, 'build_base': '/home/farid/tesis/exo_right_arm_ws/build/exo_hardware', 'catkin_cmake_args': None, 'catkin_skip_building_tests': False, 'cmake_args': None, 'cmake_clean_cache': False, 'cmake_clean_first': False, 'cmake_force_configure': False, 'cmake_target': None, 'cmake_target_skip_unavailable': False, 'install_base': '/home/farid/tesis/exo_right_arm_ws/install/exo_hardware', 'merge_install': False, 'path': '/home/farid/tesis/exo_right_arm_ws/src/exo_hardware', 'symlink_install': False, 'test_result_base': None}
[0.151s] INFO:colcon.colcon_core.executor:Executing jobs using 'parallel' executor
[0.152s] DEBUG:colcon.colcon_parallel_executor.executor.parallel:run_until_complete
[0.152s] INFO:colcon.colcon_ros.task.ament_python.build:Building ROS package in '/home/farid/tesis/exo_right_arm_ws/src/exo_bringup' with build type 'ament_python'
[0.152s] Level 1:colcon.colcon_core.shell:create_environment_hook('exo_bringup', 'ament_prefix_path')
[0.153s] INFO:colcon.colcon_core.plugin_system:Skipping extension 'colcon_core.shell.bat': Not used on non-Windows systems
[0.153s] INFO:colcon.colcon_core.shell:Creating environment hook '/home/farid/tesis/exo_right_arm_ws/install/exo_bringup/share/exo_bringup/hook/ament_prefix_path.ps1'
[0.154s] INFO:colcon.colcon_core.shell:Creating environment descriptor '/home/farid/tesis/exo_right_arm_ws/install/exo_bringup/share/exo_bringup/hook/ament_prefix_path.dsv'
[0.154s] INFO:colcon.colcon_core.shell:Creating environment hook '/home/farid/tesis/exo_right_arm_ws/install/exo_bringup/share/exo_bringup/hook/ament_prefix_path.sh'
[0.154s] INFO:colcon.colcon_core.shell:Skip shell extension 'powershell' for command environment: Not usable outside of PowerShell
[0.154s] DEBUG:colcon.colcon_core.shell:Skip shell extension 'dsv' for command environment
[0.157s] INFO:colcon.colcon_ros.task.ament_cmake.build:Building ROS package in '/home/farid/tesis/exo_right_arm_ws/src/exo_description' with build type 'ament_cmake'
[0.157s] INFO:colcon.colcon_cmake.task.cmake.build:Building CMake package in '/home/farid/tesis/exo_right_arm_ws/src/exo_description'
[0.157s] INFO:colcon.colcon_core.shell:Skip shell extension 'powershell' for command environment: Not usable outside of PowerShell
[0.157s] DEBUG:colcon.colcon_core.shell:Skip shell extension 'dsv' for command environment
[0.159s] INFO:colcon.colcon_ros.task.ament_cmake.build:Building ROS package in '/home/farid/tesis/exo_right_arm_ws/src/exo_hardware' with build type 'ament_cmake'
[0.159s] INFO:colcon.colcon_cmake.task.cmake.build:Building CMake package in '/home/farid/tesis/exo_right_arm_ws/src/exo_hardware'
[0.159s] INFO:colcon.colcon_core.shell:Skip shell extension 'powershell' for command environment: Not usable outside of PowerShell
[0.159s] DEBUG:colcon.colcon_core.shell:Skip shell extension 'dsv' for command environment
[0.301s] INFO:colcon.colcon_core.task.python.build:Building Python package in '/home/farid/tesis/exo_right_arm_ws/src/exo_bringup'
[0.301s] INFO:colcon.colcon_core.shell:Skip shell extension 'powershell' for command environment: Not usable outside of PowerShell
[0.301s] DEBUG:colcon.colcon_core.shell:Skip shell extension 'dsv' for command environment
[0.305s] DEBUG:colcon.colcon_core.event_handler.log_command:Invoking command in '/home/farid/tesis/exo_right_arm_ws/build/exo_description': CMAKE_PREFIX_PATH=${CMAKE_PREFIX_PATH}:/home/farid/tesis/exo_right_arm_ws/install/exo_bringup:/opt/ros/jazzy DEBUGINFOD_URLS=https://debuginfod.ubuntu.com /usr/bin/cmake /home/farid/tesis/exo_right_arm_ws/src/exo_description -DCMAKE_INSTALL_PREFIX=/home/farid/tesis/exo_right_arm_ws/install/exo_description
[0.307s] DEBUG:colcon.colcon_core.event_handler.log_command:Invoking command in '/home/farid/tesis/exo_right_arm_ws/build/exo_hardware': CMAKE_PREFIX_PATH=${CMAKE_PREFIX_PATH}:/home/farid/tesis/exo_right_arm_ws/install/exo_bringup:/opt/ros/jazzy DEBUGINFOD_URLS=https://debuginfod.ubuntu.com /usr/bin/cmake /home/farid/tesis/exo_right_arm_ws/src/exo_hardware -DCMAKE_INSTALL_PREFIX=/home/farid/tesis/exo_right_arm_ws/install/exo_hardware
[0.651s] DEBUG:colcon.colcon_core.event_handler.log_command:Invoking command in '/home/farid/tesis/exo_right_arm_ws/src/exo_bringup': DEBUGINFOD_URLS=https://debuginfod.ubuntu.com PYTHONPATH=/home/farid/tesis/exo_right_arm_ws/build/exo_bringup/prefix_override:/usr/lib/python3/dist-packages/colcon_core/task/python/colcon_distutils_commands:/home/farid/tesis/exo_right_arm_ws/install/exo_bringup/lib/python3.12/site-packages:${PYTHONPATH} /usr/bin/python3 -W ignore:setup.py install is deprecated -W ignore:easy_install command is deprecated setup.py egg_info --egg-base ../../build/exo_bringup build --build-base /home/farid/tesis/exo_right_arm_ws/build/exo_bringup/build install --record /home/farid/tesis/exo_right_arm_ws/build/exo_bringup/install.log --single-version-externally-managed install_data
[0.827s] DEBUG:colcon.colcon_core.event_handler.log_command:Invoked command in '/home/farid/tesis/exo_right_arm_ws/build/exo_description' returned '0': CMAKE_PREFIX_PATH=${CMAKE_PREFIX_PATH}:/home/farid/tesis/exo_right_arm_ws/install/exo_bringup:/opt/ros/jazzy DEBUGINFOD_URLS=https://debuginfod.ubuntu.com /usr/bin/cmake /home/farid/tesis/exo_right_arm_ws/src/exo_description -DCMAKE_INSTALL_PREFIX=/home/farid/tesis/exo_right_arm_ws/install/exo_description
[0.828s] DEBUG:colcon.colcon_core.event_handler.log_command:Invoking command in '/home/farid/tesis/exo_right_arm_ws/build/exo_description': CMAKE_PREFIX_PATH=${CMAKE_PREFIX_PATH}:/home/farid/tesis/exo_right_arm_ws/install/exo_bringup:/opt/ros/jazzy DEBUGINFOD_URLS=https://debuginfod.ubuntu.com /usr/bin/cmake --build /home/farid/tesis/exo_right_arm_ws/build/exo_description -- -j32 -l32
[0.856s] DEBUG:colcon.colcon_core.event_handler.log_command:Invoked command in '/home/farid/tesis/exo_right_arm_ws/build/exo_description' returned '0': CMAKE_PREFIX_PATH=${CMAKE_PREFIX_PATH}:/home/farid/tesis/exo_right_arm_ws/install/exo_bringup:/opt/ros/jazzy DEBUGINFOD_URLS=https://debuginfod.ubuntu.com /usr/bin/cmake --build /home/farid/tesis/exo_right_arm_ws/build/exo_description -- -j32 -l32
[0.862s] DEBUG:colcon.colcon_core.event_handler.log_command:Invoking command in '/home/farid/tesis/exo_right_arm_ws/build/exo_description': CMAKE_PREFIX_PATH=${CMAKE_PREFIX_PATH}:/home/farid/tesis/exo_right_arm_ws/install/exo_bringup:/opt/ros/jazzy DEBUGINFOD_URLS=https://debuginfod.ubuntu.com /usr/bin/cmake --install /home/farid/tesis/exo_right_arm_ws/build/exo_description
[0.873s] Level 1:colcon.colcon_core.environment:create_environment_scripts_only(exo_description)
[0.873s] DEBUG:colcon.colcon_core.event_handler.log_command:Invoked command in '/home/farid/tesis/exo_right_arm_ws/build/exo_description' returned '0': CMAKE_PREFIX_PATH=${CMAKE_PREFIX_PATH}:/home/farid/tesis/exo_right_arm_ws/install/exo_bringup:/opt/ros/jazzy DEBUGINFOD_URLS=https://debuginfod.ubuntu.com /usr/bin/cmake --install /home/farid/tesis/exo_right_arm_ws/build/exo_description
[0.875s] Level 1:colcon.colcon_core.environment:checking '/home/farid/tesis/exo_right_arm_ws/install/exo_description' for CMake module files
[0.876s] Level 1:colcon.colcon_core.environment:checking '/home/farid/tesis/exo_right_arm_ws/install/exo_description' for CMake config files
[0.876s] Level 1:colcon.colcon_core.shell:create_environment_hook('exo_description', 'cmake_prefix_path')
[0.876s] INFO:colcon.colcon_core.shell:Creating environment hook '/home/farid/tesis/exo_right_arm_ws/install/exo_description/share/exo_description/hook/cmake_prefix_path.ps1'
[0.876s] INFO:colcon.colcon_core.shell:Creating environment descriptor '/home/farid/tesis/exo_right_arm_ws/install/exo_description/share/exo_description/hook/cmake_prefix_path.dsv'
[0.877s] INFO:colcon.colcon_core.shell:Creating environment hook '/home/farid/tesis/exo_right_arm_ws/install/exo_description/share/exo_description/hook/cmake_prefix_path.sh'
[0.877s] Level 1:colcon.colcon_core.environment:checking '/home/farid/tesis/exo_right_arm_ws/install/exo_description/bin'
[0.877s] Level 1:colcon.colcon_core.environment:checking '/home/farid/tesis/exo_right_arm_ws/install/exo_description/lib/pkgconfig/exo_description.pc'
[0.878s] Level 1:colcon.colcon_core.environment:checking '/home/farid/tesis/exo_right_arm_ws/install/exo_description/lib/python3.12/site-packages'
[0.878s] Level 1:colcon.colcon_core.environment:checking '/home/farid/tesis/exo_right_arm_ws/install/exo_description/bin'
[0.878s] INFO:colcon.colcon_core.shell:Creating package script '/home/farid/tesis/exo_right_arm_ws/install/exo_description/share/exo_description/package.ps1'
[0.879s] INFO:colcon.colcon_core.shell:Creating package descriptor '/home/farid/tesis/exo_right_arm_ws/install/exo_description/share/exo_description/package.dsv'
[0.879s] INFO:colcon.colcon_core.shell:Creating package script '/home/farid/tesis/exo_right_arm_ws/install/exo_description/share/exo_description/package.sh'
[0.880s] INFO:colcon.colcon_core.shell:Creating package script '/home/farid/tesis/exo_right_arm_ws/install/exo_description/share/exo_description/package.bash'
[0.880s] INFO:colcon.colcon_core.shell:Creating package script '/home/farid/tesis/exo_right_arm_ws/install/exo_description/share/exo_description/package.zsh'
[0.881s] Level 1:colcon.colcon_core.environment:create_file_with_runtime_dependencies(/home/farid/tesis/exo_right_arm_ws/install/exo_description/share/colcon-core/packages/exo_description)
[0.881s] Level 1:colcon.colcon_core.environment:create_environment_scripts_only(exo_description)
[0.881s] Level 1:colcon.colcon_core.environment:checking '/home/farid/tesis/exo_right_arm_ws/install/exo_description' for CMake module files
[0.882s] Level 1:colcon.colcon_core.environment:checking '/home/farid/tesis/exo_right_arm_ws/install/exo_description' for CMake config files
[0.882s] Level 1:colcon.colcon_core.shell:create_environment_hook('exo_description', 'cmake_prefix_path')
[0.882s] INFO:colcon.colcon_core.shell:Creating environment hook '/home/farid/tesis/exo_right_arm_ws/install/exo_description/share/exo_description/hook/cmake_prefix_path.ps1'
[0.883s] INFO:colcon.colcon_core.shell:Creating environment descriptor '/home/farid/tesis/exo_right_arm_ws/install/exo_description/share/exo_description/hook/cmake_prefix_path.dsv'
[0.883s] INFO:colcon.colcon_core.shell:Creating environment hook '/home/farid/tesis/exo_right_arm_ws/install/exo_description/share/exo_description/hook/cmake_prefix_path.sh'
[0.883s] Level 1:colcon.colcon_core.environment:checking '/home/farid/tesis/exo_right_arm_ws/install/exo_description/bin'
[0.883s] Level 1:colcon.colcon_core.environment:checking '/home/farid/tesis/exo_right_arm_ws/install/exo_description/lib/pkgconfig/exo_description.pc'
[0.883s] Level 1:colcon.colcon_core.environment:checking '/home/farid/tesis/exo_right_arm_ws/install/exo_description/lib/python3.12/site-packages'
[0.883s] Level 1:colcon.colcon_core.environment:checking '/home/farid/tesis/exo_right_arm_ws/install/exo_description/bin'
[0.884s] INFO:colcon.colcon_core.shell:Creating package script '/home/farid/tesis/exo_right_arm_ws/install/exo_description/share/exo_description/package.ps1'
[0.884s] INFO:colcon.colcon_core.shell:Creating package descriptor '/home/farid/tesis/exo_right_arm_ws/install/exo_description/share/exo_description/package.dsv'
[0.884s] INFO:colcon.colcon_core.shell:Creating package script '/home/farid/tesis/exo_right_arm_ws/install/exo_description/share/exo_description/package.sh'
[0.884s] INFO:colcon.colcon_core.shell:Creating package script '/home/farid/tesis/exo_right_arm_ws/install/exo_description/share/exo_description/package.bash'
[0.885s] INFO:colcon.colcon_core.shell:Creating package script '/home/farid/tesis/exo_right_arm_ws/install/exo_description/share/exo_description/package.zsh'
[0.885s] Level 1:colcon.colcon_core.environment:create_file_with_runtime_dependencies(/home/farid/tesis/exo_right_arm_ws/install/exo_description/share/colcon-core/packages/exo_description)
[0.966s] Level 1:colcon.colcon_core.environment:checking '/home/farid/tesis/exo_right_arm_ws/install/exo_bringup' for CMake module files
[0.966s] DEBUG:colcon.colcon_core.event_handler.log_command:Invoked command in '/home/farid/tesis/exo_right_arm_ws/src/exo_bringup' returned '0': DEBUGINFOD_URLS=https://debuginfod.ubuntu.com PYTHONPATH=/home/farid/tesis/exo_right_arm_ws/build/exo_bringup/prefix_override:/usr/lib/python3/dist-packages/colcon_core/task/python/colcon_distutils_commands:/home/farid/tesis/exo_right_arm_ws/install/exo_bringup/lib/python3.12/site-packages:${PYTHONPATH} /usr/bin/python3 -W ignore:setup.py install is deprecated -W ignore:easy_install command is deprecated setup.py egg_info --egg-base ../../build/exo_bringup build --build-base /home/farid/tesis/exo_right_arm_ws/build/exo_bringup/build install --record /home/farid/tesis/exo_right_arm_ws/build/exo_bringup/install.log --single-version-externally-managed install_data
[0.967s] Level 1:colcon.colcon_core.environment:checking '/home/farid/tesis/exo_right_arm_ws/install/exo_bringup' for CMake config files
[0.967s] Level 1:colcon.colcon_core.environment:checking '/home/farid/tesis/exo_right_arm_ws/install/exo_bringup/lib'
[0.967s] Level 1:colcon.colcon_core.environment:checking '/home/farid/tesis/exo_right_arm_ws/install/exo_bringup/bin'
[0.967s] Level 1:colcon.colcon_core.environment:checking '/home/farid/tesis/exo_right_arm_ws/install/exo_bringup/lib/pkgconfig/exo_bringup.pc'
[0.968s] Level 1:colcon.colcon_core.environment:checking '/home/farid/tesis/exo_right_arm_ws/install/exo_bringup/lib/python3.12/site-packages'
[0.968s] Level 1:colcon.colcon_core.shell:create_environment_hook('exo_bringup', 'pythonpath')
[0.968s] INFO:colcon.colcon_core.shell:Creating environment hook '/home/farid/tesis/exo_right_arm_ws/install/exo_bringup/share/exo_bringup/hook/pythonpath.ps1'
[0.968s] INFO:colcon.colcon_core.shell:Creating environment descriptor '/home/farid/tesis/exo_right_arm_ws/install/exo_bringup/share/exo_bringup/hook/pythonpath.dsv'
[0.969s] INFO:colcon.colcon_core.shell:Creating environment hook '/home/farid/tesis/exo_right_arm_ws/install/exo_bringup/share/exo_bringup/hook/pythonpath.sh'
[0.969s] Level 1:colcon.colcon_core.environment:checking '/home/farid/tesis/exo_right_arm_ws/install/exo_bringup/bin'
[0.969s] Level 1:colcon.colcon_core.environment:create_environment_scripts_only(exo_bringup)
[0.970s] INFO:colcon.colcon_core.shell:Creating package script '/home/farid/tesis/exo_right_arm_ws/install/exo_bringup/share/exo_bringup/package.ps1'
[0.970s] INFO:colcon.colcon_core.shell:Creating package descriptor '/home/farid/tesis/exo_right_arm_ws/install/exo_bringup/share/exo_bringup/package.dsv'
[0.970s] INFO:colcon.colcon_core.shell:Creating package script '/home/farid/tesis/exo_right_arm_ws/install/exo_bringup/share/exo_bringup/package.sh'
[0.971s] INFO:colcon.colcon_core.shell:Creating package script '/home/farid/tesis/exo_right_arm_ws/install/exo_bringup/share/exo_bringup/package.bash'
[0.971s] INFO:colcon.colcon_core.shell:Creating package script '/home/farid/tesis/exo_right_arm_ws/install/exo_bringup/share/exo_bringup/package.zsh'
[0.972s] Level 1:colcon.colcon_core.environment:create_file_with_runtime_dependencies(/home/farid/tesis/exo_right_arm_ws/install/exo_bringup/share/colcon-core/packages/exo_bringup)
[1.416s] DEBUG:colcon.colcon_core.event_handler.log_command:Invoked command in '/home/farid/tesis/exo_right_arm_ws/build/exo_hardware' returned '0': CMAKE_PREFIX_PATH=${CMAKE_PREFIX_PATH}:/home/farid/tesis/exo_right_arm_ws/install/exo_bringup:/opt/ros/jazzy DEBUGINFOD_URLS=https://debuginfod.ubuntu.com /usr/bin/cmake /home/farid/tesis/exo_right_arm_ws/src/exo_hardware -DCMAKE_INSTALL_PREFIX=/home/farid/tesis/exo_right_arm_ws/install/exo_hardware
[1.417s] DEBUG:colcon.colcon_core.event_handler.log_command:Invoking command in '/home/farid/tesis/exo_right_arm_ws/build/exo_hardware': CMAKE_PREFIX_PATH=${CMAKE_PREFIX_PATH}:/home/farid/tesis/exo_right_arm_ws/install/exo_bringup:/opt/ros/jazzy DEBUGINFOD_URLS=https://debuginfod.ubuntu.com /usr/bin/cmake --build /home/farid/tesis/exo_right_arm_ws/build/exo_hardware -- -j32 -l32
[4.181s] DEBUG:colcon.colcon_core.event_handler.log_command:Invoked command in '/home/farid/tesis/exo_right_arm_ws/build/exo_hardware' returned '0': CMAKE_PREFIX_PATH=${CMAKE_PREFIX_PATH}:/home/farid/tesis/exo_right_arm_ws/install/exo_bringup:/opt/ros/jazzy DEBUGINFOD_URLS=https://debuginfod.ubuntu.com /usr/bin/cmake --build /home/farid/tesis/exo_right_arm_ws/build/exo_hardware -- -j32 -l32
[4.182s] DEBUG:colcon.colcon_core.event_handler.log_command:Invoking command in '/home/farid/tesis/exo_right_arm_ws/build/exo_hardware': CMAKE_PREFIX_PATH=${CMAKE_PREFIX_PATH}:/home/farid/tesis/exo_right_arm_ws/install/exo_bringup:/opt/ros/jazzy DEBUGINFOD_URLS=https://debuginfod.ubuntu.com /usr/bin/cmake --install /home/farid/tesis/exo_right_arm_ws/build/exo_hardware
[4.195s] Level 1:colcon.colcon_core.environment:create_environment_scripts_only(exo_hardware)
[4.195s] Level 1:colcon.colcon_core.environment:checking '/home/farid/tesis/exo_right_arm_ws/install/exo_hardware' for CMake module files
[4.196s] DEBUG:colcon.colcon_core.event_handler.log_command:Invoked command in '/home/farid/tesis/exo_right_arm_ws/build/exo_hardware' returned '0': CMAKE_PREFIX_PATH=${CMAKE_PREFIX_PATH}:/home/farid/tesis/exo_right_arm_ws/install/exo_bringup:/opt/ros/jazzy DEBUGINFOD_URLS=https://debuginfod.ubuntu.com /usr/bin/cmake --install /home/farid/tesis/exo_right_arm_ws/build/exo_hardware
[4.196s] Level 1:colcon.colcon_core.environment:checking '/home/farid/tesis/exo_right_arm_ws/install/exo_hardware' for CMake config files
[4.196s] Level 1:colcon.colcon_core.shell:create_environment_hook('exo_hardware', 'cmake_prefix_path')
[4.197s] INFO:colcon.colcon_core.shell:Creating environment hook '/home/farid/tesis/exo_right_arm_ws/install/exo_hardware/share/exo_hardware/hook/cmake_prefix_path.ps1'
[4.197s] INFO:colcon.colcon_core.shell:Creating environment descriptor '/home/farid/tesis/exo_right_arm_ws/install/exo_hardware/share/exo_hardware/hook/cmake_prefix_path.dsv'
[4.197s] INFO:colcon.colcon_core.shell:Creating environment hook '/home/farid/tesis/exo_right_arm_ws/install/exo_hardware/share/exo_hardware/hook/cmake_prefix_path.sh'
[4.198s] Level 1:colcon.colcon_core.environment:checking '/home/farid/tesis/exo_right_arm_ws/install/exo_hardware/lib'
[4.198s] Level 1:colcon.colcon_core.shell:create_environment_hook('exo_hardware', 'ld_library_path_lib')
[4.198s] INFO:colcon.colcon_core.shell:Creating environment hook '/home/farid/tesis/exo_right_arm_ws/install/exo_hardware/share/exo_hardware/hook/ld_library_path_lib.ps1'
[4.198s] INFO:colcon.colcon_core.shell:Creating environment descriptor '/home/farid/tesis/exo_right_arm_ws/install/exo_hardware/share/exo_hardware/hook/ld_library_path_lib.dsv'
[4.199s] INFO:colcon.colcon_core.shell:Creating environment hook '/home/farid/tesis/exo_right_arm_ws/install/exo_hardware/share/exo_hardware/hook/ld_library_path_lib.sh'
[4.199s] Level 1:colcon.colcon_core.environment:checking '/home/farid/tesis/exo_right_arm_ws/install/exo_hardware/bin'
[4.199s] Level 1:colcon.colcon_core.environment:checking '/home/farid/tesis/exo_right_arm_ws/install/exo_hardware/lib/pkgconfig/exo_hardware.pc'
[4.199s] Level 1:colcon.colcon_core.environment:checking '/home/farid/tesis/exo_right_arm_ws/install/exo_hardware/lib/python3.12/site-packages'
[4.200s] Level 1:colcon.colcon_core.environment:checking '/home/farid/tesis/exo_right_arm_ws/install/exo_hardware/bin'
[4.200s] INFO:colcon.colcon_core.shell:Creating package script '/home/farid/tesis/exo_right_arm_ws/install/exo_hardware/share/exo_hardware/package.ps1'
[4.200s] INFO:colcon.colcon_core.shell:Creating package descriptor '/home/farid/tesis/exo_right_arm_ws/install/exo_hardware/share/exo_hardware/package.dsv'
[4.201s] INFO:colcon.colcon_core.shell:Creating package script '/home/farid/tesis/exo_right_arm_ws/install/exo_hardware/share/exo_hardware/package.sh'
[4.201s] INFO:colcon.colcon_core.shell:Creating package script '/home/farid/tesis/exo_right_arm_ws/install/exo_hardware/share/exo_hardware/package.bash'
[4.201s] INFO:colcon.colcon_core.shell:Creating package script '/home/farid/tesis/exo_right_arm_ws/install/exo_hardware/share/exo_hardware/package.zsh'
[4.201s] Level 1:colcon.colcon_core.environment:create_file_with_runtime_dependencies(/home/farid/tesis/exo_right_arm_ws/install/exo_hardware/share/colcon-core/packages/exo_hardware)
[4.202s] Level 1:colcon.colcon_core.environment:create_environment_scripts_only(exo_hardware)
[4.202s] Level 1:colcon.colcon_core.environment:checking '/home/farid/tesis/exo_right_arm_ws/install/exo_hardware' for CMake module files
[4.203s] Level 1:colcon.colcon_core.environment:checking '/home/farid/tesis/exo_right_arm_ws/install/exo_hardware' for CMake config files
[4.203s] Level 1:colcon.colcon_core.shell:create_environment_hook('exo_hardware', 'cmake_prefix_path')
[4.203s] INFO:colcon.colcon_core.shell:Creating environment hook '/home/farid/tesis/exo_right_arm_ws/install/exo_hardware/share/exo_hardware/hook/cmake_prefix_path.ps1'
[4.203s] INFO:colcon.colcon_core.shell:Creating environment descriptor '/home/farid/tesis/exo_right_arm_ws/install/exo_hardware/share/exo_hardware/hook/cmake_prefix_path.dsv'
[4.204s] INFO:colcon.colcon_core.shell:Creating environment hook '/home/farid/tesis/exo_right_arm_ws/install/exo_hardware/share/exo_hardware/hook/cmake_prefix_path.sh'
[4.204s] Level 1:colcon.colcon_core.environment:checking '/home/farid/tesis/exo_right_arm_ws/install/exo_hardware/lib'
[4.204s] Level 1:colcon.colcon_core.shell:create_environment_hook('exo_hardware', 'ld_library_path_lib')
[4.205s] INFO:colcon.colcon_core.shell:Creating environment hook '/home/farid/tesis/exo_right_arm_ws/install/exo_hardware/share/exo_hardware/hook/ld_library_path_lib.ps1'
[4.205s] INFO:colcon.colcon_core.shell:Creating environment descriptor '/home/farid/tesis/exo_right_arm_ws/install/exo_hardware/share/exo_hardware/hook/ld_library_path_lib.dsv'
[4.205s] INFO:colcon.colcon_core.shell:Creating environment hook '/home/farid/tesis/exo_right_arm_ws/install/exo_hardware/share/exo_hardware/hook/ld_library_path_lib.sh'
[4.205s] Level 1:colcon.colcon_core.environment:checking '/home/farid/tesis/exo_right_arm_ws/install/exo_hardware/bin'
[4.206s] Level 1:colcon.colcon_core.environment:checking '/home/farid/tesis/exo_right_arm_ws/install/exo_hardware/lib/pkgconfig/exo_hardware.pc'
[4.206s] Level 1:colcon.colcon_core.environment:checking '/home/farid/tesis/exo_right_arm_ws/install/exo_hardware/lib/python3.12/site-packages'
[4.206s] Level 1:colcon.colcon_core.environment:checking '/home/farid/tesis/exo_right_arm_ws/install/exo_hardware/bin'
[4.206s] INFO:colcon.colcon_core.shell:Creating package script '/home/farid/tesis/exo_right_arm_ws/install/exo_hardware/share/exo_hardware/package.ps1'
[4.207s] INFO:colcon.colcon_core.shell:Creating package descriptor '/home/farid/tesis/exo_right_arm_ws/install/exo_hardware/share/exo_hardware/package.dsv'
[4.207s] INFO:colcon.colcon_core.shell:Creating package script '/home/farid/tesis/exo_right_arm_ws/install/exo_hardware/share/exo_hardware/package.sh'
[4.207s] INFO:colcon.colcon_core.shell:Creating package script '/home/farid/tesis/exo_right_arm_ws/install/exo_hardware/share/exo_hardware/package.bash'
[4.208s] INFO:colcon.colcon_core.shell:Creating package script '/home/farid/tesis/exo_right_arm_ws/install/exo_hardware/share/exo_hardware/package.zsh'
[4.208s] Level 1:colcon.colcon_core.environment:create_file_with_runtime_dependencies(/home/farid/tesis/exo_right_arm_ws/install/exo_hardware/share/colcon-core/packages/exo_hardware)
[4.208s] DEBUG:colcon.colcon_parallel_executor.executor.parallel:closing loop
[4.208s] DEBUG:colcon.colcon_parallel_executor.executor.parallel:loop closed
[4.208s] DEBUG:colcon.colcon_parallel_executor.executor.parallel:run_until_complete finished with '0'
[4.208s] DEBUG:colcon.colcon_core.event_reactor:joining thread
[4.215s] INFO:colcon.colcon_core.plugin_system:Skipping extension 'colcon_notification.desktop_notification.terminal_notifier': Not used on non-Darwin systems
[4.215s] INFO:colcon.colcon_core.plugin_system:Skipping extension 'colcon_notification.desktop_notification.win32': Not used on non-Windows systems
[4.215s] INFO:colcon.colcon_notification.desktop_notification:Sending desktop notification using 'notify2'
[4.233s] DEBUG:colcon.colcon_core.event_reactor:joined thread
[4.233s] INFO:colcon.colcon_core.shell:Creating prefix script '/home/farid/tesis/exo_right_arm_ws/install/local_setup.ps1'
[4.234s] INFO:colcon.colcon_core.shell:Creating prefix util module '/home/farid/tesis/exo_right_arm_ws/install/_local_setup_util_ps1.py'
[4.235s] INFO:colcon.colcon_core.shell:Creating prefix chain script '/home/farid/tesis/exo_right_arm_ws/install/setup.ps1'
[4.236s] INFO:colcon.colcon_core.shell:Creating prefix script '/home/farid/tesis/exo_right_arm_ws/install/local_setup.sh'
[4.236s] INFO:colcon.colcon_core.shell:Creating prefix util module '/home/farid/tesis/exo_right_arm_ws/install/_local_setup_util_sh.py'
[4.237s] INFO:colcon.colcon_core.shell:Creating prefix chain script '/home/farid/tesis/exo_right_arm_ws/install/setup.sh'
[4.237s] INFO:colcon.colcon_core.shell:Creating prefix script '/home/farid/tesis/exo_right_arm_ws/install/local_setup.bash'
[4.238s] INFO:colcon.colcon_core.shell:Creating prefix chain script '/home/farid/tesis/exo_right_arm_ws/install/setup.bash'
[4.238s] INFO:colcon.colcon_core.shell:Creating prefix script '/home/farid/tesis/exo_right_arm_ws/install/local_setup.zsh'
[4.239s] INFO:colcon.colcon_core.shell:Creating prefix chain script '/home/farid/tesis/exo_right_arm_ws/install/setup.zsh'
