[0.013s] Invoking command in '/home/farid/tesis/exo_right_arm_ws/build/demo_control': CMAKE_PREFIX_PATH=${CMAKE_PREFIX_PATH}:/home/farid/tesis/exo_right_arm_ws/install/my_package:/opt/ros/jazzy DEBUGINFOD_URLS=https://debuginfod.ubuntu.com /usr/bin/cmake --build /home/farid/tesis/exo_right_arm_ws/build/demo_control -- -j32 -l32
[0.164s] Invoked command in '/home/farid/tesis/exo_right_arm_ws/build/demo_control' returned '0': CMAKE_PREFIX_PATH=${CMAKE_PREFIX_PATH}:/home/farid/tesis/exo_right_arm_ws/install/my_package:/opt/ros/jazzy DEBUGINFOD_URLS=https://debuginfod.ubuntu.com /usr/bin/cmake --build /home/farid/tesis/exo_right_arm_ws/build/demo_control -- -j32 -l32
[0.165s] Invoking command in '/home/farid/tesis/exo_right_arm_ws/build/demo_control': CMAKE_PREFIX_PATH=${CMAKE_PREFIX_PATH}:/home/farid/tesis/exo_right_arm_ws/install/my_package:/opt/ros/jazzy DEBUGINFOD_URLS=https://debuginfod.ubuntu.com /usr/bin/cmake --install /home/farid/tesis/exo_right_arm_ws/build/demo_control
[0.175s] -- Install configuration: ""
[0.175s] -- Up-to-date: /home/farid/tesis/exo_right_arm_ws/install/demo_control/share/ament_index/resource_index/package_run_dependencies/demo_control
[0.176s] -- Up-to-date: /home/farid/tesis/exo_right_arm_ws/install/demo_control/share/ament_index/resource_index/parent_prefix_path/demo_control
[0.176s] -- Up-to-date: /home/farid/tesis/exo_right_arm_ws/install/demo_control/share/demo_control/environment/ament_prefix_path.sh
[0.176s] -- Up-to-date: /home/farid/tesis/exo_right_arm_ws/install/demo_control/share/demo_control/environment/ament_prefix_path.dsv
[0.177s] -- Up-to-date: /home/farid/tesis/exo_right_arm_ws/install/demo_control/share/demo_control/environment/path.sh
[0.177s] -- Up-to-date: /home/farid/tesis/exo_right_arm_ws/install/demo_control/share/demo_control/environment/path.dsv
[0.177s] -- Up-to-date: /home/farid/tesis/exo_right_arm_ws/install/demo_control/share/demo_control/local_setup.bash
[0.177s] -- Up-to-date: /home/farid/tesis/exo_right_arm_ws/install/demo_control/share/demo_control/local_setup.sh
[0.177s] -- Up-to-date: /home/farid/tesis/exo_right_arm_ws/install/demo_control/share/demo_control/local_setup.zsh
[0.177s] -- Up-to-date: /home/farid/tesis/exo_right_arm_ws/install/demo_control/share/demo_control/local_setup.dsv
[0.177s] -- Installing: /home/farid/tesis/exo_right_arm_ws/install/demo_control/share/demo_control/package.dsv
[0.178s] -- Up-to-date: /home/farid/tesis/exo_right_arm_ws/install/demo_control/share/ament_index/resource_index/packages/demo_control
[0.178s] -- Up-to-date: /home/farid/tesis/exo_right_arm_ws/install/demo_control/share/demo_control/cmake/demo_controlConfig.cmake
[0.178s] -- Up-to-date: /home/farid/tesis/exo_right_arm_ws/install/demo_control/share/demo_control/cmake/demo_controlConfig-version.cmake
[0.178s] -- Up-to-date: /home/farid/tesis/exo_right_arm_ws/install/demo_control/share/demo_control/package.xml
[0.186s] Invoked command in '/home/farid/tesis/exo_right_arm_ws/build/demo_control' returned '0': CMAKE_PREFIX_PATH=${CMAKE_PREFIX_PATH}:/home/farid/tesis/exo_right_arm_ws/install/my_package:/opt/ros/jazzy DEBUGINFOD_URLS=https://debuginfod.ubuntu.com /usr/bin/cmake --install /home/farid/tesis/exo_right_arm_ws/build/demo_control
