[0.012s] Invoking command in '/home/farid/tesis/exo_right_arm_ws/build/demo_control': CMAKE_PREFIX_PATH=${CMAKE_PREFIX_PATH}:/home/farid/tesis/exo_right_arm_ws/install/my_package:/opt/ros/jazzy DEBUGINFOD_URLS=https://debuginfod.ubuntu.com /usr/bin/cmake /home/farid/tesis/exo_right_arm_ws/src/demo_control -DCMAKE_INSTALL_PREFIX=/home/farid/tesis/exo_right_arm_ws/install/demo_control
[0.052s] -- The C compiler identification is GNU 13.3.0
[0.098s] -- The CXX compiler identification is GNU 13.3.0
[0.110s] -- Detecting C compiler ABI info
[0.179s] -- Detecting C compiler ABI info - done
[0.185s] -- Check for working C compiler: /usr/bin/cc - skipped
[0.185s] -- Detecting C compile features
[0.185s] -- Detecting C compile features - done
[0.193s] -- Detecting CXX compiler ABI info
[0.273s] -- Detecting CXX compiler ABI info - done
[0.279s] -- Check for working CXX compiler: /usr/bin/c++ - skipped
[0.279s] -- Detecting CXX compile features
[0.280s] -- Detecting CXX compile features - done
[0.281s] -- Found ament_cmake: 2.5.5 (/opt/ros/jazzy/share/ament_cmake/cmake)
[0.393s] -- Found Python3: /usr/bin/python3 (found version "3.12.3") found components: Interpreter 
[0.464s] -- Found ament_lint_auto: 0.17.4 (/opt/ros/jazzy/share/ament_lint_auto/cmake)
[0.541s] -- Added test 'lint_cmake' to check CMake code style
[0.541s] -- Added test 'xmllint' to check XML markup files
[0.542s] -- Configuring done (0.5s)
[0.543s] -- Generating done (0.0s)
[0.544s] -- Build files have been written to: /home/farid/tesis/exo_right_arm_ws/build/demo_control
[0.548s] Invoked command in '/home/farid/tesis/exo_right_arm_ws/build/demo_control' returned '0': CMAKE_PREFIX_PATH=${CMAKE_PREFIX_PATH}:/home/farid/tesis/exo_right_arm_ws/install/my_package:/opt/ros/jazzy DEBUGINFOD_URLS=https://debuginfod.ubuntu.com /usr/bin/cmake /home/farid/tesis/exo_right_arm_ws/src/demo_control -DCMAKE_INSTALL_PREFIX=/home/farid/tesis/exo_right_arm_ws/install/demo_control
[0.548s] Invoking command in '/home/farid/tesis/exo_right_arm_ws/build/demo_control': CMAKE_PREFIX_PATH=${CMAKE_PREFIX_PATH}:/home/farid/tesis/exo_right_arm_ws/install/my_package:/opt/ros/jazzy DEBUGINFOD_URLS=https://debuginfod.ubuntu.com /usr/bin/cmake --build /home/farid/tesis/exo_right_arm_ws/build/demo_control -- -j32 -l32
[0.580s] Invoked command in '/home/farid/tesis/exo_right_arm_ws/build/demo_control' returned '0': CMAKE_PREFIX_PATH=${CMAKE_PREFIX_PATH}:/home/farid/tesis/exo_right_arm_ws/install/my_package:/opt/ros/jazzy DEBUGINFOD_URLS=https://debuginfod.ubuntu.com /usr/bin/cmake --build /home/farid/tesis/exo_right_arm_ws/build/demo_control -- -j32 -l32
[0.581s] Invoking command in '/home/farid/tesis/exo_right_arm_ws/build/demo_control': CMAKE_PREFIX_PATH=${CMAKE_PREFIX_PATH}:/home/farid/tesis/exo_right_arm_ws/install/my_package:/opt/ros/jazzy DEBUGINFOD_URLS=https://debuginfod.ubuntu.com /usr/bin/cmake --install /home/farid/tesis/exo_right_arm_ws/build/demo_control
[0.586s] -- Install configuration: ""
[0.586s] -- Installing: /home/farid/tesis/exo_right_arm_ws/install/demo_control/share/ament_index/resource_index/package_run_dependencies/demo_control
[0.587s] -- Installing: /home/farid/tesis/exo_right_arm_ws/install/demo_control/share/ament_index/resource_index/parent_prefix_path/demo_control
[0.587s] -- Installing: /home/farid/tesis/exo_right_arm_ws/install/demo_control/share/demo_control/environment/ament_prefix_path.sh
[0.587s] -- Installing: /home/farid/tesis/exo_right_arm_ws/install/demo_control/share/demo_control/environment/ament_prefix_path.dsv
[0.587s] -- Installing: /home/farid/tesis/exo_right_arm_ws/install/demo_control/share/demo_control/environment/path.sh
[0.587s] -- Installing: /home/farid/tesis/exo_right_arm_ws/install/demo_control/share/demo_control/environment/path.dsv
[0.587s] -- Installing: /home/farid/tesis/exo_right_arm_ws/install/demo_control/share/demo_control/local_setup.bash
[0.587s] -- Installing: /home/farid/tesis/exo_right_arm_ws/install/demo_control/share/demo_control/local_setup.sh
[0.587s] -- Installing: /home/farid/tesis/exo_right_arm_ws/install/demo_control/share/demo_control/local_setup.zsh
[0.588s] -- Installing: /home/farid/tesis/exo_right_arm_ws/install/demo_control/share/demo_control/local_setup.dsv
[0.588s] -- Installing: /home/farid/tesis/exo_right_arm_ws/install/demo_control/share/demo_control/package.dsv
[0.588s] -- Installing: /home/farid/tesis/exo_right_arm_ws/install/demo_control/share/ament_index/resource_index/packages/demo_control
[0.588s] -- Installing: /home/farid/tesis/exo_right_arm_ws/install/demo_control/share/demo_control/cmake/demo_controlConfig.cmake
[0.588s] -- Installing: /home/farid/tesis/exo_right_arm_ws/install/demo_control/share/demo_control/cmake/demo_controlConfig-version.cmake
[0.588s] -- Installing: /home/farid/tesis/exo_right_arm_ws/install/demo_control/share/demo_control/package.xml
[0.596s] Invoked command in '/home/farid/tesis/exo_right_arm_ws/build/demo_control' returned '0': CMAKE_PREFIX_PATH=${CMAKE_PREFIX_PATH}:/home/farid/tesis/exo_right_arm_ws/install/my_package:/opt/ros/jazzy DEBUGINFOD_URLS=https://debuginfod.ubuntu.com /usr/bin/cmake --install /home/farid/tesis/exo_right_arm_ws/build/demo_control
