[01m[K/home/farid/tesis/exo_right_arm_ws/src/gravity_compensation_controller/src/gravity_compensation_controller.cpp:[m[K In member function ‘[01m[Kbool gravity_compensation_controller::GravityCompensationController::[01;32m[Kinit_interfaces[m[K()[m[K’:
[01m[K/home/farid/tesis/exo_right_arm_ws/src/gravity_compensation_controller/src/gravity_compensation_controller.cpp:147:32:[m[K [01;31m[Kerror: [m[Kno matching function for call to ‘[01m[Kstd::vector<std::reference_wrapper<hardware_interface::LoanedStateInterface> >::push_back(hardware_interface::LoanedCommandInterface&)[m[K’
  147 |       [01;31m[Kcmd_interfaces_.push_back(cmd)[m[K;
      |       [01;31m[K~~~~~~~~~~~~~~~~~~~~~~~~~^~~~~[m[K
In file included from [01m[K/usr/include/c++/13/vector:66[m[K,
                 from [01m[K/home/farid/tesis/exo_right_arm_ws/src/gravity_compensation_controller/include/gravity_compensation_controller/gravity_compensation_controller.hpp:3[m[K,
                 from [01m[K/home/farid/tesis/exo_right_arm_ws/src/gravity_compensation_controller/src/gravity_compensation_controller.cpp:1[m[K:
[01m[K/usr/include/c++/13/bits/stl_vector.h:1281:7:[m[K [01;36m[Knote: [m[Kcandidate: ‘[01m[Kvoid std::vector<_Tp, _Alloc>::[01;32m[Kpush_back[m[K(const value_type&) [35m[K[with _Tp = std::reference_wrapper<hardware_interface::LoanedStateInterface>; _Alloc = std::allocator<std::reference_wrapper<hardware_interface::LoanedStateInterface> >; value_type = std::reference_wrapper<hardware_interface::LoanedStateInterface>][m[K[m[K’
 1281 |       [01;36m[Kpush_back[m[K(const value_type& __x)
      |       [01;36m[K^~~~~~~~~[m[K
[01m[K/usr/include/c++/13/bits/stl_vector.h:1281:35:[m[K [01;36m[Knote: [m[K  no known conversion for argument 1 from ‘[01m[Khardware_interface::LoanedCommandInterface[m[K’ to ‘[01m[Kconst std::vector<std::reference_wrapper<hardware_interface::LoanedStateInterface> >::value_type&[m[K’ {aka ‘[01m[Kconst std::reference_wrapper<hardware_interface::LoanedStateInterface>&[m[K’}
 1281 |       push_back([01;36m[Kconst value_type& __x[m[K)
      |                 [01;36m[K~~~~~~~~~~~~~~~~~~^~~[m[K
[01m[K/usr/include/c++/13/bits/stl_vector.h:1298:7:[m[K [01;36m[Knote: [m[Kcandidate: ‘[01m[Kvoid std::vector<_Tp, _Alloc>::[01;32m[Kpush_back[m[K(value_type&&) [35m[K[with _Tp = std::reference_wrapper<hardware_interface::LoanedStateInterface>; _Alloc = std::allocator<std::reference_wrapper<hardware_interface::LoanedStateInterface> >; value_type = std::reference_wrapper<hardware_interface::LoanedStateInterface>][m[K[m[K’
 1298 |       [01;36m[Kpush_back[m[K(value_type&& __x)
      |       [01;36m[K^~~~~~~~~[m[K
[01m[K/usr/include/c++/13/bits/stl_vector.h:1298:30:[m[K [01;36m[Knote: [m[K  no known conversion for argument 1 from ‘[01m[Khardware_interface::LoanedCommandInterface[m[K’ to ‘[01m[Kstd::vector<std::reference_wrapper<hardware_interface::LoanedStateInterface> >::value_type&&[m[K’ {aka ‘[01m[Kstd::reference_wrapper<hardware_interface::LoanedStateInterface>&&[m[K’}
 1298 |       push_back([01;36m[Kvalue_type&& __x[m[K)
      |                 [01;36m[K~~~~~~~~~~~~~^~~[m[K
[01m[K/home/farid/tesis/exo_right_arm_ws/src/gravity_compensation_controller/src/gravity_compensation_controller.cpp:[m[K In member function ‘[01m[Kvirtual controller_interface::return_type gravity_compensation_controller::GravityCompensationController::[01;32m[Kupdate[m[K(const rclcpp::Time&, const rclcpp::Duration&)[m[K’:
[01m[K/home/farid/tesis/exo_right_arm_ws/src/gravity_compensation_controller/src/gravity_compensation_controller.cpp:175:12:[m[K [01;35m[Kwarning: [m[Kunused variable ‘[01m[Kdq[m[K’ [[01;35m[K]8;;https://gcc.gnu.org/onlinedocs/gcc/Warning-Options.html#index-Wunused-variable-Wunused-variable]8;;[m[K]
  175 |     double [01;35m[Kdq[m[K = *dq_opt;
      |            [01;35m[K^~[m[K
gmake[2]: *** [CMakeFiles/gravity_compensation_controller.dir/build.make:76: CMakeFiles/gravity_compensation_controller.dir/src/gravity_compensation_controller.cpp.o] Error 1
gmake[1]: *** [CMakeFiles/Makefile2:137: CMakeFiles/gravity_compensation_controller.dir/all] Error 2
gmake: *** [Makefile:146: all] Error 2
