[0.518s] Invoking command in '/home/farid/tesis/exo_right_arm_ws/src/my_package': DEBUGINFOD_URLS=https://debuginfod.ubuntu.com PYTHONPATH=/home/farid/tesis/exo_right_arm_ws/build/my_package/prefix_override:/usr/lib/python3/dist-packages/colcon_core/task/python/colcon_distutils_commands:/home/farid/tesis/exo_right_arm_ws/install/my_package/lib/python3.12/site-packages:${PYTHONPATH} /usr/bin/python3 -W ignore:setup.py install is deprecated -W ignore:easy_install command is deprecated setup.py egg_info --egg-base ../../build/my_package build --build-base /home/farid/tesis/exo_right_arm_ws/build/my_package/build install --record /home/farid/tesis/exo_right_arm_ws/build/my_package/install.log --single-version-externally-managed install_data
[0.686s] running egg_info
[0.697s] writing ../../build/my_package/my_package.egg-info/PKG-INFO
[0.697s] writing dependency_links to ../../build/my_package/my_package.egg-info/dependency_links.txt
[0.697s] writing entry points to ../../build/my_package/my_package.egg-info/entry_points.txt
[0.697s] writing requirements to ../../build/my_package/my_package.egg-info/requires.txt
[0.697s] writing top-level names to ../../build/my_package/my_package.egg-info/top_level.txt
[0.720s] reading manifest file '../../build/my_package/my_package.egg-info/SOURCES.txt'
[0.720s] writing manifest file '../../build/my_package/my_package.egg-info/SOURCES.txt'
[0.720s] running build
[0.720s] running build_py
[0.720s] running install
[0.725s] running install_lib
[0.736s] running install_data
[0.736s] running install_egg_info
[0.748s] removing '/home/farid/tesis/exo_right_arm_ws/install/my_package/lib/python3.12/site-packages/my_package-0.0.0-py3.12.egg-info' (and everything under it)
[0.748s] Copying ../../build/my_package/my_package.egg-info to /home/farid/tesis/exo_right_arm_ws/install/my_package/lib/python3.12/site-packages/my_package-0.0.0-py3.12.egg-info
[0.748s] running install_scripts
[0.824s] Installing my_node script to /home/farid/tesis/exo_right_arm_ws/install/my_package/lib/my_package
[0.824s] writing list of installed files to '/home/farid/tesis/exo_right_arm_ws/build/my_package/install.log'
[0.840s] Invoked command in '/home/farid/tesis/exo_right_arm_ws/src/my_package' returned '0': DEBUGINFOD_URLS=https://debuginfod.ubuntu.com PYTHONPATH=/home/farid/tesis/exo_right_arm_ws/build/my_package/prefix_override:/usr/lib/python3/dist-packages/colcon_core/task/python/colcon_distutils_commands:/home/farid/tesis/exo_right_arm_ws/install/my_package/lib/python3.12/site-packages:${PYTHONPATH} /usr/bin/python3 -W ignore:setup.py install is deprecated -W ignore:easy_install command is deprecated setup.py egg_info --egg-base ../../build/my_package build --build-base /home/farid/tesis/exo_right_arm_ws/build/my_package/build install --record /home/farid/tesis/exo_right_arm_ws/build/my_package/install.log --single-version-externally-managed install_data
