[0.007s] Invoking command in '/home/farid/tesis/exo_right_arm_ws/build/gravity_compensation_controller': AMENT_PREFIX_PATH=/home/farid/tesis/exo_right_arm_ws/install/exo_description:${AMENT_PREFIX_PATH} CMAKE_PREFIX_PATH=/home/farid/tesis/exo_right_arm_ws/install/exo_description:/tmp/pinocchio_ros/opt/ros/jazzy:/opt/ros/jazzy/opt/gz_sim_vendor:/opt/ros/jazzy/opt/gz_sensors_vendor:/opt/ros/jazzy/opt/gz_physics_vendor:/opt/ros/jazzy/opt/sdformat_vendor:/opt/ros/jazzy/opt/gz_gui_vendor:/opt/ros/jazzy/opt/gz_transport_vendor:/opt/ros/jazzy/opt/gz_rendering_vendor:/opt/ros/jazzy/opt/gz_plugin_vendor:/opt/ros/jazzy/opt/gz_fuel_tools_vendor:/opt/ros/jazzy/opt/gz_msgs_vendor:/opt/ros/jazzy/opt/gz_common_vendor:/opt/ros/jazzy/opt/gz_math_vendor:/opt/ros/jazzy/opt/gz_utils_vendor:/opt/ros/jazzy/opt/gz_tools_vendor:/opt/ros/jazzy/opt/gz_ogre_next_vendor:/opt/ros/jazzy/opt/gz_dartsim_vendor:/opt/ros/jazzy/opt/gz_cmake_vendor:/opt/ros/jazzy DEBUGINFOD_URLS=https://debuginfod.ubuntu.com /usr/bin/cmake /home/farid/tesis/exo_right_arm_ws/src/gravity_compensation_controller -DCMAKE_INSTALL_PREFIX=/home/farid/tesis/exo_right_arm_ws/install/gravity_compensation_controller
[0.058s] -- The C compiler identification is GNU 13.3.0
[0.119s] -- The CXX compiler identification is GNU 13.3.0
[0.132s] -- Detecting C compiler ABI info
[0.238s] -- Detecting C compiler ABI info - done
[0.251s] -- Check for working C compiler: /usr/bin/cc - skipped
[0.252s] -- Detecting C compile features
[0.252s] -- Detecting C compile features - done
[0.264s] -- Detecting CXX compiler ABI info
[0.381s] -- Detecting CXX compiler ABI info - done
[0.387s] -- Check for working CXX compiler: /usr/bin/c++ - skipped
[0.387s] -- Detecting CXX compile features
[0.388s] -- Detecting CXX compile features - done
[0.391s] -- Found ament_cmake: 2.5.5 (/opt/ros/jazzy/share/ament_cmake/cmake)
[0.535s] -- Found Python3: /usr/bin/python3 (found version "3.12.3") found components: Interpreter 
[0.623s] -- Found controller_interface: 4.42.2 (/opt/ros/jazzy/share/controller_interface/cmake)
[0.675s] -- Found rosidl_generator_c: 4.6.7 (/opt/ros/jazzy/share/rosidl_generator_c/cmake)
[0.686s] -- Found rosidl_generator_cpp: 4.6.7 (/opt/ros/jazzy/share/rosidl_generator_cpp/cmake)
[0.700s] -- Using all available rosidl_typesupport_c: rosidl_typesupport_fastrtps_c;rosidl_typesupport_introspection_c
[0.714s] -- Using all available rosidl_typesupport_cpp: rosidl_typesupport_fastrtps_cpp;rosidl_typesupport_introspection_cpp
[0.884s] -- Found TinyXML2 via Config file: /usr/lib/x86_64-linux-gnu/cmake/tinyxml2
[0.921s] -- Found rmw_implementation_cmake: 7.3.3 (/opt/ros/jazzy/share/rmw_implementation_cmake/cmake)
[0.924s] -- Found rmw_fastrtps_cpp: 8.4.3 (/opt/ros/jazzy/share/rmw_fastrtps_cpp/cmake)
[0.943s] -- Found TinyXML2 via Config file: /usr/lib/x86_64-linux-gnu/cmake/tinyxml2
[1.011s] -- Found OpenSSL: /usr/lib/x86_64-linux-gnu/libcrypto.so (found version "3.0.13")  
[1.014s] -- Found TinyXML2 via Config file: /usr/lib/x86_64-linux-gnu/cmake/tinyxml2
[1.037s] -- Found FastRTPS: /opt/ros/jazzy/include (Required is at least version "2.13") 
[1.041s] -- Found TinyXML2 via Config file: /usr/lib/x86_64-linux-gnu/cmake/tinyxml2
[1.047s] -- Found TinyXML2 via Config file: /usr/lib/x86_64-linux-gnu/cmake/tinyxml2
[1.060s] -- Using RMW implementation 'rmw_fastrtps_cpp' as default
[1.302s] -- Found eigen3_cmake_module: 0.3.0 (/opt/ros/jazzy/share/eigen3_cmake_module/cmake)
[1.311s] -- Found Eigen3: TRUE (found version "3.4.0") 
[1.312s] -- pinocchio_default FOUND. pinocchio_default at /tmp/pinocchio_ros/opt/ros/jazzy/lib/x86_64-linux-gnu/libpinocchio_default.so
[1.312s] -- pinocchio_parsers FOUND. pinocchio_parsers at /tmp/pinocchio_ros/opt/ros/jazzy/lib/x86_64-linux-gnu/libpinocchio_parsers.so
[1.314s] -- boost_filesystem FOUND. boost_filesystem at /lib/x86_64-linux-gnu/libboost_filesystem.so
[1.350s] -- Found Boost: /usr/include (found version "1.83.0") found components: filesystem serialization system 
[1.358s] CMake Error at /usr/share/cmake-3.28/Modules/CMakeFindDependencyMacro.cmake:76 (find_package):
[1.358s]   By not providing "Findeigenpy.cmake" in CMAKE_MODULE_PATH this project has
[1.358s]   asked CMake to find a package configuration file provided by "eigenpy", but
[1.358s]   CMake did not find one.
[1.358s] 
[1.358s]   Could not find a package configuration file provided by "eigenpy"
[1.358s]   (requested version 2.7.10) with any of the following names:
[1.359s] 
[1.359s]     eigenpyConfig.cmake
[1.359s]     eigenpy-config.cmake
[1.359s] 
[1.359s]   Add the installation prefix of "eigenpy" to CMAKE_PREFIX_PATH or set
[1.359s]   "eigenpy_DIR" to a directory containing one of the above files.  If
[1.359s]   "eigenpy" provides a separate development package or SDK, be sure it has
[1.359s]   been installed.
[1.359s] Call Stack (most recent call first):
[1.359s]   /tmp/pinocchio_ros/opt/ros/jazzy/lib/x86_64-linux-gnu/cmake/pinocchio/pinocchioConfig.cmake:161 (find_dependency)
[1.359s]   CMakeLists.txt:18 (find_package)
[1.359s] 
[1.359s] 
[1.359s] -- Configuring incomplete, errors occurred!
[1.367s] Invoked command in '/home/farid/tesis/exo_right_arm_ws/build/gravity_compensation_controller' returned '1': AMENT_PREFIX_PATH=/home/farid/tesis/exo_right_arm_ws/install/exo_description:${AMENT_PREFIX_PATH} CMAKE_PREFIX_PATH=/home/farid/tesis/exo_right_arm_ws/install/exo_description:/tmp/pinocchio_ros/opt/ros/jazzy:/opt/ros/jazzy/opt/gz_sim_vendor:/opt/ros/jazzy/opt/gz_sensors_vendor:/opt/ros/jazzy/opt/gz_physics_vendor:/opt/ros/jazzy/opt/sdformat_vendor:/opt/ros/jazzy/opt/gz_gui_vendor:/opt/ros/jazzy/opt/gz_transport_vendor:/opt/ros/jazzy/opt/gz_rendering_vendor:/opt/ros/jazzy/opt/gz_plugin_vendor:/opt/ros/jazzy/opt/gz_fuel_tools_vendor:/opt/ros/jazzy/opt/gz_msgs_vendor:/opt/ros/jazzy/opt/gz_common_vendor:/opt/ros/jazzy/opt/gz_math_vendor:/opt/ros/jazzy/opt/gz_utils_vendor:/opt/ros/jazzy/opt/gz_tools_vendor:/opt/ros/jazzy/opt/gz_ogre_next_vendor:/opt/ros/jazzy/opt/gz_dartsim_vendor:/opt/ros/jazzy/opt/gz_cmake_vendor:/opt/ros/jazzy DEBUGINFOD_URLS=https://debuginfod.ubuntu.com /usr/bin/cmake /home/farid/tesis/exo_right_arm_ws/src/gravity_compensation_controller -DCMAKE_INSTALL_PREFIX=/home/farid/tesis/exo_right_arm_ws/install/gravity_compensation_controller
