[0.519s] Invoking command in '/home/farid/tesis/exo_right_arm_ws/src/exo_bringup': DEBUGINFOD_URLS=https://debuginfod.ubuntu.com PYTHONPATH=/home/farid/tesis/exo_right_arm_ws/build/exo_bringup/prefix_override:/usr/lib/python3/dist-packages/colcon_core/task/python/colcon_distutils_commands:/home/farid/tesis/exo_right_arm_ws/install/exo_bringup/lib/python3.12/site-packages:${PYTHONPATH} /usr/bin/python3 -W ignore:setup.py install is deprecated -W ignore:easy_install command is deprecated setup.py egg_info --egg-base ../../build/exo_bringup build --build-base /home/farid/tesis/exo_right_arm_ws/build/exo_bringup/build install --record /home/farid/tesis/exo_right_arm_ws/build/exo_bringup/install.log --single-version-externally-managed install_data
[0.685s] running egg_info
[0.697s] writing ../../build/exo_bringup/exo_bringup.egg-info/PKG-INFO
[0.697s] writing dependency_links to ../../build/exo_bringup/exo_bringup.egg-info/dependency_links.txt
[0.697s] writing requirements to ../../build/exo_bringup/exo_bringup.egg-info/requires.txt
[0.697s] writing top-level names to ../../build/exo_bringup/exo_bringup.egg-info/top_level.txt
[0.708s] reading manifest file '../../build/exo_bringup/exo_bringup.egg-info/SOURCES.txt'
[0.709s] writing manifest file '../../build/exo_bringup/exo_bringup.egg-info/SOURCES.txt'
[0.709s] running build
[0.709s] running install
[0.713s] running install_data
[0.713s] copying launch/gazebo.launch.py -> /home/farid/tesis/exo_right_arm_ws/install/exo_bringup/share/exo_bringup/launch
[0.713s] copying config/controllers_gravity_compensation.yaml -> /home/farid/tesis/exo_right_arm_ws/install/exo_bringup/share/exo_bringup/config
[0.713s] copying config/controllers_effort.yaml -> /home/farid/tesis/exo_right_arm_ws/install/exo_bringup/share/exo_bringup/config
[0.713s] running install_egg_info
[0.737s] removing '/home/farid/tesis/exo_right_arm_ws/install/exo_bringup/lib/python3.12/site-packages/exo_bringup-0.0.0-py3.12.egg-info' (and everything under it)
[0.737s] Copying ../../build/exo_bringup/exo_bringup.egg-info to /home/farid/tesis/exo_right_arm_ws/install/exo_bringup/lib/python3.12/site-packages/exo_bringup-0.0.0-py3.12.egg-info
[0.738s] running install_scripts
[0.816s] writing list of installed files to '/home/farid/tesis/exo_right_arm_ws/build/exo_bringup/install.log'
[0.833s] Invoked command in '/home/farid/tesis/exo_right_arm_ws/src/exo_bringup' returned '0': DEBUGINFOD_URLS=https://debuginfod.ubuntu.com PYTHONPATH=/home/farid/tesis/exo_right_arm_ws/build/exo_bringup/prefix_override:/usr/lib/python3/dist-packages/colcon_core/task/python/colcon_distutils_commands:/home/farid/tesis/exo_right_arm_ws/install/exo_bringup/lib/python3.12/site-packages:${PYTHONPATH} /usr/bin/python3 -W ignore:setup.py install is deprecated -W ignore:easy_install command is deprecated setup.py egg_info --egg-base ../../build/exo_bringup build --build-base /home/farid/tesis/exo_right_arm_ws/build/exo_bringup/build install --record /home/farid/tesis/exo_right_arm_ws/build/exo_bringup/install.log --single-version-externally-managed install_data
