[ 50%] [32mBuilding CXX object CMakeFiles/exo_hardware.dir/src/exo_hardware.cpp.o[0m
[01m[K/home/farid/tesis/exo_right_arm_ws/src/exo_hardware/src/exo_hardware.cpp:[m[K In member function ‘[01m[Kvirtual hardware_interface::CallbackReturn exo_hardware::teensy_plugin::[01;32m[Kon_init[m[K(const hardware_interface::HardwareInfo&)[m[K’:
[01m[K/home/farid/tesis/exo_right_arm_ws/src/exo_hardware/src/exo_hardware.cpp:36:50:[m[K [01;35m[Kwarning: [m[K‘[01m[Kvirtual rclcpp_lifecycle::node_interfaces::LifecycleNodeInterface::CallbackReturn hardware_interface::HardwareComponentInterface::[01;32m[Kon_init[m[K(const hardware_interface::HardwareInfo&)[m[K’ is deprecated: Use on_init(const HardwareComponentInterfaceParams & params) instead. [[01;35m[K]8;;https://gcc.gnu.org/onlinedocs/gcc/Warning-Options.html#index-Wdeprecated-declarations-Wdeprecated-declarations]8;;[m[K]
   36 |   if([01;35m[Khardware_interface::SystemInterface::on_init(info)[m[K !=
      |      [01;35m[K~~~~~~~~~~~~~~~~~~~~~~~~~~~~~~~~~~~~~~~~~~~~^~~~~~[m[K
In file included from [01m[K/opt/ros/jazzy/include/hardware_interface/hardware_interface/system_interface.hpp:18[m[K,
                 from [01m[K/home/farid/tesis/exo_right_arm_ws/src/exo_hardware/include/exo_hardware/exo_hardware.hpp:6[m[K,
                 from [01m[K/home/farid/tesis/exo_right_arm_ws/src/exo_hardware/src/exo_hardware.cpp:1[m[K:
[01m[K/opt/ros/jazzy/include/hardware_interface/hardware_interface/hardware_component_interface.hpp:140:26:[m[K [01;36m[Knote: [m[Kdeclared here
  140 |   virtual CallbackReturn [01;36m[Kon_init[m[K(const HardwareInfo & hardware_info);
      |                          [01;36m[K^~~~~~~[m[K
[100%] [32m[1mLinking CXX shared library libexo_hardware.so[0m
[100%] Built target exo_hardware
-- Install configuration: ""
-- Up-to-date: /home/farid/tesis/exo_right_arm_ws/install/exo_hardware/share/exo_hardware/exo_hardware_plugins.xml
-- Installing: /home/farid/tesis/exo_right_arm_ws/install/exo_hardware/lib/libexo_hardware.so
-- Set non-toolchain portion of runtime path of "/home/farid/tesis/exo_right_arm_ws/install/exo_hardware/lib/libexo_hardware.so" to ""
-- Up-to-date: /home/farid/tesis/exo_right_arm_ws/install/exo_hardware/include
-- Up-to-date: /home/farid/tesis/exo_right_arm_ws/install/exo_hardware/include/exo_hardware
-- Installing: /home/farid/tesis/exo_right_arm_ws/install/exo_hardware/include/exo_hardware/exo_hardware.hpp
-- Up-to-date: /home/farid/tesis/exo_right_arm_ws/install/exo_hardware/share/ament_index/resource_index/package_run_dependencies/exo_hardware
-- Up-to-date: /home/farid/tesis/exo_right_arm_ws/install/exo_hardware/share/ament_index/resource_index/parent_prefix_path/exo_hardware
-- Up-to-date: /home/farid/tesis/exo_right_arm_ws/install/exo_hardware/share/exo_hardware/environment/ament_prefix_path.sh
-- Up-to-date: /home/farid/tesis/exo_right_arm_ws/install/exo_hardware/share/exo_hardware/environment/ament_prefix_path.dsv
-- Up-to-date: /home/farid/tesis/exo_right_arm_ws/install/exo_hardware/share/exo_hardware/environment/path.sh
-- Up-to-date: /home/farid/tesis/exo_right_arm_ws/install/exo_hardware/share/exo_hardware/environment/path.dsv
-- Up-to-date: /home/farid/tesis/exo_right_arm_ws/install/exo_hardware/share/exo_hardware/local_setup.bash
-- Up-to-date: /home/farid/tesis/exo_right_arm_ws/install/exo_hardware/share/exo_hardware/local_setup.sh
-- Up-to-date: /home/farid/tesis/exo_right_arm_ws/install/exo_hardware/share/exo_hardware/local_setup.zsh
-- Up-to-date: /home/farid/tesis/exo_right_arm_ws/install/exo_hardware/share/exo_hardware/local_setup.dsv
-- Installing: /home/farid/tesis/exo_right_arm_ws/install/exo_hardware/share/exo_hardware/package.dsv
-- Up-to-date: /home/farid/tesis/exo_right_arm_ws/install/exo_hardware/share/ament_index/resource_index/packages/exo_hardware
-- Up-to-date: /home/farid/tesis/exo_right_arm_ws/install/exo_hardware/share/ament_index/resource_index/hardware_interface__pluginlib__plugin/exo_hardware
-- Up-to-date: /home/farid/tesis/exo_right_arm_ws/install/exo_hardware/share/exo_hardware/cmake/exo_hardwareConfig.cmake
-- Up-to-date: /home/farid/tesis/exo_right_arm_ws/install/exo_hardware/share/exo_hardware/cmake/exo_hardwareConfig-version.cmake
-- Up-to-date: /home/farid/tesis/exo_right_arm_ws/install/exo_hardware/share/exo_hardware/package.xml
