[0.146s] Invoking command in '/home/farid/tesis/exo_right_arm_ws/build/gravity_compensation_controller': CMAKE_PREFIX_PATH=${CMAKE_PREFIX_PATH}:/home/farid/tesis/exo_right_arm_ws/install/exo_bringup:/opt/ros/jazzy DEBUGINFOD_URLS=https://debuginfod.ubuntu.com /usr/bin/cmake --build /home/farid/tesis/exo_right_arm_ws/build/gravity_compensation_controller -- -j32 -l32
[0.196s] [100%] Built target gravity_compensation_controller
[0.206s] Invoked command in '/home/farid/tesis/exo_right_arm_ws/build/gravity_compensation_controller' returned '0': CMAKE_PREFIX_PATH=${CMAKE_PREFIX_PATH}:/home/farid/tesis/exo_right_arm_ws/install/exo_bringup:/opt/ros/jazzy DEBUGINFOD_URLS=https://debuginfod.ubuntu.com /usr/bin/cmake --build /home/farid/tesis/exo_right_arm_ws/build/gravity_compensation_controller -- -j32 -l32
[0.207s] Invoking command in '/home/farid/tesis/exo_right_arm_ws/build/gravity_compensation_controller': CMAKE_PREFIX_PATH=${CMAKE_PREFIX_PATH}:/home/farid/tesis/exo_right_arm_ws/install/exo_bringup:/opt/ros/jazzy DEBUGINFOD_URLS=https://debuginfod.ubuntu.com /usr/bin/cmake --install /home/farid/tesis/exo_right_arm_ws/build/gravity_compensation_controller
[0.213s] -- Install configuration: ""
[0.213s] -- Up-to-date: /home/farid/tesis/exo_right_arm_ws/install/gravity_compensation_controller/share/gravity_compensation_controller/gravity_compensation_controller_plugin.xml
[0.213s] -- Up-to-date: /home/farid/tesis/exo_right_arm_ws/install/gravity_compensation_controller/lib/libgravity_compensation_controller.so
[0.213s] -- Up-to-date: /home/farid/tesis/exo_right_arm_ws/install/gravity_compensation_controller/include
[0.213s] -- Up-to-date: /home/farid/tesis/exo_right_arm_ws/install/gravity_compensation_controller/include/gravity_compensation_controller
[0.213s] -- Up-to-date: /home/farid/tesis/exo_right_arm_ws/install/gravity_compensation_controller/include/gravity_compensation_controller/gravity_compensation_controller.hpp
[0.213s] -- Up-to-date: /home/farid/tesis/exo_right_arm_ws/install/gravity_compensation_controller/share/gravity_compensation_controller/gravity_compensation_controller_plugin.xml
[0.214s] -- Up-to-date: /home/farid/tesis/exo_right_arm_ws/install/gravity_compensation_controller/share/ament_index/resource_index/package_run_dependencies/gravity_compensation_controller
[0.214s] -- Up-to-date: /home/farid/tesis/exo_right_arm_ws/install/gravity_compensation_controller/share/ament_index/resource_index/parent_prefix_path/gravity_compensation_controller
[0.214s] -- Up-to-date: /home/farid/tesis/exo_right_arm_ws/install/gravity_compensation_controller/share/gravity_compensation_controller/environment/ament_prefix_path.sh
[0.214s] -- Up-to-date: /home/farid/tesis/exo_right_arm_ws/install/gravity_compensation_controller/share/gravity_compensation_controller/environment/ament_prefix_path.dsv
[0.214s] -- Up-to-date: /home/farid/tesis/exo_right_arm_ws/install/gravity_compensation_controller/share/gravity_compensation_controller/environment/path.sh
[0.214s] -- Up-to-date: /home/farid/tesis/exo_right_arm_ws/install/gravity_compensation_controller/share/gravity_compensation_controller/environment/path.dsv
[0.214s] -- Up-to-date: /home/farid/tesis/exo_right_arm_ws/install/gravity_compensation_controller/share/gravity_compensation_controller/local_setup.bash
[0.214s] -- Up-to-date: /home/farid/tesis/exo_right_arm_ws/install/gravity_compensation_controller/share/gravity_compensation_controller/local_setup.sh
[0.214s] -- Up-to-date: /home/farid/tesis/exo_right_arm_ws/install/gravity_compensation_controller/share/gravity_compensation_controller/local_setup.zsh
[0.214s] -- Up-to-date: /home/farid/tesis/exo_right_arm_ws/install/gravity_compensation_controller/share/gravity_compensation_controller/local_setup.dsv
[0.214s] -- Installing: /home/farid/tesis/exo_right_arm_ws/install/gravity_compensation_controller/share/gravity_compensation_controller/package.dsv
[0.214s] -- Up-to-date: /home/farid/tesis/exo_right_arm_ws/install/gravity_compensation_controller/share/ament_index/resource_index/packages/gravity_compensation_controller
[0.214s] -- Up-to-date: /home/farid/tesis/exo_right_arm_ws/install/gravity_compensation_controller/share/ament_index/resource_index/controller_interface__pluginlib__plugin/gravity_compensation_controller
[0.214s] -- Up-to-date: /home/farid/tesis/exo_right_arm_ws/install/gravity_compensation_controller/share/gravity_compensation_controller/cmake/gravity_compensation_controllerConfig.cmake
[0.214s] -- Up-to-date: /home/farid/tesis/exo_right_arm_ws/install/gravity_compensation_controller/share/gravity_compensation_controller/cmake/gravity_compensation_controllerConfig-version.cmake
[0.214s] -- Up-to-date: /home/farid/tesis/exo_right_arm_ws/install/gravity_compensation_controller/share/gravity_compensation_controller/package.xml
[0.215s] Invoked command in '/home/farid/tesis/exo_right_arm_ws/build/gravity_compensation_controller' returned '0': CMAKE_PREFIX_PATH=${CMAKE_PREFIX_PATH}:/home/farid/tesis/exo_right_arm_ws/install/exo_bringup:/opt/ros/jazzy DEBUGINFOD_URLS=https://debuginfod.ubuntu.com /usr/bin/cmake --install /home/farid/tesis/exo_right_arm_ws/build/gravity_compensation_controller
