running egg_info
creating ../../build/exo_bringup/exo_bringup.egg-info
writing ../../build/exo_bringup/exo_bringup.egg-info/PKG-INFO
writing dependency_links to ../../build/exo_bringup/exo_bringup.egg-info/dependency_links.txt
writing requirements to ../../build/exo_bringup/exo_bringup.egg-info/requires.txt
writing top-level names to ../../build/exo_bringup/exo_bringup.egg-info/top_level.txt
writing manifest file '../../build/exo_bringup/exo_bringup.egg-info/SOURCES.txt'
reading manifest file '../../build/exo_bringup/exo_bringup.egg-info/SOURCES.txt'
writing manifest file '../../build/exo_bringup/exo_bringup.egg-info/SOURCES.txt'
running build
running install
running install_data
creating /home/farid/tesis/exo_right_arm_ws/install/exo_bringup/share/ament_index
creating /home/farid/tesis/exo_right_arm_ws/install/exo_bringup/share/ament_index/resource_index
creating /home/farid/tesis/exo_right_arm_ws/install/exo_bringup/share/ament_index/resource_index/packages
copying resource/exo_bringup -> /home/farid/tesis/exo_right_arm_ws/install/exo_bringup/share/ament_index/resource_index/packages
copying package.xml -> /home/farid/tesis/exo_right_arm_ws/install/exo_bringup/share/exo_bringup
creating /home/farid/tesis/exo_right_arm_ws/install/exo_bringup/share/exo_bringup/launch
copying launch/exo.launch.py -> /home/farid/tesis/exo_right_arm_ws/install/exo_bringup/share/exo_bringup/launch
creating /home/farid/tesis/exo_right_arm_ws/install/exo_bringup/share/exo_bringup/config
copying config/controllers.yaml -> /home/farid/tesis/exo_right_arm_ws/install/exo_bringup/share/exo_bringup/config
creating /home/farid/tesis/exo_right_arm_ws/install/exo_bringup/share/exo_bringup/rviz
running install_egg_info
Copying ../../build/exo_bringup/exo_bringup.egg-info to /home/farid/tesis/exo_right_arm_ws/install/exo_bringup/lib/python3.12/site-packages/exo_bringup-0.0.0-py3.12.egg-info
running install_scripts
writing list of installed files to '/home/farid/tesis/exo_right_arm_ws/build/exo_bringup/install.log'
