-- The C compiler identification is GNU 13.3.0
-- The CXX compiler identification is GNU 13.3.0
-- Detecting C compiler ABI info
-- Detecting C compiler ABI info - done
-- Check for working C compiler: /usr/bin/cc - skipped
-- Detecting C compile features
-- Detecting C compile features - done
-- Detecting CXX compiler ABI info
-- Detecting CXX compiler ABI info - done
-- Check for working CXX compiler: /usr/bin/c++ - skipped
-- Detecting CXX compile features
-- Detecting CXX compile features - done
-- Found ament_cmake: 2.5.5 (/opt/ros/jazzy/share/ament_cmake/cmake)
-- Found Python3: /usr/bin/python3 (found version "3.12.3") found components: Interpreter 
-- Found rclcpp: 28.1.16 (/opt/ros/jazzy/share/rclcpp/cmake)
-- Found rosidl_generator_c: 4.6.7 (/opt/ros/jazzy/share/rosidl_generator_c/cmake)
-- Found rosidl_generator_cpp: 4.6.7 (/opt/ros/jazzy/share/rosidl_generator_cpp/cmake)
-- Using all available rosidl_typesupport_c: rosidl_typesupport_fastrtps_c;rosidl_typesupport_introspection_c
-- Using all available rosidl_typesupport_cpp: rosidl_typesupport_fastrtps_cpp;rosidl_typesupport_introspection_cpp
-- Found rmw_implementation_cmake: 7.3.3 (/opt/ros/jazzy/share/rmw_implementation_cmake/cmake)
-- Found rmw_fastrtps_cpp: 8.4.3 (/opt/ros/jazzy/share/rmw_fastrtps_cpp/cmake)
-- Found OpenSSL: /usr/lib/x86_64-linux-gnu/libcrypto.so (found version "3.0.13")  
-- Found FastRTPS: /opt/ros/jazzy/include (Required is at least version "2.13") 
-- Using RMW implementation 'rmw_fastrtps_cpp' as default
-- Found pluginlib: 5.4.4 (/opt/ros/jazzy/share/pluginlib/cmake)
-- Found hardware_interface: 4.42.2 (/opt/ros/jazzy/share/hardware_interface/cmake)
-- Configuring done (1.2s)
-- Generating done (0.0s)
-- Build files have been written to: /home/farid/tesis/exo_right_arm_ws/build/exo_hardware
[ 50%] [32mBuilding CXX object CMakeFiles/exo_hardware.dir/src/exo_hardware.cpp.o[0m
[01m[K/home/farid/tesis/exo_right_arm_ws/src/exo_hardware/src/exo_hardware.cpp:[m[K In member function ‘[01m[Kvirtual hardware_interface::CallbackReturn exo_hardware::teensy_plugin::[01;32m[Kon_init[m[K(const hardware_interface::HardwareInfo&)[m[K’:
[01m[K/home/farid/tesis/exo_right_arm_ws/src/exo_hardware/src/exo_hardware.cpp:37:50:[m[K [01;35m[Kwarning: [m[K‘[01m[Kvirtual rclcpp_lifecycle::node_interfaces::LifecycleNodeInterface::CallbackReturn hardware_interface::HardwareComponentInterface::[01;32m[Kon_init[m[K(const hardware_interface::HardwareInfo&)[m[K’ is deprecated: Use on_init(const HardwareComponentInterfaceParams & params) instead. [[01;35m[K]8;;https://gcc.gnu.org/onlinedocs/gcc/Warning-Options.html#index-Wdeprecated-declarations-Wdeprecated-declarations]8;;[m[K]
   37 | [01;35m[K_interface::SystemInterface::on_init(info)[m[K !=
      | [01;35m[K~~~~~~~~~~~~~~~~~~~~~~~~~~~~~~~~~~~~^~~~~~[m[K

In file included from [01m[K/opt/ros/jazzy/include/hardware_interface/hardware_interface/system_interface.hpp:18[m[K,
                 from [01m[K/home/farid/tesis/exo_right_arm_ws/src/exo_hardware/include/exo_hardware/exo_hardware.hpp:6[m[K,
                 from [01m[K/home/farid/tesis/exo_right_arm_ws/src/exo_hardware/src/exo_hardware.cpp:1[m[K:
[01m[K/opt/ros/jazzy/include/hardware_interface/hardware_interface/hardware_component_interface.hpp:140:26:[m[K [01;36m[Knote: [m[Kdeclared here
  140 |   virtual CallbackReturn [01;36m[Kon_init[m[K(const HardwareInfo & hardware_info);
      |                          [01;36m[K^~~~~~~[m[K
[100%] [32m[1mLinking CXX shared library libexo_hardware.so[0m
[100%] Built target exo_hardware
-- Install configuration: ""
-- Installing: /home/farid/tesis/exo_right_arm_ws/install/exo_hardware/share/exo_hardware/exo_hardware_plugins.xml
-- Installing: /home/farid/tesis/exo_right_arm_ws/install/exo_hardware/lib/libexo_hardware.so
-- Set non-toolchain portion of runtime path of "/home/farid/tesis/exo_right_arm_ws/install/exo_hardware/lib/libexo_hardware.so" to ""
-- Installing: /home/farid/tesis/exo_right_arm_ws/install/exo_hardware/include
-- Installing: /home/farid/tesis/exo_right_arm_ws/install/exo_hardware/include/exo_hardware
-- Installing: /home/farid/tesis/exo_right_arm_ws/install/exo_hardware/include/exo_hardware/exo_hardware.hpp
-- Installing: /home/farid/tesis/exo_right_arm_ws/install/exo_hardware/share/ament_index/resource_index/package_run_dependencies/exo_hardware
-- Installing: /home/farid/tesis/exo_right_arm_ws/install/exo_hardware/share/ament_index/resource_index/parent_prefix_path/exo_hardware
-- Installing: /home/farid/tesis/exo_right_arm_ws/install/exo_hardware/share/exo_hardware/environment/ament_prefix_path.sh
-- Installing: /home/farid/tesis/exo_right_arm_ws/install/exo_hardware/share/exo_hardware/environment/ament_prefix_path.dsv
-- Installing: /home/farid/tesis/exo_right_arm_ws/install/exo_hardware/share/exo_hardware/environment/path.sh
-- Installing: /home/farid/tesis/exo_right_arm_ws/install/exo_hardware/share/exo_hardware/environment/path.dsv
-- Installing: /home/farid/tesis/exo_right_arm_ws/install/exo_hardware/share/exo_hardware/local_setup.bash
-- Installing: /home/farid/tesis/exo_right_arm_ws/install/exo_hardware/share/exo_hardware/local_setup.sh
-- Installing: /home/farid/tesis/exo_right_arm_ws/install/exo_hardware/share/exo_hardware/local_setup.zsh
-- Installing: /home/farid/tesis/exo_right_arm_ws/install/exo_hardware/share/exo_hardware/local_setup.dsv
-- Installing: /home/farid/tesis/exo_right_arm_ws/install/exo_hardware/share/exo_hardware/package.dsv
-- Installing: /home/farid/tesis/exo_right_arm_ws/install/exo_hardware/share/ament_index/resource_index/packages/exo_hardware
-- Installing: /home/farid/tesis/exo_right_arm_ws/install/exo_hardware/share/ament_index/resource_index/hardware_interface__pluginlib__plugin/exo_hardware
-- Installing: /home/farid/tesis/exo_right_arm_ws/install/exo_hardware/share/exo_hardware/cmake/exo_hardwareConfig.cmake
-- Installing: /home/farid/tesis/exo_right_arm_ws/install/exo_hardware/share/exo_hardware/cmake/exo_hardwareConfig-version.cmake
-- Installing: /home/farid/tesis/exo_right_arm_ws/install/exo_hardware/share/exo_hardware/package.xml
