[0.147s] Invoking command in '/home/farid/tesis/exo_right_arm_ws/build/exo_hardware': CMAKE_PREFIX_PATH=${CMAKE_PREFIX_PATH}:/home/farid/tesis/exo_right_arm_ws/install/exo_bringup:/opt/ros/jazzy DEBUGINFOD_URLS=https://debuginfod.ubuntu.com /usr/bin/cmake /home/farid/tesis/exo_right_arm_ws/src/exo_hardware -DCMAKE_INSTALL_PREFIX=/home/farid/tesis/exo_right_arm_ws/install/exo_hardware
[0.197s] -- The C compiler identification is GNU 13.3.0
[0.249s] -- The CXX compiler identification is GNU 13.3.0
[0.262s] -- Detecting C compiler ABI info
[0.332s] -- Detecting C compiler ABI info - done
[0.343s] -- Check for working C compiler: /usr/bin/cc - skipped
[0.343s] -- Detecting C compile features
[0.343s] -- Detecting C compile features - done
[0.352s] -- Detecting CXX compiler ABI info
[0.429s] -- Detecting CXX compiler ABI info - done
[0.436s] -- Check for working CXX compiler: /usr/bin/c++ - skipped
[0.437s] -- Detecting CXX compile features
[0.437s] -- Detecting CXX compile features - done
[0.439s] -- Found ament_cmake: 2.5.5 (/opt/ros/jazzy/share/ament_cmake/cmake)
[0.569s] -- Found Python3: /usr/bin/python3 (found version "3.12.3") found components: Interpreter 
[0.654s] -- Found rclcpp: 28.1.16 (/opt/ros/jazzy/share/rclcpp/cmake)
[0.688s] -- Found rosidl_generator_c: 4.6.7 (/opt/ros/jazzy/share/rosidl_generator_c/cmake)
[0.699s] -- Found rosidl_generator_cpp: 4.6.7 (/opt/ros/jazzy/share/rosidl_generator_cpp/cmake)
[0.713s] -- Using all available rosidl_typesupport_c: rosidl_typesupport_fastrtps_c;rosidl_typesupport_introspection_c
[0.727s] -- Using all available rosidl_typesupport_cpp: rosidl_typesupport_fastrtps_cpp;rosidl_typesupport_introspection_cpp
[0.788s] -- Found rmw_implementation_cmake: 7.3.3 (/opt/ros/jazzy/share/rmw_implementation_cmake/cmake)
[0.790s] -- Found rmw_fastrtps_cpp: 8.4.3 (/opt/ros/jazzy/share/rmw_fastrtps_cpp/cmake)
[0.867s] -- Found OpenSSL: /usr/lib/x86_64-linux-gnu/libcrypto.so (found version "3.0.13")  
[0.884s] -- Found FastRTPS: /opt/ros/jazzy/include (Required is at least version "2.13") 
[0.902s] -- Using RMW implementation 'rmw_fastrtps_cpp' as default
[0.960s] -- Found pluginlib: 5.4.4 (/opt/ros/jazzy/share/pluginlib/cmake)
[0.973s] -- Found hardware_interface: 4.42.2 (/opt/ros/jazzy/share/hardware_interface/cmake)
[1.320s] -- Configuring done (1.2s)
[1.333s] -- Generating done (0.0s)
[1.336s] -- Build files have been written to: /home/farid/tesis/exo_right_arm_ws/build/exo_hardware
[1.344s] Invoked command in '/home/farid/tesis/exo_right_arm_ws/build/exo_hardware' returned '0': CMAKE_PREFIX_PATH=${CMAKE_PREFIX_PATH}:/home/farid/tesis/exo_right_arm_ws/install/exo_bringup:/opt/ros/jazzy DEBUGINFOD_URLS=https://debuginfod.ubuntu.com /usr/bin/cmake /home/farid/tesis/exo_right_arm_ws/src/exo_hardware -DCMAKE_INSTALL_PREFIX=/home/farid/tesis/exo_right_arm_ws/install/exo_hardware
[1.345s] Invoking command in '/home/farid/tesis/exo_right_arm_ws/build/exo_hardware': CMAKE_PREFIX_PATH=${CMAKE_PREFIX_PATH}:/home/farid/tesis/exo_right_arm_ws/install/exo_bringup:/opt/ros/jazzy DEBUGINFOD_URLS=https://debuginfod.ubuntu.com /usr/bin/cmake --build /home/farid/tesis/exo_right_arm_ws/build/exo_hardware -- -j32 -l32
[1.395s] [ 50%] [32mBuilding CXX object CMakeFiles/exo_hardware.dir/src/exo_hardware.cpp.o[0m
[2.930s] [01m[K/home/farid/tesis/exo_right_arm_ws/src/exo_hardware/src/exo_hardware.cpp:[m[K In member function ‘[01m[Kvirtual hardware_interface::CallbackReturn exo_hardware::teensy_plugin::[01;32m[Kon_init[m[K(const hardware_interface::HardwareInfo&)[m[K’:
[2.930s] [01m[K/home/farid/tesis/exo_right_arm_ws/src/exo_hardware/src/exo_hardware.cpp:37:50:[m[K [01;35m[Kwarning: [m[K‘[01m[Kvirtual rclcpp_lifecycle::node_interfaces::LifecycleNodeInterface::CallbackReturn hardware_interface::HardwareComponentInterface::[01;32m[Kon_init[m[K(const hardware_interface::HardwareInfo&)[m[K’ is deprecated: Use on_init(const HardwareComponentInterfaceParams & params) instead. [[01;35m[K]8;;https://gcc.gnu.org/onlinedocs/gcc/Warning-Options.html#index-Wdeprecated-declarations-Wdeprecated-declarations]8;;[m[K]
[2.930s]    37 | [01;35m[K_interface::SystemInterface::on_init(info)[m[K !=
[2.931s]       | [01;35m[K~~~~~~~~~~~~~~~~~~~~~~~~~~~~~~~~~~~~^~~~~~[m[K
[2.931s] 
[2.931s] In file included from [01m[K/opt/ros/jazzy/include/hardware_interface/hardware_interface/system_interface.hpp:18[m[K,
[2.931s]                  from [01m[K/home/farid/tesis/exo_right_arm_ws/src/exo_hardware/include/exo_hardware/exo_hardware.hpp:6[m[K,
[2.931s]                  from [01m[K/home/farid/tesis/exo_right_arm_ws/src/exo_hardware/src/exo_hardware.cpp:1[m[K:
[2.931s] [01m[K/opt/ros/jazzy/include/hardware_interface/hardware_interface/hardware_component_interface.hpp:140:26:[m[K [01;36m[Knote: [m[Kdeclared here
[2.931s]   140 |   virtual CallbackReturn [01;36m[Kon_init[m[K(const HardwareInfo & hardware_info);
[2.931s]       |                          [01;36m[K^~~~~~~[m[K
[4.047s] [100%] [32m[1mLinking CXX shared library libexo_hardware.so[0m
[4.176s] [100%] Built target exo_hardware
[4.188s] Invoked command in '/home/farid/tesis/exo_right_arm_ws/build/exo_hardware' returned '0': CMAKE_PREFIX_PATH=${CMAKE_PREFIX_PATH}:/home/farid/tesis/exo_right_arm_ws/install/exo_bringup:/opt/ros/jazzy DEBUGINFOD_URLS=https://debuginfod.ubuntu.com /usr/bin/cmake --build /home/farid/tesis/exo_right_arm_ws/build/exo_hardware -- -j32 -l32
[4.189s] Invoking command in '/home/farid/tesis/exo_right_arm_ws/build/exo_hardware': CMAKE_PREFIX_PATH=${CMAKE_PREFIX_PATH}:/home/farid/tesis/exo_right_arm_ws/install/exo_bringup:/opt/ros/jazzy DEBUGINFOD_URLS=https://debuginfod.ubuntu.com /usr/bin/cmake --install /home/farid/tesis/exo_right_arm_ws/build/exo_hardware
[4.197s] -- Install configuration: ""
[4.198s] -- Installing: /home/farid/tesis/exo_right_arm_ws/install/exo_hardware/share/exo_hardware/exo_hardware_plugins.xml
[4.198s] -- Installing: /home/farid/tesis/exo_right_arm_ws/install/exo_hardware/lib/libexo_hardware.so
[4.198s] -- Set non-toolchain portion of runtime path of "/home/farid/tesis/exo_right_arm_ws/install/exo_hardware/lib/libexo_hardware.so" to ""
[4.199s] -- Installing: /home/farid/tesis/exo_right_arm_ws/install/exo_hardware/include
[4.199s] -- Installing: /home/farid/tesis/exo_right_arm_ws/install/exo_hardware/include/exo_hardware
[4.199s] -- Installing: /home/farid/tesis/exo_right_arm_ws/install/exo_hardware/include/exo_hardware/exo_hardware.hpp
[4.199s] -- Installing: /home/farid/tesis/exo_right_arm_ws/install/exo_hardware/share/ament_index/resource_index/package_run_dependencies/exo_hardware
[4.199s] -- Installing: /home/farid/tesis/exo_right_arm_ws/install/exo_hardware/share/ament_index/resource_index/parent_prefix_path/exo_hardware
[4.199s] -- Installing: /home/farid/tesis/exo_right_arm_ws/install/exo_hardware/share/exo_hardware/environment/ament_prefix_path.sh
[4.199s] -- Installing: /home/farid/tesis/exo_right_arm_ws/install/exo_hardware/share/exo_hardware/environment/ament_prefix_path.dsv
[4.199s] -- Installing: /home/farid/tesis/exo_right_arm_ws/install/exo_hardware/share/exo_hardware/environment/path.sh
[4.199s] -- Installing: /home/farid/tesis/exo_right_arm_ws/install/exo_hardware/share/exo_hardware/environment/path.dsv
[4.199s] -- Installing: /home/farid/tesis/exo_right_arm_ws/install/exo_hardware/share/exo_hardware/local_setup.bash
[4.199s] -- Installing: /home/farid/tesis/exo_right_arm_ws/install/exo_hardware/share/exo_hardware/local_setup.sh
[4.200s] -- Installing: /home/farid/tesis/exo_right_arm_ws/install/exo_hardware/share/exo_hardware/local_setup.zsh
[4.200s] -- Installing: /home/farid/tesis/exo_right_arm_ws/install/exo_hardware/share/exo_hardware/local_setup.dsv
[4.200s] -- Installing: /home/farid/tesis/exo_right_arm_ws/install/exo_hardware/share/exo_hardware/package.dsv
[4.200s] -- Installing: /home/farid/tesis/exo_right_arm_ws/install/exo_hardware/share/ament_index/resource_index/packages/exo_hardware
[4.200s] -- Installing: /home/farid/tesis/exo_right_arm_ws/install/exo_hardware/share/ament_index/resource_index/hardware_interface__pluginlib__plugin/exo_hardware
[4.200s] -- Installing: /home/farid/tesis/exo_right_arm_ws/install/exo_hardware/share/exo_hardware/cmake/exo_hardwareConfig.cmake
[4.200s] -- Installing: /home/farid/tesis/exo_right_arm_ws/install/exo_hardware/share/exo_hardware/cmake/exo_hardwareConfig-version.cmake
[4.200s] -- Installing: /home/farid/tesis/exo_right_arm_ws/install/exo_hardware/share/exo_hardware/package.xml
[4.201s] Invoked command in '/home/farid/tesis/exo_right_arm_ws/build/exo_hardware' returned '0': CMAKE_PREFIX_PATH=${CMAKE_PREFIX_PATH}:/home/farid/tesis/exo_right_arm_ws/install/exo_bringup:/opt/ros/jazzy DEBUGINFOD_URLS=https://debuginfod.ubuntu.com /usr/bin/cmake --install /home/farid/tesis/exo_right_arm_ws/build/exo_hardware
