[01m[K/home/farid/tesis/exo_right_arm_ws/src/exo_hardware/src/exo_hardware.cpp:[m[K In member function ‘[01m[Kvirtual hardware_interface::CallbackReturn exo_hardware::teensy_plugin::[01;32m[Kon_init[m[K(const hardware_interface::HardwareInfo&)[m[K’:
[01m[K/home/farid/tesis/exo_right_arm_ws/src/exo_hardware/src/exo_hardware.cpp:36:50:[m[K [01;35m[Kwarning: [m[K‘[01m[Kvirtual rclcpp_lifecycle::node_interfaces::LifecycleNodeInterface::CallbackReturn hardware_interface::HardwareComponentInterface::[01;32m[Kon_init[m[K(const hardware_interface::HardwareInfo&)[m[K’ is deprecated: Use on_init(const HardwareComponentInterfaceParams & params) instead. [[01;35m[K]8;;https://gcc.gnu.org/onlinedocs/gcc/Warning-Options.html#index-Wdeprecated-declarations-Wdeprecated-declarations]8;;[m[K]
   36 |   if([01;35m[Khardware_interface::SystemInterface::on_init(info)[m[K !=
      |      [01;35m[K~~~~~~~~~~~~~~~~~~~~~~~~~~~~~~~~~~~~~~~~~~~~^~~~~~[m[K
In file included from [01m[K/opt/ros/jazzy/include/hardware_interface/hardware_interface/system_interface.hpp:18[m[K,
                 from [01m[K/home/farid/tesis/exo_right_arm_ws/src/exo_hardware/include/exo_hardware/exo_hardware.hpp:6[m[K,
                 from [01m[K/home/farid/tesis/exo_right_arm_ws/src/exo_hardware/src/exo_hardware.cpp:1[m[K:
[01m[K/opt/ros/jazzy/include/hardware_interface/hardware_interface/hardware_component_interface.hpp:140:26:[m[K [01;36m[Knote: [m[Kdeclared here
  140 |   virtual CallbackReturn [01;36m[Kon_init[m[K(const HardwareInfo & hardware_info);
      |                          [01;36m[K^~~~~~~[m[K
[01m[K/home/farid/tesis/exo_right_arm_ws/src/exo_hardware/src/exo_hardware.cpp:[m[K At global scope:
[01m[K/home/farid/tesis/exo_right_arm_ws/src/exo_hardware/src/exo_hardware.cpp:78:1:[m[K [01;31m[Kerror: [m[Kno declaration matches ‘[01m[Kstd::vector<hardware_interface::StateInterface> exo_hardware::teensy_plugin::[01;32m[Kexport_state_interfaces[m[K()[m[K’
   78 | [01;31m[Kteensy_plugin[m[K::export_state_interfaces()
      | [01;31m[K^~~~~~~~~~~~~[m[K
[01m[K/home/farid/tesis/exo_right_arm_ws/src/exo_hardware/src/exo_hardware.cpp:78:1:[m[K [01;36m[Knote: [m[Kno functions named ‘[01m[Kstd::vector<hardware_interface::StateInterface> exo_hardware::teensy_plugin::[01;32m[Kexport_state_interfaces[m[K()[m[K’
[01m[K/home/farid/tesis/exo_right_arm_ws/src/exo_hardware/include/exo_hardware/exo_hardware.hpp:17:7:[m[K [01;36m[Knote: [m[K‘[01m[Kclass exo_hardware::teensy_plugin[m[K’ defined here
   17 | class [01;36m[Kteensy_plugin[m[K : public hardware_interface::SystemInterface
      |       [01;36m[K^~~~~~~~~~~~~[m[K
[01m[K/home/farid/tesis/exo_right_arm_ws/src/exo_hardware/src/exo_hardware.cpp:107:1:[m[K [01;31m[Kerror: [m[Kno declaration matches ‘[01m[Kstd::vector<hardware_interface::CommandInterface> exo_hardware::teensy_plugin::[01;32m[Kexport_command_interfaces[m[K()[m[K’
  107 | [01;31m[Kteensy_plugin[m[K::export_command_interfaces()
      | [01;31m[K^~~~~~~~~~~~~[m[K
[01m[K/home/farid/tesis/exo_right_arm_ws/src/exo_hardware/src/exo_hardware.cpp:107:1:[m[K [01;36m[Knote: [m[Kno functions named ‘[01m[Kstd::vector<hardware_interface::CommandInterface> exo_hardware::teensy_plugin::[01;32m[Kexport_command_interfaces[m[K()[m[K’
[01m[K/home/farid/tesis/exo_right_arm_ws/src/exo_hardware/include/exo_hardware/exo_hardware.hpp:17:7:[m[K [01;36m[Knote: [m[K‘[01m[Kclass exo_hardware::teensy_plugin[m[K’ defined here
   17 | class [01;36m[Kteensy_plugin[m[K : public hardware_interface::SystemInterface
      |       [01;36m[K^~~~~~~~~~~~~[m[K
gmake[2]: *** [CMakeFiles/exo_hardware.dir/build.make:76: CMakeFiles/exo_hardware.dir/src/exo_hardware.cpp.o] Error 1
gmake[1]: *** [CMakeFiles/Makefile2:137: CMakeFiles/exo_hardware.dir/all] Error 2
gmake: *** [Makefile:146: all] Error 2
