[0.000000] (-) TimerEvent: {}
[0.000103] (-) JobUnselected: {'identifier': 'exo_description'}
[0.000129] (-) JobUnselected: {'identifier': 'exo_hardware'}
[0.000146] (-) JobUnselected: {'identifier': 'gravity_compensation_controller'}
[0.000159] (-) JobUnselected: {'identifier': 'joint_state_broadcaster'}
[0.000173] (exo_bringup) JobQueued: {'identifier': 'exo_bringup', 'dependencies': OrderedDict()}
[0.000438] (exo_bringup) JobStarted: {'identifier': 'exo_bringup'}
[0.099851] (-) TimerEvent: {}
[0.200000] (-) TimerEvent: {}
[0.300129] (-) TimerEvent: {}
[0.400260] (-) TimerEvent: {}
[0.500423] (-) TimerEvent: {}
[0.510687] (exo_bringup) Command: {'cmd': ['/usr/bin/python3', '-W', 'ignore:setup.py install is deprecated', '-W', 'ignore:easy_install command is deprecated', 'setup.py', 'develop', '--editable', '--build-directory', '/home/farid/tesis/exo_right_arm_ws/build/exo_bringup/build', '--no-deps', 'symlink_data'], 'cwd': '/home/farid/tesis/exo_right_arm_ws/build/exo_bringup', 'env': {'GJS_DEBUG_TOPICS': 'JS ERROR;JS LOG', 'LESSOPEN': '| /usr/bin/lesspipe %s', 'VSCODE_CWD': '/home/farid', 'CURSOR_EXTENSION_HOST_ROLE': 'agent-exec', 'VSCODE_ESM_ENTRYPOINT': 'vs/workbench/api/node/extensionHostProcess', 'GZ_SIM_RESOURCE_PATH': '/opt/ros/jazzy/share:/home/farid/tesis/exo_right_arm_ws/install/exo_description/share:/home/farid/tesis/exo_right_arm_ws/install/exo_description/share', 'USER': 'farid', 'VSCODE_NLS_CONFIG': '{"userLocale":"en-us","osLocale":"en-us","resolvedLanguage":"en","defaultMessagesFile":"/usr/share/cursor/resources/app/out/nls.messages.json","locale":"en-us","availableLanguages":{}}', 'GZ_CONFIG_PATH': '/opt/ros/jazzy/opt/gz_sim_vendor/share/gz:/opt/ros/jazzy/opt/sdformat_vendor/share/gz:/opt/ros/jazzy/opt/gz_gui_vendor/share/gz:/opt/ros/jazzy/opt/gz_transport_vendor/share/gz:/opt/ros/jazzy/opt/gz_rendering_vendor/share/gz:/opt/ros/jazzy/opt/gz_plugin_vendor/share/gz:/opt/ros/jazzy/opt/gz_fuel_tools_vendor/share/gz:/opt/ros/jazzy/opt/gz_msgs_vendor/share/gz:/opt/ros/jazzy/opt/gz_common_vendor/share/gz', 'CI': '1', 'VSCODE_HANDLES_UNCAUGHT_ERRORS': 'true', 'XDG_SESSION_TYPE': 'x11', 'CLUTTER_DISABLE_MIPMAPPED_TEXT': '1', 'SHLVL': '1', 'LD_LIBRARY_PATH': '/opt/ros/jazzy/opt/gz_sim_vendor/lib:/opt/ros/jazzy/opt/gz_sensors_vendor/lib:/opt/ros/jazzy/opt/gz_physics_vendor/lib:/opt/ros/jazzy/opt/sdformat_vendor/lib:/opt/ros/jazzy/opt/rviz_ogre_vendor/lib:/opt/ros/jazzy/lib/x86_64-linux-gnu:/opt/ros/jazzy/opt/gz_gui_vendor/lib:/opt/ros/jazzy/opt/gz_transport_vendor/lib:/opt/ros/jazzy/opt/gz_rendering_vendor/lib:/opt/ros/jazzy/opt/gz_plugin_vendor/lib:/opt/ros/jazzy/opt/gz_fuel_tools_vendor/lib:/opt/ros/jazzy/opt/gz_msgs_vendor/lib:/opt/ros/jazzy/opt/gz_common_vendor/lib:/opt/ros/jazzy/opt/gz_math_vendor/lib:/opt/ros/jazzy/opt/gz_utils_vendor/lib:/opt/ros/jazzy/opt/gz_tools_vendor/lib:/opt/ros/jazzy/opt/gz_ogre_next_vendor/lib:/opt/ros/jazzy/opt/gz_dartsim_vendor/lib:/opt/ros/jazzy/opt/gz_cmake_vendor/lib:/opt/ros/jazzy/lib', 'HOME': '/home/farid', 'CHROME_DESKTOP': 'cursor.desktop', 'OLDPWD': '/home/farid/tesis/exo_right_arm_ws', 'DESKTOP_SESSION': 'ubuntu', 'VSCODE_IPC_HOOK': '/run/user/1000/vscode-153679cc-2.6.-main.sock', 'GIO_LAUNCHED_DESKTOP_FILE': '/usr/share/applications/cursor.desktop', 'ROS_PYTHON_VERSION': '3', 'GNOME_SHELL_SESSION_MODE': 'ubuntu', 'GTK_MODULES': 'gail:atk-bridge', 'CURSOR_WORKSPACE_LABEL': 'tesis', 'MANAGERPID': '2572', 'SYSTEMD_EXEC_PID': '2974', 'GSM_SKIP_SSH_AGENT_WORKAROUND': 'true', 'NO_COLOR': '1', 'DBUS_SESSION_BUS_ADDRESS': 'unix:path=/run/user/1000/bus', 'GIO_LAUNCHED_DESKTOP_FILE_PID': '16578', '_colcon_cd_root': '/opt/ros/jazzy/', 'VSCODE_CRASH_REPORTER_PROCESS_TYPE': 'extensionHost', 'DEBUGINFOD_URLS': 'https://debuginfod.ubuntu.com', 'ROS_DISTRO': 'jazzy', 'LOGNAME': 'farid', 'FORCE_COLOR': '0', 'JOURNAL_STREAM': '9:12580', '_': '/usr/bin/colcon', 'ROS_VERSION': '2', 'MEMORY_PRESSURE_WATCH': '/sys/fs/cgroup/user.slice/user-1000.slice/user@1000.service/session.slice/org.gnome.Shell@x11.service/memory.pressure', 'XDG_SESSION_CLASS': 'user', 'USERNAME': 'farid', 'TERM': 'dumb', 'GNOME_DESKTOP_SESSION_ID': 'this-is-deprecated', 'FC_FONTATIONS': '1', 'WINDOWPATH': '2', 'PATH': '/opt/ros/jazzy/opt/gz_msgs_vendor/bin:/opt/ros/jazzy/opt/gz_tools_vendor/bin:/opt/ros/jazzy/opt/gz_ogre_next_vendor/bin:/opt/ros/jazzy/bin:/usr/local/sbin:/usr/local/bin:/usr/sbin:/usr/bin:/sbin:/bin:/usr/games:/usr/local/games:/snap/bin:/snap/bin', 'SESSION_MANAGER': 'local/farid-laptop:@/tmp/.ICE-unix/2926,unix/farid-laptop:/tmp/.ICE-unix/2926', 'INVOCATION_ID': 'b0442c1c419b45e7a6c73369be7e3a21', 'XDG_MENU_PREFIX': 'gnome-', 'VSCODE_PROCESS_TITLE': 'extension-host (agent-exec) tesis [1-4]', 'XDG_RUNTIME_DIR': '/run/user/1000', 'GDK_BACKEND': 'x11', 'CURSOR_AGENT': '1', 'DISPLAY': ':1', 'LANG': 'en_US.UTF-8', 'XDG_CURRENT_DESKTOP': 'ubuntu:GNOME', 'XMODIFIERS': '@im=ibus', 'XDG_SESSION_DESKTOP': 'ubuntu', 'XAUTHORITY': '/run/user/1000/gdm/Xauthority', 'LS_COLORS': '', 'SBX_CHROME_API_RQ': '1', 'CURSOR_TRACE_ID': '817f80831e8b42fc87d077b343166d13', 'SSH_AUTH_SOCK': '/run/user/1000/keyring/ssh', 'AMENT_PREFIX_PATH': '/opt/ros/jazzy', 'SHELL': '/bin/bash', 'QT_ACCESSIBILITY': '1', 'GDMSESSION': 'ubuntu', 'LESSCLOSE': '/usr/bin/lesspipe %s %s', 'GPG_AGENT_INFO': '/run/user/1000/gnupg/S.gpg-agent:0:1', 'GJS_DEBUG_OUTPUT': 'stderr', 'ROS_AUTOMATIC_DISCOVERY_RANGE': 'SUBNET', 'QT_IM_MODULE': 'ibus', 'PWD': '/home/farid/tesis/exo_right_arm_ws/build/exo_bringup', 'LC_ALL': 'en_US.UTF-8', 'XDG_CONFIG_DIRS': '/etc/xdg/xdg-ubuntu:/etc/xdg', 'VSCODE_CODE_CACHE_PATH': '/home/farid/.config/Cursor/CachedData/224838f96445be37e3db643a163a817c15b36060', 'XDG_DATA_DIRS': '/usr/share/ubuntu:/usr/share/gnome:/usr/local/share/:/usr/share/:/var/lib/snapd/desktop', 'PYTHONPATH': '/home/farid/tesis/exo_right_arm_ws/build/exo_bringup/prefix_override:/usr/lib/python3/dist-packages/colcon_core/task/python/colcon_distutils_commands:/home/farid/tesis/exo_right_arm_ws/install/exo_bringup/lib/python3.12/site-packages:/opt/ros/jazzy/lib/python3.12/site-packages', 'COLCON': '1', '_ZO_DOCTOR': '0', 'MEMORY_PRESSURE_WRITE': 'c29tZSAyMDAwMDAgMjAwMDAwMAA=', 'CMAKE_PREFIX_PATH': '/opt/ros/jazzy/opt/gz_sim_vendor:/opt/ros/jazzy/opt/gz_sensors_vendor:/opt/ros/jazzy/opt/gz_physics_vendor:/opt/ros/jazzy/opt/sdformat_vendor:/opt/ros/jazzy/opt/gz_gui_vendor:/opt/ros/jazzy/opt/gz_transport_vendor:/opt/ros/jazzy/opt/gz_rendering_vendor:/opt/ros/jazzy/opt/gz_plugin_vendor:/opt/ros/jazzy/opt/gz_fuel_tools_vendor:/opt/ros/jazzy/opt/gz_msgs_vendor:/opt/ros/jazzy/opt/gz_common_vendor:/opt/ros/jazzy/opt/gz_math_vendor:/opt/ros/jazzy/opt/gz_utils_vendor:/opt/ros/jazzy/opt/gz_tools_vendor:/opt/ros/jazzy/opt/gz_ogre_next_vendor:/opt/ros/jazzy/opt/gz_dartsim_vendor:/opt/ros/jazzy/opt/gz_cmake_vendor', 'VSCODE_PID': '16578'}, 'shell': False}
[0.600459] (-) TimerEvent: {}
[0.700618] (-) TimerEvent: {}
[0.738994] (exo_bringup) StdoutLine: {'line': b'running develop\n'}
[0.800717] (-) TimerEvent: {}
[0.878843] (exo_bringup) StdoutLine: {'line': b'running egg_info\n'}
[0.879052] (exo_bringup) StdoutLine: {'line': b'creating exo_bringup.egg-info\n'}
[0.892623] (exo_bringup) StdoutLine: {'line': b'writing exo_bringup.egg-info/PKG-INFO\n'}
[0.892790] (exo_bringup) StdoutLine: {'line': b'writing dependency_links to exo_bringup.egg-info/dependency_links.txt\n'}
[0.892872] (exo_bringup) StdoutLine: {'line': b'writing requirements to exo_bringup.egg-info/requires.txt\n'}
[0.892950] (exo_bringup) StdoutLine: {'line': b'writing top-level names to exo_bringup.egg-info/top_level.txt\n'}
[0.893024] (exo_bringup) StdoutLine: {'line': b"writing manifest file 'exo_bringup.egg-info/SOURCES.txt'\n"}
[0.900797] (-) TimerEvent: {}
[0.907761] (exo_bringup) StdoutLine: {'line': b"reading manifest file 'exo_bringup.egg-info/SOURCES.txt'\n"}
[0.908298] (exo_bringup) StdoutLine: {'line': b"writing manifest file 'exo_bringup.egg-info/SOURCES.txt'\n"}
[0.923991] (exo_bringup) StdoutLine: {'line': b'running build_ext\n'}
[0.939235] (exo_bringup) StdoutLine: {'line': b'Creating /home/farid/tesis/exo_right_arm_ws/install/exo_bringup/lib/python3.12/site-packages/exo-bringup.egg-link (link to .)\n'}
[0.939637] (exo_bringup) StdoutLine: {'line': b'\n'}
[0.939731] (exo_bringup) StdoutLine: {'line': b'Installed /home/farid/tesis/exo_right_arm_ws/build/exo_bringup\n'}
[0.939784] (exo_bringup) StdoutLine: {'line': b'running symlink_data\n'}
[0.939869] (exo_bringup) StdoutLine: {'line': b'creating /home/farid/tesis/exo_right_arm_ws/install/exo_bringup/share/ament_index\n'}
[0.939972] (exo_bringup) StdoutLine: {'line': b'creating /home/farid/tesis/exo_right_arm_ws/install/exo_bringup/share/ament_index/resource_index\n'}
[0.940086] (exo_bringup) StdoutLine: {'line': b'creating /home/farid/tesis/exo_right_arm_ws/install/exo_bringup/share/ament_index/resource_index/packages\n'}
[0.940135] (exo_bringup) StdoutLine: {'line': b'symbolically linking /home/farid/tesis/exo_right_arm_ws/build/exo_bringup/resource/exo_bringup -> /home/farid/tesis/exo_right_arm_ws/install/exo_bringup/share/ament_index/resource_index/packages\n'}
[0.940183] (exo_bringup) StdoutLine: {'line': b'symbolically linking /home/farid/tesis/exo_right_arm_ws/build/exo_bringup/package.xml -> /home/farid/tesis/exo_right_arm_ws/install/exo_bringup/share/exo_bringup\n'}
[0.940233] (exo_bringup) StdoutLine: {'line': b'creating /home/farid/tesis/exo_right_arm_ws/install/exo_bringup/share/exo_bringup/launch\n'}
[0.940279] (exo_bringup) StdoutLine: {'line': b'symbolically linking /home/farid/tesis/exo_right_arm_ws/build/exo_bringup/launch/rviz.launch.py -> /home/farid/tesis/exo_right_arm_ws/install/exo_bringup/share/exo_bringup/launch\n'}
[0.940327] (exo_bringup) StdoutLine: {'line': b'symbolically linking /home/farid/tesis/exo_right_arm_ws/build/exo_bringup/launch/gazebo.launch.py -> /home/farid/tesis/exo_right_arm_ws/install/exo_bringup/share/exo_bringup/launch\n'}
[0.940421] (exo_bringup) StdoutLine: {'line': b'symbolically linking /home/farid/tesis/exo_right_arm_ws/build/exo_bringup/launch/exo.launch.py -> /home/farid/tesis/exo_right_arm_ws/install/exo_bringup/share/exo_bringup/launch\n'}
[0.940479] (exo_bringup) StdoutLine: {'line': b'creating /home/farid/tesis/exo_right_arm_ws/install/exo_bringup/share/exo_bringup/config\n'}
[0.940522] (exo_bringup) StdoutLine: {'line': b'symbolically linking /home/farid/tesis/exo_right_arm_ws/build/exo_bringup/config/controllers_gravity_compensation.yaml -> /home/farid/tesis/exo_right_arm_ws/install/exo_bringup/share/exo_bringup/config\n'}
[0.940567] (exo_bringup) StdoutLine: {'line': b'symbolically linking /home/farid/tesis/exo_right_arm_ws/build/exo_bringup/config/controllers_effort.yaml -> /home/farid/tesis/exo_right_arm_ws/install/exo_bringup/share/exo_bringup/config\n'}
[0.940609] (exo_bringup) StdoutLine: {'line': b'symbolically linking /home/farid/tesis/exo_right_arm_ws/build/exo_bringup/config/gazebo.config -> /home/farid/tesis/exo_right_arm_ws/install/exo_bringup/share/exo_bringup/config\n'}
[0.940652] (exo_bringup) StdoutLine: {'line': b'creating /home/farid/tesis/exo_right_arm_ws/install/exo_bringup/share/exo_bringup/rviz\n'}
[0.940695] (exo_bringup) StdoutLine: {'line': b'creating /home/farid/tesis/exo_right_arm_ws/install/exo_bringup/share/exo_bringup/worlds\n'}
[0.940738] (exo_bringup) StdoutLine: {'line': b'symbolically linking /home/farid/tesis/exo_right_arm_ws/build/exo_bringup/worlds/empty_custom.sdf -> /home/farid/tesis/exo_right_arm_ws/install/exo_bringup/share/exo_bringup/worlds\n'}
[0.963304] (exo_bringup) CommandEnded: {'returncode': 0}
[0.970956] (exo_bringup) JobEnded: {'identifier': 'exo_bringup', 'rc': 0}
[0.971340] (-) EventReactorShutdown: {}
