[0.011s] Invoking command in '/home/farid/tesis/exo_right_arm_ws/build/exo_description': CMAKE_PREFIX_PATH=${CMAKE_PREFIX_PATH}:/home/farid/tesis/exo_right_arm_ws/install/my_package:/opt/ros/jazzy DEBUGINFOD_URLS=https://debuginfod.ubuntu.com /usr/bin/cmake --build /home/farid/tesis/exo_right_arm_ws/build/exo_description -- -j32 -l32
[0.151s] Invoked command in '/home/farid/tesis/exo_right_arm_ws/build/exo_description' returned '0': CMAKE_PREFIX_PATH=${CMAKE_PREFIX_PATH}:/home/farid/tesis/exo_right_arm_ws/install/my_package:/opt/ros/jazzy DEBUGINFOD_URLS=https://debuginfod.ubuntu.com /usr/bin/cmake --build /home/farid/tesis/exo_right_arm_ws/build/exo_description -- -j32 -l32
[0.160s] Invoking command in '/home/farid/tesis/exo_right_arm_ws/build/exo_description': CMAKE_PREFIX_PATH=${CMAKE_PREFIX_PATH}:/home/farid/tesis/exo_right_arm_ws/install/my_package:/opt/ros/jazzy DEBUGINFOD_URLS=https://debuginfod.ubuntu.com /usr/bin/cmake --install /home/farid/tesis/exo_right_arm_ws/build/exo_description
[0.165s] -- Install configuration: ""
[0.165s] -- Up-to-date: /home/farid/tesis/exo_right_arm_ws/install/exo_description/share/exo_description/urdf
[0.165s] -- Up-to-date: /home/farid/tesis/exo_right_arm_ws/install/exo_description/share/exo_description/urdf/exo.gazebo
[0.166s] -- Up-to-date: /home/farid/tesis/exo_right_arm_ws/install/exo_description/share/exo_description/urdf/exo.xacro
[0.166s] -- Up-to-date: /home/farid/tesis/exo_right_arm_ws/install/exo_description/share/exo_description/urdf/materials.xacro
[0.166s] -- Up-to-date: /home/farid/tesis/exo_right_arm_ws/install/exo_description/share/exo_description/urdf/exo.trans
[0.166s] -- Up-to-date: /home/farid/tesis/exo_right_arm_ws/install/exo_description/share/exo_description/meshes
[0.166s] -- Up-to-date: /home/farid/tesis/exo_right_arm_ws/install/exo_description/share/exo_description/meshes/base_link.stl
[0.166s] -- Up-to-date: /home/farid/tesis/exo_right_arm_ws/install/exo_description/share/exo_description/meshes/Componente3_v1_1.stl
[0.166s] -- Up-to-date: /home/farid/tesis/exo_right_arm_ws/install/exo_description/share/exo_description/meshes/Componente2_v1_1.stl
[0.166s] -- Up-to-date: /home/farid/tesis/exo_right_arm_ws/install/exo_description/share/exo_description/meshes/Motor2_1.stl
[0.166s] -- Up-to-date: /home/farid/tesis/exo_right_arm_ws/install/exo_description/share/exo_description/meshes/Componente5_v1_1.stl
[0.167s] -- Up-to-date: /home/farid/tesis/exo_right_arm_ws/install/exo_description/share/exo_description/meshes/Componente4_v1_1.stl
[0.167s] -- Up-to-date: /home/farid/tesis/exo_right_arm_ws/install/exo_description/share/exo_description/meshes/Motor1_1.stl
[0.167s] -- Up-to-date: /home/farid/tesis/exo_right_arm_ws/install/exo_description/share/exo_description/meshes/Motor3_1.stl
[0.168s] -- Up-to-date: /home/farid/tesis/exo_right_arm_ws/install/exo_description/share/exo_description/launch
[0.168s] -- Up-to-date: /home/farid/tesis/exo_right_arm_ws/install/exo_description/share/exo_description/launch/controller.launch
[0.168s] -- Up-to-date: /home/farid/tesis/exo_right_arm_ws/install/exo_description/share/exo_description/launch/display.launch
[0.168s] -- Up-to-date: /home/farid/tesis/exo_right_arm_ws/install/exo_description/share/exo_description/launch/gazebo.launch
[0.168s] -- Up-to-date: /home/farid/tesis/exo_right_arm_ws/install/exo_description/share/exo_description/launch/controller.yaml
[0.168s] -- Up-to-date: /home/farid/tesis/exo_right_arm_ws/install/exo_description/share/exo_description/launch/urdf.rviz
[0.169s] -- Up-to-date: /home/farid/tesis/exo_right_arm_ws/install/exo_description/share/exo_description/config
[0.169s] -- Up-to-date: /home/farid/tesis/exo_right_arm_ws/install/exo_description/share/exo_description/config/controllers.yaml
[0.169s] -- Up-to-date: /home/farid/tesis/exo_right_arm_ws/install/exo_description/share/ament_index/resource_index/package_run_dependencies/exo_description
[0.169s] -- Up-to-date: /home/farid/tesis/exo_right_arm_ws/install/exo_description/share/ament_index/resource_index/parent_prefix_path/exo_description
[0.169s] -- Up-to-date: /home/farid/tesis/exo_right_arm_ws/install/exo_description/share/exo_description/environment/ament_prefix_path.sh
[0.170s] -- Up-to-date: /home/farid/tesis/exo_right_arm_ws/install/exo_description/share/exo_description/environment/ament_prefix_path.dsv
[0.170s] -- Up-to-date: /home/farid/tesis/exo_right_arm_ws/install/exo_description/share/exo_description/environment/path.sh
[0.170s] -- Up-to-date: /home/farid/tesis/exo_right_arm_ws/install/exo_description/share/exo_description/environment/path.dsv
[0.170s] -- Up-to-date: /home/farid/tesis/exo_right_arm_ws/install/exo_description/share/exo_description/local_setup.bash
[0.170s] -- Up-to-date: /home/farid/tesis/exo_right_arm_ws/install/exo_description/share/exo_description/local_setup.sh
[0.170s] -- Up-to-date: /home/farid/tesis/exo_right_arm_ws/install/exo_description/share/exo_description/local_setup.zsh
[0.170s] -- Up-to-date: /home/farid/tesis/exo_right_arm_ws/install/exo_description/share/exo_description/local_setup.dsv
[0.170s] -- Installing: /home/farid/tesis/exo_right_arm_ws/install/exo_description/share/exo_description/package.dsv
[0.171s] -- Up-to-date: /home/farid/tesis/exo_right_arm_ws/install/exo_description/share/ament_index/resource_index/packages/exo_description
[0.171s] -- Up-to-date: /home/farid/tesis/exo_right_arm_ws/install/exo_description/share/exo_description/cmake/exo_descriptionConfig.cmake
[0.171s] -- Up-to-date: /home/farid/tesis/exo_right_arm_ws/install/exo_description/share/exo_description/cmake/exo_descriptionConfig-version.cmake
[0.171s] -- Up-to-date: /home/farid/tesis/exo_right_arm_ws/install/exo_description/share/exo_description/package.xml
[0.171s] Invoked command in '/home/farid/tesis/exo_right_arm_ws/build/exo_description' returned '0': CMAKE_PREFIX_PATH=${CMAKE_PREFIX_PATH}:/home/farid/tesis/exo_right_arm_ws/install/my_package:/opt/ros/jazzy DEBUGINFOD_URLS=https://debuginfod.ubuntu.com /usr/bin/cmake --install /home/farid/tesis/exo_right_arm_ws/build/exo_description
