[0.000000] (-) TimerEvent: {}
[0.000137] (-) JobUnselected: {'identifier': 'exo_bringup'}
[0.000446] (-) JobUnselected: {'identifier': 'exo_hardware'}
[0.000495] (-) JobUnselected: {'identifier': 'joint_state_broadcaster'}
[0.000519] (exo_description) JobQueued: {'identifier': 'exo_description', 'dependencies': OrderedDict()}
[0.000569] (gravity_compensation_controller) JobQueued: {'identifier': 'gravity_compensation_controller', 'dependencies': OrderedDict({'exo_description': '/home/farid/tesis/exo_right_arm_ws/install/exo_description'})}
[0.000602] (exo_description) JobStarted: {'identifier': 'exo_description'}
[0.005960] (exo_description) JobProgress: {'identifier': 'exo_description', 'progress': 'cmake'}
[0.006392] (exo_description) JobProgress: {'identifier': 'exo_description', 'progress': 'build'}
[0.006938] (exo_description) Command: {'cmd': ['/usr/bin/cmake', '--build', '/home/farid/tesis/exo_right_arm_ws/build/exo_description', '--', '-j32', '-l32'], 'cwd': '/home/farid/tesis/exo_right_arm_ws/build/exo_description', 'env': OrderedDict({'GJS_DEBUG_TOPICS': 'JS ERROR;JS LOG', 'LESSOPEN': '| /usr/bin/lesspipe %s', 'VSCODE_CWD': '/home/farid', 'CURSOR_EXTENSION_HOST_ROLE': 'agent-exec', 'VSCODE_ESM_ENTRYPOINT': 'vs/workbench/api/node/extensionHostProcess', 'GZ_SIM_RESOURCE_PATH': '/opt/ros/jazzy/share:/home/farid/tesis/exo_right_arm_ws/install/exo_description/share:/home/farid/tesis/exo_right_arm_ws/install/exo_description/share', 'USER': 'farid', 'VSCODE_NLS_CONFIG': '{"userLocale":"en-us","osLocale":"en-us","resolvedLanguage":"en","defaultMessagesFile":"/usr/share/cursor/resources/app/out/nls.messages.json","locale":"en-us","availableLanguages":{}}', 'GZ_CONFIG_PATH': '/opt/ros/jazzy/opt/gz_sim_vendor/share/gz:/opt/ros/jazzy/opt/sdformat_vendor/share/gz:/opt/ros/jazzy/opt/gz_gui_vendor/share/gz:/opt/ros/jazzy/opt/gz_transport_vendor/share/gz:/opt/ros/jazzy/opt/gz_rendering_vendor/share/gz:/opt/ros/jazzy/opt/gz_plugin_vendor/share/gz:/opt/ros/jazzy/opt/gz_fuel_tools_vendor/share/gz:/opt/ros/jazzy/opt/gz_msgs_vendor/share/gz:/opt/ros/jazzy/opt/gz_common_vendor/share/gz', 'CI': '1', 'VSCODE_HANDLES_UNCAUGHT_ERRORS': 'true', 'XDG_SESSION_TYPE': 'x11', 'CLUTTER_DISABLE_MIPMAPPED_TEXT': '1', 'SHLVL': '1', 'LD_LIBRARY_PATH': '/opt/ros/jazzy/opt/gz_sim_vendor/lib:/opt/ros/jazzy/opt/gz_sensors_vendor/lib:/opt/ros/jazzy/opt/gz_physics_vendor/lib:/opt/ros/jazzy/opt/sdformat_vendor/lib:/opt/ros/jazzy/opt/rviz_ogre_vendor/lib:/opt/ros/jazzy/lib/x86_64-linux-gnu:/opt/ros/jazzy/opt/gz_gui_vendor/lib:/opt/ros/jazzy/opt/gz_transport_vendor/lib:/opt/ros/jazzy/opt/gz_rendering_vendor/lib:/opt/ros/jazzy/opt/gz_plugin_vendor/lib:/opt/ros/jazzy/opt/gz_fuel_tools_vendor/lib:/opt/ros/jazzy/opt/gz_msgs_vendor/lib:/opt/ros/jazzy/opt/gz_common_vendor/lib:/opt/ros/jazzy/opt/gz_math_vendor/lib:/opt/ros/jazzy/opt/gz_utils_vendor/lib:/opt/ros/jazzy/opt/gz_tools_vendor/lib:/opt/ros/jazzy/opt/gz_ogre_next_vendor/lib:/opt/ros/jazzy/opt/gz_dartsim_vendor/lib:/opt/ros/jazzy/opt/gz_cmake_vendor/lib:/opt/ros/jazzy/lib', 'HOME': '/home/farid', 'CHROME_DESKTOP': 'cursor.desktop', 'OLDPWD': '/home/farid/tesis/exo_right_arm_ws', 'DESKTOP_SESSION': 'ubuntu', 'VSCODE_IPC_HOOK': '/run/user/1000/vscode-153679cc-2.6.-main.sock', 'GIO_LAUNCHED_DESKTOP_FILE': '/usr/share/applications/cursor.desktop', 'ROS_PYTHON_VERSION': '3', 'GNOME_SHELL_SESSION_MODE': 'ubuntu', 'GTK_MODULES': 'gail:atk-bridge', 'CURSOR_WORKSPACE_LABEL': 'tesis', 'MANAGERPID': '2572', 'SYSTEMD_EXEC_PID': '2974', 'GSM_SKIP_SSH_AGENT_WORKAROUND': 'true', 'NO_COLOR': '1', 'DBUS_SESSION_BUS_ADDRESS': 'unix:path=/run/user/1000/bus', 'GIO_LAUNCHED_DESKTOP_FILE_PID': '16578', '_colcon_cd_root': '/opt/ros/jazzy/', 'VSCODE_CRASH_REPORTER_PROCESS_TYPE': 'extensionHost', 'DEBUGINFOD_URLS': 'https://debuginfod.ubuntu.com', 'ROS_DISTRO': 'jazzy', 'LOGNAME': 'farid', 'FORCE_COLOR': '0', 'JOURNAL_STREAM': '9:12580', '_': '/usr/bin/colcon', 'ROS_VERSION': '2', 'MEMORY_PRESSURE_WATCH': '/sys/fs/cgroup/user.slice/user-1000.slice/user@1000.service/session.slice/org.gnome.Shell@x11.service/memory.pressure', 'XDG_SESSION_CLASS': 'user', 'USERNAME': 'farid', 'TERM': 'dumb', 'GNOME_DESKTOP_SESSION_ID': 'this-is-deprecated', 'FC_FONTATIONS': '1', 'WINDOWPATH': '2', 'PATH': '/opt/ros/jazzy/opt/gz_msgs_vendor/bin:/opt/ros/jazzy/opt/gz_tools_vendor/bin:/opt/ros/jazzy/opt/gz_ogre_next_vendor/bin:/opt/ros/jazzy/bin:/usr/local/sbin:/usr/local/bin:/usr/sbin:/usr/bin:/sbin:/bin:/usr/games:/usr/local/games:/snap/bin:/snap/bin', 'SESSION_MANAGER': 'local/farid-laptop:@/tmp/.ICE-unix/2926,unix/farid-laptop:/tmp/.ICE-unix/2926', 'INVOCATION_ID': 'b0442c1c419b45e7a6c73369be7e3a21', 'XDG_MENU_PREFIX': 'gnome-', 'VSCODE_PROCESS_TITLE': 'extension-host (agent-exec) tesis [1-4]', 'XDG_RUNTIME_DIR': '/run/user/1000', 'GDK_BACKEND': 'x11', 'CURSOR_AGENT': '1', 'DISPLAY': ':1', 'LANG': 'en_US.UTF-8', 'XDG_CURRENT_DESKTOP': 'ubuntu:GNOME', 'XMODIFIERS': '@im=ibus', 'XDG_SESSION_DESKTOP': 'ubuntu', 'XAUTHORITY': '/run/user/1000/gdm/Xauthority', 'LS_COLORS': '', 'SBX_CHROME_API_RQ': '1', 'CURSOR_TRACE_ID': '817f80831e8b42fc87d077b343166d13', 'SSH_AUTH_SOCK': '/run/user/1000/keyring/ssh', 'AMENT_PREFIX_PATH': '/opt/ros/jazzy', 'SHELL': '/bin/bash', 'QT_ACCESSIBILITY': '1', 'GDMSESSION': 'ubuntu', 'LESSCLOSE': '/usr/bin/lesspipe %s %s', 'GPG_AGENT_INFO': '/run/user/1000/gnupg/S.gpg-agent:0:1', 'GJS_DEBUG_OUTPUT': 'stderr', 'ROS_AUTOMATIC_DISCOVERY_RANGE': 'SUBNET', 'QT_IM_MODULE': 'ibus', 'PWD': '/home/farid/tesis/exo_right_arm_ws/build/exo_description', 'LC_ALL': 'en_US.UTF-8', 'XDG_CONFIG_DIRS': '/etc/xdg/xdg-ubuntu:/etc/xdg', 'VSCODE_CODE_CACHE_PATH': '/home/farid/.config/Cursor/CachedData/224838f96445be37e3db643a163a817c15b36060', 'XDG_DATA_DIRS': '/usr/share/ubuntu:/usr/share/gnome:/usr/local/share/:/usr/share/:/var/lib/snapd/desktop', 'PYTHONPATH': '/opt/ros/jazzy/lib/python3.12/site-packages', 'COLCON': '1', '_ZO_DOCTOR': '0', 'MEMORY_PRESSURE_WRITE': 'c29tZSAyMDAwMDAgMjAwMDAwMAA=', 'CMAKE_PREFIX_PATH': '/opt/ros/jazzy/opt/gz_sim_vendor:/opt/ros/jazzy/opt/gz_sensors_vendor:/opt/ros/jazzy/opt/gz_physics_vendor:/opt/ros/jazzy/opt/sdformat_vendor:/opt/ros/jazzy/opt/gz_gui_vendor:/opt/ros/jazzy/opt/gz_transport_vendor:/opt/ros/jazzy/opt/gz_rendering_vendor:/opt/ros/jazzy/opt/gz_plugin_vendor:/opt/ros/jazzy/opt/gz_fuel_tools_vendor:/opt/ros/jazzy/opt/gz_msgs_vendor:/opt/ros/jazzy/opt/gz_common_vendor:/opt/ros/jazzy/opt/gz_math_vendor:/opt/ros/jazzy/opt/gz_utils_vendor:/opt/ros/jazzy/opt/gz_tools_vendor:/opt/ros/jazzy/opt/gz_ogre_next_vendor:/opt/ros/jazzy/opt/gz_dartsim_vendor:/opt/ros/jazzy/opt/gz_cmake_vendor:/opt/ros/jazzy', 'VSCODE_PID': '16578'}), 'shell': False}
[0.028152] (exo_description) StdoutLine: {'line': b'-- Found ament_cmake: 2.5.5 (/opt/ros/jazzy/share/ament_cmake/cmake)\n'}
[0.100008] (-) TimerEvent: {}
[0.200244] (-) TimerEvent: {}
[0.277021] (exo_description) StdoutLine: {'line': b'-- Configuring done (0.3s)\n'}
[0.278808] (exo_description) StdoutLine: {'line': b'-- Generating done (0.0s)\n'}
[0.279863] (exo_description) StdoutLine: {'line': b'-- Build files have been written to: /home/farid/tesis/exo_right_arm_ws/build/exo_description\n'}
[0.300302] (-) TimerEvent: {}
[0.313852] (exo_description) StdoutLine: {'line': b'[ 50%] Generating exo_build.xacro\n'}
[0.336182] (exo_description) StdoutLine: {'line': b'[100%] Generating exo_dynamics.urdf\n'}
[0.400467] (-) TimerEvent: {}
[0.415479] (exo_description) StdoutLine: {'line': b'[100%] Built target generate_exo_dynamics_urdf\n'}
[0.424501] (exo_description) CommandEnded: {'returncode': 0}
[0.425059] (exo_description) JobProgress: {'identifier': 'exo_description', 'progress': 'install'}
[0.431778] (exo_description) Command: {'cmd': ['/usr/bin/cmake', '--install', '/home/farid/tesis/exo_right_arm_ws/build/exo_description'], 'cwd': '/home/farid/tesis/exo_right_arm_ws/build/exo_description', 'env': OrderedDict({'GJS_DEBUG_TOPICS': 'JS ERROR;JS LOG', 'LESSOPEN': '| /usr/bin/lesspipe %s', 'VSCODE_CWD': '/home/farid', 'CURSOR_EXTENSION_HOST_ROLE': 'agent-exec', 'VSCODE_ESM_ENTRYPOINT': 'vs/workbench/api/node/extensionHostProcess', 'GZ_SIM_RESOURCE_PATH': '/opt/ros/jazzy/share:/home/farid/tesis/exo_right_arm_ws/install/exo_description/share:/home/farid/tesis/exo_right_arm_ws/install/exo_description/share', 'USER': 'farid', 'VSCODE_NLS_CONFIG': '{"userLocale":"en-us","osLocale":"en-us","resolvedLanguage":"en","defaultMessagesFile":"/usr/share/cursor/resources/app/out/nls.messages.json","locale":"en-us","availableLanguages":{}}', 'GZ_CONFIG_PATH': '/opt/ros/jazzy/opt/gz_sim_vendor/share/gz:/opt/ros/jazzy/opt/sdformat_vendor/share/gz:/opt/ros/jazzy/opt/gz_gui_vendor/share/gz:/opt/ros/jazzy/opt/gz_transport_vendor/share/gz:/opt/ros/jazzy/opt/gz_rendering_vendor/share/gz:/opt/ros/jazzy/opt/gz_plugin_vendor/share/gz:/opt/ros/jazzy/opt/gz_fuel_tools_vendor/share/gz:/opt/ros/jazzy/opt/gz_msgs_vendor/share/gz:/opt/ros/jazzy/opt/gz_common_vendor/share/gz', 'CI': '1', 'VSCODE_HANDLES_UNCAUGHT_ERRORS': 'true', 'XDG_SESSION_TYPE': 'x11', 'CLUTTER_DISABLE_MIPMAPPED_TEXT': '1', 'SHLVL': '1', 'LD_LIBRARY_PATH': '/opt/ros/jazzy/opt/gz_sim_vendor/lib:/opt/ros/jazzy/opt/gz_sensors_vendor/lib:/opt/ros/jazzy/opt/gz_physics_vendor/lib:/opt/ros/jazzy/opt/sdformat_vendor/lib:/opt/ros/jazzy/opt/rviz_ogre_vendor/lib:/opt/ros/jazzy/lib/x86_64-linux-gnu:/opt/ros/jazzy/opt/gz_gui_vendor/lib:/opt/ros/jazzy/opt/gz_transport_vendor/lib:/opt/ros/jazzy/opt/gz_rendering_vendor/lib:/opt/ros/jazzy/opt/gz_plugin_vendor/lib:/opt/ros/jazzy/opt/gz_fuel_tools_vendor/lib:/opt/ros/jazzy/opt/gz_msgs_vendor/lib:/opt/ros/jazzy/opt/gz_common_vendor/lib:/opt/ros/jazzy/opt/gz_math_vendor/lib:/opt/ros/jazzy/opt/gz_utils_vendor/lib:/opt/ros/jazzy/opt/gz_tools_vendor/lib:/opt/ros/jazzy/opt/gz_ogre_next_vendor/lib:/opt/ros/jazzy/opt/gz_dartsim_vendor/lib:/opt/ros/jazzy/opt/gz_cmake_vendor/lib:/opt/ros/jazzy/lib', 'HOME': '/home/farid', 'CHROME_DESKTOP': 'cursor.desktop', 'OLDPWD': '/home/farid/tesis/exo_right_arm_ws', 'DESKTOP_SESSION': 'ubuntu', 'VSCODE_IPC_HOOK': '/run/user/1000/vscode-153679cc-2.6.-main.sock', 'GIO_LAUNCHED_DESKTOP_FILE': '/usr/share/applications/cursor.desktop', 'ROS_PYTHON_VERSION': '3', 'GNOME_SHELL_SESSION_MODE': 'ubuntu', 'GTK_MODULES': 'gail:atk-bridge', 'CURSOR_WORKSPACE_LABEL': 'tesis', 'MANAGERPID': '2572', 'SYSTEMD_EXEC_PID': '2974', 'GSM_SKIP_SSH_AGENT_WORKAROUND': 'true', 'NO_COLOR': '1', 'DBUS_SESSION_BUS_ADDRESS': 'unix:path=/run/user/1000/bus', 'GIO_LAUNCHED_DESKTOP_FILE_PID': '16578', '_colcon_cd_root': '/opt/ros/jazzy/', 'VSCODE_CRASH_REPORTER_PROCESS_TYPE': 'extensionHost', 'DEBUGINFOD_URLS': 'https://debuginfod.ubuntu.com', 'ROS_DISTRO': 'jazzy', 'LOGNAME': 'farid', 'FORCE_COLOR': '0', 'JOURNAL_STREAM': '9:12580', '_': '/usr/bin/colcon', 'ROS_VERSION': '2', 'MEMORY_PRESSURE_WATCH': '/sys/fs/cgroup/user.slice/user-1000.slice/user@1000.service/session.slice/org.gnome.Shell@x11.service/memory.pressure', 'XDG_SESSION_CLASS': 'user', 'USERNAME': 'farid', 'TERM': 'dumb', 'GNOME_DESKTOP_SESSION_ID': 'this-is-deprecated', 'FC_FONTATIONS': '1', 'WINDOWPATH': '2', 'PATH': '/opt/ros/jazzy/opt/gz_msgs_vendor/bin:/opt/ros/jazzy/opt/gz_tools_vendor/bin:/opt/ros/jazzy/opt/gz_ogre_next_vendor/bin:/opt/ros/jazzy/bin:/usr/local/sbin:/usr/local/bin:/usr/sbin:/usr/bin:/sbin:/bin:/usr/games:/usr/local/games:/snap/bin:/snap/bin', 'SESSION_MANAGER': 'local/farid-laptop:@/tmp/.ICE-unix/2926,unix/farid-laptop:/tmp/.ICE-unix/2926', 'INVOCATION_ID': 'b0442c1c419b45e7a6c73369be7e3a21', 'XDG_MENU_PREFIX': 'gnome-', 'VSCODE_PROCESS_TITLE': 'extension-host (agent-exec) tesis [1-4]', 'XDG_RUNTIME_DIR': '/run/user/1000', 'GDK_BACKEND': 'x11', 'CURSOR_AGENT': '1', 'DISPLAY': ':1', 'LANG': 'en_US.UTF-8', 'XDG_CURRENT_DESKTOP': 'ubuntu:GNOME', 'XMODIFIERS': '@im=ibus', 'XDG_SESSION_DESKTOP': 'ubuntu', 'XAUTHORITY': '/run/user/1000/gdm/Xauthority', 'LS_COLORS': '', 'SBX_CHROME_API_RQ': '1', 'CURSOR_TRACE_ID': '817f80831e8b42fc87d077b343166d13', 'SSH_AUTH_SOCK': '/run/user/1000/keyring/ssh', 'AMENT_PREFIX_PATH': '/opt/ros/jazzy', 'SHELL': '/bin/bash', 'QT_ACCESSIBILITY': '1', 'GDMSESSION': 'ubuntu', 'LESSCLOSE': '/usr/bin/lesspipe %s %s', 'GPG_AGENT_INFO': '/run/user/1000/gnupg/S.gpg-agent:0:1', 'GJS_DEBUG_OUTPUT': 'stderr', 'ROS_AUTOMATIC_DISCOVERY_RANGE': 'SUBNET', 'QT_IM_MODULE': 'ibus', 'PWD': '/home/farid/tesis/exo_right_arm_ws/build/exo_description', 'LC_ALL': 'en_US.UTF-8', 'XDG_CONFIG_DIRS': '/etc/xdg/xdg-ubuntu:/etc/xdg', 'VSCODE_CODE_CACHE_PATH': '/home/farid/.config/Cursor/CachedData/224838f96445be37e3db643a163a817c15b36060', 'XDG_DATA_DIRS': '/usr/share/ubuntu:/usr/share/gnome:/usr/local/share/:/usr/share/:/var/lib/snapd/desktop', 'PYTHONPATH': '/opt/ros/jazzy/lib/python3.12/site-packages', 'COLCON': '1', '_ZO_DOCTOR': '0', 'MEMORY_PRESSURE_WRITE': 'c29tZSAyMDAwMDAgMjAwMDAwMAA=', 'CMAKE_PREFIX_PATH': '/opt/ros/jazzy/opt/gz_sim_vendor:/opt/ros/jazzy/opt/gz_sensors_vendor:/opt/ros/jazzy/opt/gz_physics_vendor:/opt/ros/jazzy/opt/sdformat_vendor:/opt/ros/jazzy/opt/gz_gui_vendor:/opt/ros/jazzy/opt/gz_transport_vendor:/opt/ros/jazzy/opt/gz_rendering_vendor:/opt/ros/jazzy/opt/gz_plugin_vendor:/opt/ros/jazzy/opt/gz_fuel_tools_vendor:/opt/ros/jazzy/opt/gz_msgs_vendor:/opt/ros/jazzy/opt/gz_common_vendor:/opt/ros/jazzy/opt/gz_math_vendor:/opt/ros/jazzy/opt/gz_utils_vendor:/opt/ros/jazzy/opt/gz_tools_vendor:/opt/ros/jazzy/opt/gz_ogre_next_vendor:/opt/ros/jazzy/opt/gz_dartsim_vendor:/opt/ros/jazzy/opt/gz_cmake_vendor:/opt/ros/jazzy', 'VSCODE_PID': '16578'}), 'shell': False}
[0.442036] (exo_description) StdoutLine: {'line': b'-- Install configuration: ""\n'}
[0.442791] (exo_description) StdoutLine: {'line': b'-- Up-to-date: /home/farid/tesis/exo_right_arm_ws/install/exo_description/share/exo_description/urdf\n'}
[0.443079] (exo_description) StdoutLine: {'line': b'-- Up-to-date: /home/farid/tesis/exo_right_arm_ws/install/exo_description/share/exo_description/urdf/exo.gazebo\n'}
[0.443275] (exo_description) StdoutLine: {'line': b'-- Up-to-date: /home/farid/tesis/exo_right_arm_ws/install/exo_description/share/exo_description/urdf/exo.xacro\n'}
[0.443398] (exo_description) StdoutLine: {'line': b'-- Up-to-date: /home/farid/tesis/exo_right_arm_ws/install/exo_description/share/exo_description/urdf/materials.xacro\n'}
[0.443516] (exo_description) StdoutLine: {'line': b'-- Up-to-date: /home/farid/tesis/exo_right_arm_ws/install/exo_description/share/exo_description/urdf/exo.trans\n'}
[0.443636] (exo_description) StdoutLine: {'line': b'-- Up-to-date: /home/farid/tesis/exo_right_arm_ws/install/exo_description/share/exo_description/meshes\n'}
[0.443751] (exo_description) StdoutLine: {'line': b'-- Up-to-date: /home/farid/tesis/exo_right_arm_ws/install/exo_description/share/exo_description/meshes/base_link.stl\n'}
[0.443865] (exo_description) StdoutLine: {'line': b'-- Up-to-date: /home/farid/tesis/exo_right_arm_ws/install/exo_description/share/exo_description/meshes/Componente3_v1_1.stl\n'}
[0.443978] (exo_description) StdoutLine: {'line': b'-- Up-to-date: /home/farid/tesis/exo_right_arm_ws/install/exo_description/share/exo_description/meshes/Componente2_v1_1.stl\n'}
[0.444092] (exo_description) StdoutLine: {'line': b'-- Up-to-date: /home/farid/tesis/exo_right_arm_ws/install/exo_description/share/exo_description/meshes/Motor2_1.stl\n'}
[0.444307] (exo_description) StdoutLine: {'line': b'-- Up-to-date: /home/farid/tesis/exo_right_arm_ws/install/exo_description/share/exo_description/meshes/Componente5_v1_1.stl\n'}
[0.444501] (exo_description) StdoutLine: {'line': b'-- Up-to-date: /home/farid/tesis/exo_right_arm_ws/install/exo_description/share/exo_description/meshes/Componente4_v1_1.stl\n'}
[0.444586] (exo_description) StdoutLine: {'line': b'-- Up-to-date: /home/farid/tesis/exo_right_arm_ws/install/exo_description/share/exo_description/meshes/Motor1_1.stl\n'}
[0.444661] (exo_description) StdoutLine: {'line': b'-- Up-to-date: /home/farid/tesis/exo_right_arm_ws/install/exo_description/share/exo_description/meshes/Motor3_1.stl\n'}
[0.444729] (exo_description) StdoutLine: {'line': b'-- Up-to-date: /home/farid/tesis/exo_right_arm_ws/install/exo_description/share/exo_description/launch\n'}
[0.444796] (exo_description) StdoutLine: {'line': b'-- Up-to-date: /home/farid/tesis/exo_right_arm_ws/install/exo_description/share/exo_description/launch/controller.launch\n'}
[0.444862] (exo_description) StdoutLine: {'line': b'-- Up-to-date: /home/farid/tesis/exo_right_arm_ws/install/exo_description/share/exo_description/launch/display.launch\n'}
[0.444953] (exo_description) StdoutLine: {'line': b'-- Up-to-date: /home/farid/tesis/exo_right_arm_ws/install/exo_description/share/exo_description/launch/gazebo.launch\n'}
[0.445017] (exo_description) StdoutLine: {'line': b'-- Up-to-date: /home/farid/tesis/exo_right_arm_ws/install/exo_description/share/exo_description/launch/controller.yaml\n'}
[0.445079] (exo_description) StdoutLine: {'line': b'-- Up-to-date: /home/farid/tesis/exo_right_arm_ws/install/exo_description/share/exo_description/launch/urdf.rviz\n'}
[0.445144] (exo_description) StdoutLine: {'line': b'-- Up-to-date: /home/farid/tesis/exo_right_arm_ws/install/exo_description/share/exo_description/config\n'}
[0.445220] (exo_description) StdoutLine: {'line': b'-- Up-to-date: /home/farid/tesis/exo_right_arm_ws/install/exo_description/share/exo_description/config/controllers.yaml\n'}
[0.445289] (exo_description) StdoutLine: {'line': b'-- Up-to-date: /home/farid/tesis/exo_right_arm_ws/install/exo_description/share/exo_description/rviz\n'}
[0.445360] (exo_description) StdoutLine: {'line': b'-- Up-to-date: /home/farid/tesis/exo_right_arm_ws/install/exo_description/share/exo_description/rviz/exo.rviz\n'}
[0.445427] (exo_description) StdoutLine: {'line': b'-- Installing: /home/farid/tesis/exo_right_arm_ws/install/exo_description/share/exo_description/urdf/exo_dynamics.urdf\n'}
[0.445490] (exo_description) StdoutLine: {'line': b'-- Up-to-date: /home/farid/tesis/exo_right_arm_ws/install/exo_description/share/ament_index/resource_index/package_run_dependencies/exo_description\n'}
[0.445556] (exo_description) StdoutLine: {'line': b'-- Installing: /home/farid/tesis/exo_right_arm_ws/install/exo_description/share/ament_index/resource_index/parent_prefix_path/exo_description\n'}
[0.445619] (exo_description) StdoutLine: {'line': b'-- Up-to-date: /home/farid/tesis/exo_right_arm_ws/install/exo_description/share/exo_description/environment/ament_prefix_path.sh\n'}
[0.445683] (exo_description) StdoutLine: {'line': b'-- Up-to-date: /home/farid/tesis/exo_right_arm_ws/install/exo_description/share/exo_description/environment/ament_prefix_path.dsv\n'}
[0.445744] (exo_description) StdoutLine: {'line': b'-- Up-to-date: /home/farid/tesis/exo_right_arm_ws/install/exo_description/share/exo_description/environment/path.sh\n'}
[0.445810] (exo_description) StdoutLine: {'line': b'-- Up-to-date: /home/farid/tesis/exo_right_arm_ws/install/exo_description/share/exo_description/environment/path.dsv\n'}
[0.445875] (exo_description) StdoutLine: {'line': b'-- Up-to-date: /home/farid/tesis/exo_right_arm_ws/install/exo_description/share/exo_description/local_setup.bash\n'}
[0.445993] (exo_description) StdoutLine: {'line': b'-- Up-to-date: /home/farid/tesis/exo_right_arm_ws/install/exo_description/share/exo_description/local_setup.sh\n'}
[0.446286] (exo_description) StdoutLine: {'line': b'-- Up-to-date: /home/farid/tesis/exo_right_arm_ws/install/exo_description/share/exo_description/local_setup.zsh\n'}
[0.446363] (exo_description) StdoutLine: {'line': b'-- Up-to-date: /home/farid/tesis/exo_right_arm_ws/install/exo_description/share/exo_description/local_setup.dsv\n'}
[0.446429] (exo_description) StdoutLine: {'line': b'-- Installing: /home/farid/tesis/exo_right_arm_ws/install/exo_description/share/exo_description/package.dsv\n'}
[0.446498] (exo_description) StdoutLine: {'line': b'-- Up-to-date: /home/farid/tesis/exo_right_arm_ws/install/exo_description/share/ament_index/resource_index/packages/exo_description\n'}
[0.446564] (exo_description) StdoutLine: {'line': b'-- Up-to-date: /home/farid/tesis/exo_right_arm_ws/install/exo_description/share/exo_description/cmake/exo_descriptionConfig.cmake\n'}
[0.446632] (exo_description) StdoutLine: {'line': b'-- Up-to-date: /home/farid/tesis/exo_right_arm_ws/install/exo_description/share/exo_description/cmake/exo_descriptionConfig-version.cmake\n'}
[0.446697] (exo_description) StdoutLine: {'line': b'-- Installing: /home/farid/tesis/exo_right_arm_ws/install/exo_description/share/exo_description/package.xml\n'}
[0.446925] (exo_description) CommandEnded: {'returncode': 0}
[0.458596] (exo_description) JobEnded: {'identifier': 'exo_description', 'rc': 0}
[0.459094] (gravity_compensation_controller) JobStarted: {'identifier': 'gravity_compensation_controller'}
[0.463966] (gravity_compensation_controller) JobProgress: {'identifier': 'gravity_compensation_controller', 'progress': 'cmake'}
[0.464481] (gravity_compensation_controller) JobProgress: {'identifier': 'gravity_compensation_controller', 'progress': 'build'}
[0.464745] (gravity_compensation_controller) Command: {'cmd': ['/usr/bin/cmake', '--build', '/home/farid/tesis/exo_right_arm_ws/build/gravity_compensation_controller', '--', '-j32', '-l32'], 'cwd': '/home/farid/tesis/exo_right_arm_ws/build/gravity_compensation_controller', 'env': OrderedDict({'GJS_DEBUG_TOPICS': 'JS ERROR;JS LOG', 'LESSOPEN': '| /usr/bin/lesspipe %s', 'VSCODE_CWD': '/home/farid', 'CURSOR_EXTENSION_HOST_ROLE': 'agent-exec', 'VSCODE_ESM_ENTRYPOINT': 'vs/workbench/api/node/extensionHostProcess', 'GZ_SIM_RESOURCE_PATH': '/opt/ros/jazzy/share:/home/farid/tesis/exo_right_arm_ws/install/exo_description/share:/home/farid/tesis/exo_right_arm_ws/install/exo_description/share', 'USER': 'farid', 'VSCODE_NLS_CONFIG': '{"userLocale":"en-us","osLocale":"en-us","resolvedLanguage":"en","defaultMessagesFile":"/usr/share/cursor/resources/app/out/nls.messages.json","locale":"en-us","availableLanguages":{}}', 'GZ_CONFIG_PATH': '/opt/ros/jazzy/opt/gz_sim_vendor/share/gz:/opt/ros/jazzy/opt/sdformat_vendor/share/gz:/opt/ros/jazzy/opt/gz_gui_vendor/share/gz:/opt/ros/jazzy/opt/gz_transport_vendor/share/gz:/opt/ros/jazzy/opt/gz_rendering_vendor/share/gz:/opt/ros/jazzy/opt/gz_plugin_vendor/share/gz:/opt/ros/jazzy/opt/gz_fuel_tools_vendor/share/gz:/opt/ros/jazzy/opt/gz_msgs_vendor/share/gz:/opt/ros/jazzy/opt/gz_common_vendor/share/gz', 'CI': '1', 'VSCODE_HANDLES_UNCAUGHT_ERRORS': 'true', 'XDG_SESSION_TYPE': 'x11', 'CLUTTER_DISABLE_MIPMAPPED_TEXT': '1', 'SHLVL': '1', 'LD_LIBRARY_PATH': '/opt/ros/jazzy/opt/gz_sim_vendor/lib:/opt/ros/jazzy/opt/gz_sensors_vendor/lib:/opt/ros/jazzy/opt/gz_physics_vendor/lib:/opt/ros/jazzy/opt/sdformat_vendor/lib:/opt/ros/jazzy/opt/rviz_ogre_vendor/lib:/opt/ros/jazzy/lib/x86_64-linux-gnu:/opt/ros/jazzy/opt/gz_gui_vendor/lib:/opt/ros/jazzy/opt/gz_transport_vendor/lib:/opt/ros/jazzy/opt/gz_rendering_vendor/lib:/opt/ros/jazzy/opt/gz_plugin_vendor/lib:/opt/ros/jazzy/opt/gz_fuel_tools_vendor/lib:/opt/ros/jazzy/opt/gz_msgs_vendor/lib:/opt/ros/jazzy/opt/gz_common_vendor/lib:/opt/ros/jazzy/opt/gz_math_vendor/lib:/opt/ros/jazzy/opt/gz_utils_vendor/lib:/opt/ros/jazzy/opt/gz_tools_vendor/lib:/opt/ros/jazzy/opt/gz_ogre_next_vendor/lib:/opt/ros/jazzy/opt/gz_dartsim_vendor/lib:/opt/ros/jazzy/opt/gz_cmake_vendor/lib:/opt/ros/jazzy/lib', 'HOME': '/home/farid', 'CHROME_DESKTOP': 'cursor.desktop', 'OLDPWD': '/home/farid/tesis/exo_right_arm_ws', 'DESKTOP_SESSION': 'ubuntu', 'VSCODE_IPC_HOOK': '/run/user/1000/vscode-153679cc-2.6.-main.sock', 'GIO_LAUNCHED_DESKTOP_FILE': '/usr/share/applications/cursor.desktop', 'ROS_PYTHON_VERSION': '3', 'GNOME_SHELL_SESSION_MODE': 'ubuntu', 'GTK_MODULES': 'gail:atk-bridge', 'CURSOR_WORKSPACE_LABEL': 'tesis', 'MANAGERPID': '2572', 'SYSTEMD_EXEC_PID': '2974', 'GSM_SKIP_SSH_AGENT_WORKAROUND': 'true', 'NO_COLOR': '1', 'DBUS_SESSION_BUS_ADDRESS': 'unix:path=/run/user/1000/bus', 'GIO_LAUNCHED_DESKTOP_FILE_PID': '16578', '_colcon_cd_root': '/opt/ros/jazzy/', 'VSCODE_CRASH_REPORTER_PROCESS_TYPE': 'extensionHost', 'DEBUGINFOD_URLS': 'https://debuginfod.ubuntu.com', 'ROS_DISTRO': 'jazzy', 'LOGNAME': 'farid', 'FORCE_COLOR': '0', 'JOURNAL_STREAM': '9:12580', '_': '/usr/bin/colcon', 'ROS_VERSION': '2', 'MEMORY_PRESSURE_WATCH': '/sys/fs/cgroup/user.slice/user-1000.slice/user@1000.service/session.slice/org.gnome.Shell@x11.service/memory.pressure', 'XDG_SESSION_CLASS': 'user', 'USERNAME': 'farid', 'TERM': 'dumb', 'GNOME_DESKTOP_SESSION_ID': 'this-is-deprecated', 'FC_FONTATIONS': '1', 'WINDOWPATH': '2', 'PATH': '/opt/ros/jazzy/opt/gz_msgs_vendor/bin:/opt/ros/jazzy/opt/gz_tools_vendor/bin:/opt/ros/jazzy/opt/gz_ogre_next_vendor/bin:/opt/ros/jazzy/bin:/usr/local/sbin:/usr/local/bin:/usr/sbin:/usr/bin:/sbin:/bin:/usr/games:/usr/local/games:/snap/bin:/snap/bin', 'SESSION_MANAGER': 'local/farid-laptop:@/tmp/.ICE-unix/2926,unix/farid-laptop:/tmp/.ICE-unix/2926', 'INVOCATION_ID': 'b0442c1c419b45e7a6c73369be7e3a21', 'XDG_MENU_PREFIX': 'gnome-', 'VSCODE_PROCESS_TITLE': 'extension-host (agent-exec) tesis [1-4]', 'XDG_RUNTIME_DIR': '/run/user/1000', 'GDK_BACKEND': 'x11', 'CURSOR_AGENT': '1', 'DISPLAY': ':1', 'LANG': 'en_US.UTF-8', 'XDG_CURRENT_DESKTOP': 'ubuntu:GNOME', 'XMODIFIERS': '@im=ibus', 'XDG_SESSION_DESKTOP': 'ubuntu', 'XAUTHORITY': '/run/user/1000/gdm/Xauthority', 'LS_COLORS': '', 'SBX_CHROME_API_RQ': '1', 'CURSOR_TRACE_ID': '817f80831e8b42fc87d077b343166d13', 'SSH_AUTH_SOCK': '/run/user/1000/keyring/ssh', 'AMENT_PREFIX_PATH': '/home/farid/tesis/exo_right_arm_ws/install/exo_description:/opt/ros/jazzy', 'SHELL': '/bin/bash', 'QT_ACCESSIBILITY': '1', 'GDMSESSION': 'ubuntu', 'LESSCLOSE': '/usr/bin/lesspipe %s %s', 'GPG_AGENT_INFO': '/run/user/1000/gnupg/S.gpg-agent:0:1', 'GJS_DEBUG_OUTPUT': 'stderr', 'ROS_AUTOMATIC_DISCOVERY_RANGE': 'SUBNET', 'QT_IM_MODULE': 'ibus', 'PWD': '/home/farid/tesis/exo_right_arm_ws/build/gravity_compensation_controller', 'LC_ALL': 'en_US.UTF-8', 'XDG_CONFIG_DIRS': '/etc/xdg/xdg-ubuntu:/etc/xdg', 'VSCODE_CODE_CACHE_PATH': '/home/farid/.config/Cursor/CachedData/224838f96445be37e3db643a163a817c15b36060', 'XDG_DATA_DIRS': '/usr/share/ubuntu:/usr/share/gnome:/usr/local/share/:/usr/share/:/var/lib/snapd/desktop', 'PYTHONPATH': '/opt/ros/jazzy/lib/python3.12/site-packages', 'COLCON': '1', '_ZO_DOCTOR': '0', 'MEMORY_PRESSURE_WRITE': 'c29tZSAyMDAwMDAgMjAwMDAwMAA=', 'CMAKE_PREFIX_PATH': '/home/farid/tesis/exo_right_arm_ws/install/exo_description:/opt/ros/jazzy/opt/gz_sim_vendor:/opt/ros/jazzy/opt/gz_sensors_vendor:/opt/ros/jazzy/opt/gz_physics_vendor:/opt/ros/jazzy/opt/sdformat_vendor:/opt/ros/jazzy/opt/gz_gui_vendor:/opt/ros/jazzy/opt/gz_transport_vendor:/opt/ros/jazzy/opt/gz_rendering_vendor:/opt/ros/jazzy/opt/gz_plugin_vendor:/opt/ros/jazzy/opt/gz_fuel_tools_vendor:/opt/ros/jazzy/opt/gz_msgs_vendor:/opt/ros/jazzy/opt/gz_common_vendor:/opt/ros/jazzy/opt/gz_math_vendor:/opt/ros/jazzy/opt/gz_utils_vendor:/opt/ros/jazzy/opt/gz_tools_vendor:/opt/ros/jazzy/opt/gz_ogre_next_vendor:/opt/ros/jazzy/opt/gz_dartsim_vendor:/opt/ros/jazzy/opt/gz_cmake_vendor:/opt/ros/jazzy', 'VSCODE_PID': '16578'}), 'shell': False}
[0.496408] (gravity_compensation_controller) StdoutLine: {'line': b'-- Found ament_cmake: 2.5.5 (/opt/ros/jazzy/share/ament_cmake/cmake)\n'}
[0.500566] (-) TimerEvent: {}
[0.600703] (-) TimerEvent: {}
[0.698771] (gravity_compensation_controller) StdoutLine: {'line': b'-- Found controller_interface: 4.42.2 (/opt/ros/jazzy/share/controller_interface/cmake)\n'}
[0.700786] (-) TimerEvent: {}
[0.720911] (gravity_compensation_controller) StdoutLine: {'line': b'-- Found rosidl_generator_c: 4.6.7 (/opt/ros/jazzy/share/rosidl_generator_c/cmake)\n'}
[0.727104] (gravity_compensation_controller) StdoutLine: {'line': b'-- Found rosidl_generator_cpp: 4.6.7 (/opt/ros/jazzy/share/rosidl_generator_cpp/cmake)\n'}
[0.735032] (gravity_compensation_controller) StdoutLine: {'line': b'-- Using all available rosidl_typesupport_c: rosidl_typesupport_fastrtps_c;rosidl_typesupport_introspection_c\n'}
[0.744373] (gravity_compensation_controller) StdoutLine: {'line': b'-- Using all available rosidl_typesupport_cpp: rosidl_typesupport_fastrtps_cpp;rosidl_typesupport_introspection_cpp\n'}
[0.800875] (-) TimerEvent: {}
[0.882360] (gravity_compensation_controller) StdoutLine: {'line': b'-- Found TinyXML2 via Config file: /usr/lib/x86_64-linux-gnu/cmake/tinyxml2\n'}
[0.900980] (-) TimerEvent: {}
[0.907502] (gravity_compensation_controller) StdoutLine: {'line': b'-- Found rmw_implementation_cmake: 7.3.3 (/opt/ros/jazzy/share/rmw_implementation_cmake/cmake)\n'}
[0.908482] (gravity_compensation_controller) StdoutLine: {'line': b'-- Found rmw_fastrtps_cpp: 8.4.3 (/opt/ros/jazzy/share/rmw_fastrtps_cpp/cmake)\n'}
[0.921094] (gravity_compensation_controller) StdoutLine: {'line': b'-- Found TinyXML2 via Config file: /usr/lib/x86_64-linux-gnu/cmake/tinyxml2\n'}
[0.930006] (gravity_compensation_controller) StdoutLine: {'line': b'-- Found TinyXML2 via Config file: /usr/lib/x86_64-linux-gnu/cmake/tinyxml2\n'}
[0.943399] (gravity_compensation_controller) StdoutLine: {'line': b'-- Found TinyXML2 via Config file: /usr/lib/x86_64-linux-gnu/cmake/tinyxml2\n'}
[0.951474] (gravity_compensation_controller) StdoutLine: {'line': b'-- Found TinyXML2 via Config file: /usr/lib/x86_64-linux-gnu/cmake/tinyxml2\n'}
[0.960977] (gravity_compensation_controller) StdoutLine: {'line': b"-- Using RMW implementation 'rmw_fastrtps_cpp' as default\n"}
[1.001051] (-) TimerEvent: {}
[1.074952] (gravity_compensation_controller) StdoutLine: {'line': b'-- Found eigen3_cmake_module: 0.3.0 (/opt/ros/jazzy/share/eigen3_cmake_module/cmake)\n'}
[1.081273] (gravity_compensation_controller) StdoutLine: {'line': b'-- Found Eigen3: TRUE (found version "3.4.0") \n'}
[1.088855] (gravity_compensation_controller) StderrLine: {'line': b'CMake Error at CMakeLists.txt:18 (find_package):\n'}
[1.088960] (gravity_compensation_controller) StderrLine: {'line': b'  By not providing "Findpinocchio.cmake" in CMAKE_MODULE_PATH this project\n'}
[1.089006] (gravity_compensation_controller) StderrLine: {'line': b'  has asked CMake to find a package configuration file provided by\n'}
[1.089043] (gravity_compensation_controller) StderrLine: {'line': b'  "pinocchio", but CMake did not find one.\n'}
[1.089081] (gravity_compensation_controller) StderrLine: {'line': b'\n'}
[1.089116] (gravity_compensation_controller) StderrLine: {'line': b'  Could not find a package configuration file provided by "pinocchio" with\n'}
[1.089155] (gravity_compensation_controller) StderrLine: {'line': b'  any of the following names:\n'}
[1.089188] (gravity_compensation_controller) StderrLine: {'line': b'\n'}
[1.089231] (gravity_compensation_controller) StderrLine: {'line': b'    pinocchioConfig.cmake\n'}
[1.089265] (gravity_compensation_controller) StderrLine: {'line': b'    pinocchio-config.cmake\n'}
[1.089300] (gravity_compensation_controller) StderrLine: {'line': b'\n'}
[1.089335] (gravity_compensation_controller) StderrLine: {'line': b'  Add the installation prefix of "pinocchio" to CMAKE_PREFIX_PATH or set\n'}
[1.089369] (gravity_compensation_controller) StderrLine: {'line': b'  "pinocchio_DIR" to a directory containing one of the above files.  If\n'}
[1.089403] (gravity_compensation_controller) StderrLine: {'line': b'  "pinocchio" provides a separate development package or SDK, be sure it has\n'}
[1.089437] (gravity_compensation_controller) StderrLine: {'line': b'  been installed.\n'}
[1.089471] (gravity_compensation_controller) StderrLine: {'line': b'\n'}
[1.089504] (gravity_compensation_controller) StderrLine: {'line': b'\n'}
[1.089535] (gravity_compensation_controller) StdoutLine: {'line': b'-- Configuring incomplete, errors occurred!\n'}
[1.094335] (gravity_compensation_controller) StderrLine: {'line': b'gmake: *** [Makefile:267: cmake_check_build_system] Error 1\n'}
[1.095773] (gravity_compensation_controller) CommandEnded: {'returncode': 2}
[1.099964] (gravity_compensation_controller) JobEnded: {'identifier': 'gravity_compensation_controller', 'rc': 2}
[1.100357] (-) EventReactorShutdown: {}
