[0.000000] (-) TimerEvent: {}
[0.000172] (-) JobUnselected: {'identifier': 'exo_bringup'}
[0.000440] (-) JobUnselected: {'identifier': 'exo_description'}
[0.000465] (-) JobUnselected: {'identifier': 'exo_hardware'}
[0.000491] (-) JobUnselected: {'identifier': 'joint_state_broadcaster'}
[0.000511] (gravity_compensation_controller) JobQueued: {'identifier': 'gravity_compensation_controller', 'dependencies': OrderedDict({'exo_description': '/home/farid/tesis/exo_right_arm_ws/install/exo_description'})}
[0.000543] (gravity_compensation_controller) JobStarted: {'identifier': 'gravity_compensation_controller'}
[0.006825] (gravity_compensation_controller) JobProgress: {'identifier': 'gravity_compensation_controller', 'progress': 'cmake'}
[0.007619] (gravity_compensation_controller) Command: {'cmd': ['/usr/bin/cmake', '/home/farid/tesis/exo_right_arm_ws/src/gravity_compensation_controller', '-DAMENT_CMAKE_SYMLINK_INSTALL=1', '-DCMAKE_INSTALL_PREFIX=/home/farid/tesis/exo_right_arm_ws/install/gravity_compensation_controller'], 'cwd': '/home/farid/tesis/exo_right_arm_ws/build/gravity_compensation_controller', 'env': OrderedDict({'GJS_DEBUG_TOPICS': 'JS ERROR;JS LOG', 'LESSOPEN': '| /usr/bin/lesspipe %s', 'VSCODE_CWD': '/home/farid', 'CURSOR_EXTENSION_HOST_ROLE': 'agent-exec', 'VSCODE_ESM_ENTRYPOINT': 'vs/workbench/api/node/extensionHostProcess', 'GZ_SIM_RESOURCE_PATH': '/opt/ros/jazzy/share:/home/farid/tesis/exo_right_arm_ws/install/exo_description/share:/home/farid/tesis/exo_right_arm_ws/install/exo_description/share', 'USER': 'farid', 'VSCODE_NLS_CONFIG': '{"userLocale":"en-us","osLocale":"en-us","resolvedLanguage":"en","defaultMessagesFile":"/usr/share/cursor/resources/app/out/nls.messages.json","locale":"en-us","availableLanguages":{}}', 'GZ_CONFIG_PATH': '/opt/ros/jazzy/opt/gz_sim_vendor/share/gz:/opt/ros/jazzy/opt/sdformat_vendor/share/gz:/opt/ros/jazzy/opt/gz_gui_vendor/share/gz:/opt/ros/jazzy/opt/gz_transport_vendor/share/gz:/opt/ros/jazzy/opt/gz_rendering_vendor/share/gz:/opt/ros/jazzy/opt/gz_plugin_vendor/share/gz:/opt/ros/jazzy/opt/gz_fuel_tools_vendor/share/gz:/opt/ros/jazzy/opt/gz_msgs_vendor/share/gz:/opt/ros/jazzy/opt/gz_common_vendor/share/gz', 'CI': '1', 'VSCODE_HANDLES_UNCAUGHT_ERRORS': 'true', 'XDG_SESSION_TYPE': 'x11', 'CLUTTER_DISABLE_MIPMAPPED_TEXT': '1', 'SHLVL': '1', 'LD_LIBRARY_PATH': '/opt/ros/jazzy/opt/gz_sim_vendor/lib:/opt/ros/jazzy/opt/gz_sensors_vendor/lib:/opt/ros/jazzy/opt/gz_physics_vendor/lib:/opt/ros/jazzy/opt/sdformat_vendor/lib:/opt/ros/jazzy/opt/rviz_ogre_vendor/lib:/opt/ros/jazzy/lib/x86_64-linux-gnu:/opt/ros/jazzy/opt/gz_gui_vendor/lib:/opt/ros/jazzy/opt/gz_transport_vendor/lib:/opt/ros/jazzy/opt/gz_rendering_vendor/lib:/opt/ros/jazzy/opt/gz_plugin_vendor/lib:/opt/ros/jazzy/opt/gz_fuel_tools_vendor/lib:/opt/ros/jazzy/opt/gz_msgs_vendor/lib:/opt/ros/jazzy/opt/gz_common_vendor/lib:/opt/ros/jazzy/opt/gz_math_vendor/lib:/opt/ros/jazzy/opt/gz_utils_vendor/lib:/opt/ros/jazzy/opt/gz_tools_vendor/lib:/opt/ros/jazzy/opt/gz_ogre_next_vendor/lib:/opt/ros/jazzy/opt/gz_dartsim_vendor/lib:/opt/ros/jazzy/opt/gz_cmake_vendor/lib:/opt/ros/jazzy/lib', 'HOME': '/home/farid', 'CHROME_DESKTOP': 'cursor.desktop', 'OLDPWD': '/home/farid/tesis/exo_right_arm_ws', 'DESKTOP_SESSION': 'ubuntu', 'VSCODE_IPC_HOOK': '/run/user/1000/vscode-153679cc-2.6.-main.sock', 'GIO_LAUNCHED_DESKTOP_FILE': '/usr/share/applications/cursor.desktop', 'ROS_PYTHON_VERSION': '3', 'GNOME_SHELL_SESSION_MODE': 'ubuntu', 'GTK_MODULES': 'gail:atk-bridge', 'CURSOR_WORKSPACE_LABEL': 'tesis', 'MANAGERPID': '2572', 'SYSTEMD_EXEC_PID': '2974', 'GSM_SKIP_SSH_AGENT_WORKAROUND': 'true', 'NO_COLOR': '1', 'DBUS_SESSION_BUS_ADDRESS': 'unix:path=/run/user/1000/bus', 'GIO_LAUNCHED_DESKTOP_FILE_PID': '16578', '_colcon_cd_root': '/opt/ros/jazzy/', 'VSCODE_CRASH_REPORTER_PROCESS_TYPE': 'extensionHost', 'DEBUGINFOD_URLS': 'https://debuginfod.ubuntu.com', 'ROS_DISTRO': 'jazzy', 'LOGNAME': 'farid', 'FORCE_COLOR': '0', 'JOURNAL_STREAM': '9:12580', '_': '/usr/bin/colcon', 'ROS_VERSION': '2', 'MEMORY_PRESSURE_WATCH': '/sys/fs/cgroup/user.slice/user-1000.slice/user@1000.service/session.slice/org.gnome.Shell@x11.service/memory.pressure', 'XDG_SESSION_CLASS': 'user', 'USERNAME': 'farid', 'TERM': 'dumb', 'GNOME_DESKTOP_SESSION_ID': 'this-is-deprecated', 'FC_FONTATIONS': '1', 'WINDOWPATH': '2', 'PATH': '/opt/ros/jazzy/opt/gz_msgs_vendor/bin:/opt/ros/jazzy/opt/gz_tools_vendor/bin:/opt/ros/jazzy/opt/gz_ogre_next_vendor/bin:/opt/ros/jazzy/bin:/usr/local/sbin:/usr/local/bin:/usr/sbin:/usr/bin:/sbin:/bin:/usr/games:/usr/local/games:/snap/bin:/snap/bin', 'SESSION_MANAGER': 'local/farid-laptop:@/tmp/.ICE-unix/2926,unix/farid-laptop:/tmp/.ICE-unix/2926', 'INVOCATION_ID': 'b0442c1c419b45e7a6c73369be7e3a21', 'XDG_MENU_PREFIX': 'gnome-', 'VSCODE_PROCESS_TITLE': 'extension-host (agent-exec) tesis [1-4]', 'XDG_RUNTIME_DIR': '/run/user/1000', 'GDK_BACKEND': 'x11', 'CURSOR_AGENT': '1', 'DISPLAY': ':1', 'LANG': 'en_US.UTF-8', 'XDG_CURRENT_DESKTOP': 'ubuntu:GNOME', 'XMODIFIERS': '@im=ibus', 'XDG_SESSION_DESKTOP': 'ubuntu', 'XAUTHORITY': '/run/user/1000/gdm/Xauthority', 'LS_COLORS': '', 'SBX_CHROME_API_RQ': '1', 'CURSOR_TRACE_ID': '817f80831e8b42fc87d077b343166d13', 'SSH_AUTH_SOCK': '/run/user/1000/keyring/ssh', 'AMENT_PREFIX_PATH': '/home/farid/tesis/exo_right_arm_ws/install/exo_description:/opt/ros/jazzy', 'SHELL': '/bin/bash', 'QT_ACCESSIBILITY': '1', 'GDMSESSION': 'ubuntu', 'LESSCLOSE': '/usr/bin/lesspipe %s %s', 'GPG_AGENT_INFO': '/run/user/1000/gnupg/S.gpg-agent:0:1', 'GJS_DEBUG_OUTPUT': 'stderr', 'ROS_AUTOMATIC_DISCOVERY_RANGE': 'SUBNET', 'QT_IM_MODULE': 'ibus', 'PWD': '/home/farid/tesis/exo_right_arm_ws/build/gravity_compensation_controller', 'LC_ALL': 'en_US.UTF-8', 'XDG_CONFIG_DIRS': '/etc/xdg/xdg-ubuntu:/etc/xdg', 'VSCODE_CODE_CACHE_PATH': '/home/farid/.config/Cursor/CachedData/224838f96445be37e3db643a163a817c15b36060', 'XDG_DATA_DIRS': '/usr/share/ubuntu:/usr/share/gnome:/usr/local/share/:/usr/share/:/var/lib/snapd/desktop', 'PYTHONPATH': '/opt/ros/jazzy/lib/python3.12/site-packages', 'COLCON': '1', '_ZO_DOCTOR': '0', 'MEMORY_PRESSURE_WRITE': 'c29tZSAyMDAwMDAgMjAwMDAwMAA=', 'CMAKE_PREFIX_PATH': '/home/farid/tesis/exo_right_arm_ws/install/exo_description:/tmp/pinocchio_ros/opt/ros/jazzy:/opt/ros/jazzy/opt/gz_sim_vendor:/opt/ros/jazzy/opt/gz_sensors_vendor:/opt/ros/jazzy/opt/gz_physics_vendor:/opt/ros/jazzy/opt/sdformat_vendor:/opt/ros/jazzy/opt/gz_gui_vendor:/opt/ros/jazzy/opt/gz_transport_vendor:/opt/ros/jazzy/opt/gz_rendering_vendor:/opt/ros/jazzy/opt/gz_plugin_vendor:/opt/ros/jazzy/opt/gz_fuel_tools_vendor:/opt/ros/jazzy/opt/gz_msgs_vendor:/opt/ros/jazzy/opt/gz_common_vendor:/opt/ros/jazzy/opt/gz_math_vendor:/opt/ros/jazzy/opt/gz_utils_vendor:/opt/ros/jazzy/opt/gz_tools_vendor:/opt/ros/jazzy/opt/gz_ogre_next_vendor:/opt/ros/jazzy/opt/gz_dartsim_vendor:/opt/ros/jazzy/opt/gz_cmake_vendor:/opt/ros/jazzy', 'VSCODE_PID': '16578'}), 'shell': False}
[0.021196] (gravity_compensation_controller) StdoutLine: {'line': b'-- Found ament_cmake: 2.5.5 (/opt/ros/jazzy/share/ament_cmake/cmake)\n'}
[0.051286] (gravity_compensation_controller) StdoutLine: {'line': b'-- Found Python3: /usr/bin/python3 (found version "3.12.3") found components: Interpreter \n'}
[0.099873] (-) TimerEvent: {}
[0.108702] (gravity_compensation_controller) StdoutLine: {'line': b'-- Override CMake install command with custom implementation using symlinks instead of copying resources\n'}
[0.113377] (gravity_compensation_controller) StdoutLine: {'line': b'-- Found controller_interface: 4.42.2 (/opt/ros/jazzy/share/controller_interface/cmake)\n'}
[0.136710] (gravity_compensation_controller) StdoutLine: {'line': b'-- Found rosidl_generator_c: 4.6.7 (/opt/ros/jazzy/share/rosidl_generator_c/cmake)\n'}
[0.143054] (gravity_compensation_controller) StdoutLine: {'line': b'-- Found rosidl_generator_cpp: 4.6.7 (/opt/ros/jazzy/share/rosidl_generator_cpp/cmake)\n'}
[0.153465] (gravity_compensation_controller) StdoutLine: {'line': b'-- Using all available rosidl_typesupport_c: rosidl_typesupport_fastrtps_c;rosidl_typesupport_introspection_c\n'}
[0.163998] (gravity_compensation_controller) StdoutLine: {'line': b'-- Using all available rosidl_typesupport_cpp: rosidl_typesupport_fastrtps_cpp;rosidl_typesupport_introspection_cpp\n'}
[0.200071] (-) TimerEvent: {}
[0.300353] (-) TimerEvent: {}
[0.303144] (gravity_compensation_controller) StdoutLine: {'line': b'-- Found TinyXML2 via Config file: /usr/lib/x86_64-linux-gnu/cmake/tinyxml2\n'}
[0.328233] (gravity_compensation_controller) StdoutLine: {'line': b'-- Found rmw_implementation_cmake: 7.3.3 (/opt/ros/jazzy/share/rmw_implementation_cmake/cmake)\n'}
[0.329133] (gravity_compensation_controller) StdoutLine: {'line': b'-- Found rmw_fastrtps_cpp: 8.4.3 (/opt/ros/jazzy/share/rmw_fastrtps_cpp/cmake)\n'}
[0.341762] (gravity_compensation_controller) StdoutLine: {'line': b'-- Found TinyXML2 via Config file: /usr/lib/x86_64-linux-gnu/cmake/tinyxml2\n'}
[0.348646] (gravity_compensation_controller) StdoutLine: {'line': b'-- Found TinyXML2 via Config file: /usr/lib/x86_64-linux-gnu/cmake/tinyxml2\n'}
[0.362229] (gravity_compensation_controller) StdoutLine: {'line': b'-- Found TinyXML2 via Config file: /usr/lib/x86_64-linux-gnu/cmake/tinyxml2\n'}
[0.372348] (gravity_compensation_controller) StdoutLine: {'line': b'-- Found TinyXML2 via Config file: /usr/lib/x86_64-linux-gnu/cmake/tinyxml2\n'}
[0.384833] (gravity_compensation_controller) StdoutLine: {'line': b"-- Using RMW implementation 'rmw_fastrtps_cpp' as default\n"}
[0.400580] (-) TimerEvent: {}
[0.486938] (gravity_compensation_controller) StdoutLine: {'line': b'-- pinocchio_default FOUND. pinocchio_default at /tmp/pinocchio_ros/opt/ros/jazzy/lib/x86_64-linux-gnu/libpinocchio_default.so\n'}
[0.487132] (gravity_compensation_controller) StdoutLine: {'line': b'-- pinocchio_parsers FOUND. pinocchio_parsers at /tmp/pinocchio_ros/opt/ros/jazzy/lib/x86_64-linux-gnu/libpinocchio_parsers.so\n'}
[0.487633] (gravity_compensation_controller) StdoutLine: {'line': b'-- boost_filesystem FOUND. boost_filesystem at /lib/x86_64-linux-gnu/libboost_filesystem.so\n'}
[0.492925] (gravity_compensation_controller) StdoutLine: {'line': b'-- Found Boost: /usr/include (found version "1.83.0") found components: filesystem serialization system \n'}
[0.493894] (gravity_compensation_controller) StdoutLine: {'line': b'-- eigenpy FOUND. eigenpy at /opt/ros/jazzy/lib/x86_64-linux-gnu/libeigenpy.so\n'}
[0.500807] (-) TimerEvent: {}
[0.516039] (gravity_compensation_controller) StdoutLine: {'line': b'-- Checking for NumPy\n'}
[0.600945] (-) TimerEvent: {}
[0.670228] (gravity_compensation_controller) StdoutLine: {'line': b'--   NUMPY_INCLUDE_DIRS=/usr/lib/python3/dist-packages/numpy/core/include\n'}
[0.701150] (-) TimerEvent: {}
[0.741028] (gravity_compensation_controller) StdoutLine: {'line': b'--   NUMPY_VERSION=1.26.4\n'}
[0.801365] (-) TimerEvent: {}
[0.901630] (-) TimerEvent: {}
[0.913648] (gravity_compensation_controller) StdoutLine: {'line': b'-- Found Python3: /usr/bin/python3 (found version "3.12.3") found components: Interpreter Development.Module NumPy \n'}
[0.914185] (gravity_compensation_controller) StdoutLine: {'line': b'-- PythonLibraryDirs: \n'}
[0.914328] (gravity_compensation_controller) StdoutLine: {'line': b'-- PythonLibVersionString: 3.12.3\n'}
[0.929559] (gravity_compensation_controller) StdoutLine: {'line': b'-- Python site lib: lib/python3.12/site-packages\n'}
[0.929758] (gravity_compensation_controller) StdoutLine: {'line': b'-- Python include dirs: /usr/include/python3.12\n'}
[0.968483] (gravity_compensation_controller) StdoutLine: {'line': b'-- Checking for NumPy\n'}
[1.001842] (-) TimerEvent: {}
[1.043629] (gravity_compensation_controller) StdoutLine: {'line': b'--   NUMPY_INCLUDE_DIRS=/usr/lib/python3/dist-packages/numpy/core/include\n'}
[1.102081] (-) TimerEvent: {}
[1.121563] (gravity_compensation_controller) StdoutLine: {'line': b'--   NUMPY_VERSION=1.26.4\n'}
[1.121754] (gravity_compensation_controller) StdoutLine: {'line': b'-- NumPy include dir: /usr/lib/python3/dist-packages/numpy/core/include\n'}
[1.125751] (gravity_compensation_controller) StdoutLine: {'line': b'-- Found Boost: /usr/include (found version "1.83.0") found components: python312 \n'}
[1.202446] (-) TimerEvent: {}
[1.302736] (-) TimerEvent: {}
[1.387049] (gravity_compensation_controller) StdoutLine: {'line': b'-- Default C++ standard: 201703\n'}
[1.387198] (gravity_compensation_controller) StdoutLine: {'line': b'-- C++ standard sufficient: Minimal required 14, currently defined: 17\n'}
[1.387244] (gravity_compensation_controller) StdoutLine: {'line': b'-- CMAKE_CXX_STANDARD was not set: automatically set to currently defined standard 17\n'}
[1.388819] (gravity_compensation_controller) StdoutLine: {'line': b'-- hpp-fcl FOUND. hpp-fcl at /opt/ros/jazzy/lib/x86_64-linux-gnu/libhpp-fcl.so\n'}
[1.394032] (gravity_compensation_controller) StdoutLine: {'line': b'-- Found Boost: /usr/include (found version "1.83.0") found components: chrono serialization filesystem \n'}
[1.395359] (gravity_compensation_controller) StdoutLine: {'line': b'-- C++ standard sufficient: Minimal required 14, currently defined: 17\n'}
[1.396056] (gravity_compensation_controller) StdoutLine: {'line': b'-- C++ standard sufficient: Minimal required 14, currently defined: 17\n'}
[1.399581] (gravity_compensation_controller) StdoutLine: {'line': b'-- gravity_compensation_controller: RBDL not found; only Pinocchio backend available\n'}
[1.402900] (-) TimerEvent: {}
[1.473398] (gravity_compensation_controller) StdoutLine: {'line': b'-- Configuring done (1.5s)\n'}
[1.490271] (gravity_compensation_controller) StdoutLine: {'line': b'-- Generating done (0.0s)\n'}
[1.493483] (gravity_compensation_controller) StdoutLine: {'line': b'-- Build files have been written to: /home/farid/tesis/exo_right_arm_ws/build/gravity_compensation_controller\n'}
[1.501080] (gravity_compensation_controller) CommandEnded: {'returncode': 0}
[1.501572] (gravity_compensation_controller) JobProgress: {'identifier': 'gravity_compensation_controller', 'progress': 'build'}
[1.501587] (gravity_compensation_controller) Command: {'cmd': ['/usr/bin/cmake', '--build', '/home/farid/tesis/exo_right_arm_ws/build/gravity_compensation_controller', '--', '-j32', '-l32'], 'cwd': '/home/farid/tesis/exo_right_arm_ws/build/gravity_compensation_controller', 'env': OrderedDict({'GJS_DEBUG_TOPICS': 'JS ERROR;JS LOG', 'LESSOPEN': '| /usr/bin/lesspipe %s', 'VSCODE_CWD': '/home/farid', 'CURSOR_EXTENSION_HOST_ROLE': 'agent-exec', 'VSCODE_ESM_ENTRYPOINT': 'vs/workbench/api/node/extensionHostProcess', 'GZ_SIM_RESOURCE_PATH': '/opt/ros/jazzy/share:/home/farid/tesis/exo_right_arm_ws/install/exo_description/share:/home/farid/tesis/exo_right_arm_ws/install/exo_description/share', 'USER': 'farid', 'VSCODE_NLS_CONFIG': '{"userLocale":"en-us","osLocale":"en-us","resolvedLanguage":"en","defaultMessagesFile":"/usr/share/cursor/resources/app/out/nls.messages.json","locale":"en-us","availableLanguages":{}}', 'GZ_CONFIG_PATH': '/opt/ros/jazzy/opt/gz_sim_vendor/share/gz:/opt/ros/jazzy/opt/sdformat_vendor/share/gz:/opt/ros/jazzy/opt/gz_gui_vendor/share/gz:/opt/ros/jazzy/opt/gz_transport_vendor/share/gz:/opt/ros/jazzy/opt/gz_rendering_vendor/share/gz:/opt/ros/jazzy/opt/gz_plugin_vendor/share/gz:/opt/ros/jazzy/opt/gz_fuel_tools_vendor/share/gz:/opt/ros/jazzy/opt/gz_msgs_vendor/share/gz:/opt/ros/jazzy/opt/gz_common_vendor/share/gz', 'CI': '1', 'VSCODE_HANDLES_UNCAUGHT_ERRORS': 'true', 'XDG_SESSION_TYPE': 'x11', 'CLUTTER_DISABLE_MIPMAPPED_TEXT': '1', 'SHLVL': '1', 'LD_LIBRARY_PATH': '/opt/ros/jazzy/opt/gz_sim_vendor/lib:/opt/ros/jazzy/opt/gz_sensors_vendor/lib:/opt/ros/jazzy/opt/gz_physics_vendor/lib:/opt/ros/jazzy/opt/sdformat_vendor/lib:/opt/ros/jazzy/opt/rviz_ogre_vendor/lib:/opt/ros/jazzy/lib/x86_64-linux-gnu:/opt/ros/jazzy/opt/gz_gui_vendor/lib:/opt/ros/jazzy/opt/gz_transport_vendor/lib:/opt/ros/jazzy/opt/gz_rendering_vendor/lib:/opt/ros/jazzy/opt/gz_plugin_vendor/lib:/opt/ros/jazzy/opt/gz_fuel_tools_vendor/lib:/opt/ros/jazzy/opt/gz_msgs_vendor/lib:/opt/ros/jazzy/opt/gz_common_vendor/lib:/opt/ros/jazzy/opt/gz_math_vendor/lib:/opt/ros/jazzy/opt/gz_utils_vendor/lib:/opt/ros/jazzy/opt/gz_tools_vendor/lib:/opt/ros/jazzy/opt/gz_ogre_next_vendor/lib:/opt/ros/jazzy/opt/gz_dartsim_vendor/lib:/opt/ros/jazzy/opt/gz_cmake_vendor/lib:/opt/ros/jazzy/lib', 'HOME': '/home/farid', 'CHROME_DESKTOP': 'cursor.desktop', 'OLDPWD': '/home/farid/tesis/exo_right_arm_ws', 'DESKTOP_SESSION': 'ubuntu', 'VSCODE_IPC_HOOK': '/run/user/1000/vscode-153679cc-2.6.-main.sock', 'GIO_LAUNCHED_DESKTOP_FILE': '/usr/share/applications/cursor.desktop', 'ROS_PYTHON_VERSION': '3', 'GNOME_SHELL_SESSION_MODE': 'ubuntu', 'GTK_MODULES': 'gail:atk-bridge', 'CURSOR_WORKSPACE_LABEL': 'tesis', 'MANAGERPID': '2572', 'SYSTEMD_EXEC_PID': '2974', 'GSM_SKIP_SSH_AGENT_WORKAROUND': 'true', 'NO_COLOR': '1', 'DBUS_SESSION_BUS_ADDRESS': 'unix:path=/run/user/1000/bus', 'GIO_LAUNCHED_DESKTOP_FILE_PID': '16578', '_colcon_cd_root': '/opt/ros/jazzy/', 'VSCODE_CRASH_REPORTER_PROCESS_TYPE': 'extensionHost', 'DEBUGINFOD_URLS': 'https://debuginfod.ubuntu.com', 'ROS_DISTRO': 'jazzy', 'LOGNAME': 'farid', 'FORCE_COLOR': '0', 'JOURNAL_STREAM': '9:12580', '_': '/usr/bin/colcon', 'ROS_VERSION': '2', 'MEMORY_PRESSURE_WATCH': '/sys/fs/cgroup/user.slice/user-1000.slice/user@1000.service/session.slice/org.gnome.Shell@x11.service/memory.pressure', 'XDG_SESSION_CLASS': 'user', 'USERNAME': 'farid', 'TERM': 'dumb', 'GNOME_DESKTOP_SESSION_ID': 'this-is-deprecated', 'FC_FONTATIONS': '1', 'WINDOWPATH': '2', 'PATH': '/opt/ros/jazzy/opt/gz_msgs_vendor/bin:/opt/ros/jazzy/opt/gz_tools_vendor/bin:/opt/ros/jazzy/opt/gz_ogre_next_vendor/bin:/opt/ros/jazzy/bin:/usr/local/sbin:/usr/local/bin:/usr/sbin:/usr/bin:/sbin:/bin:/usr/games:/usr/local/games:/snap/bin:/snap/bin', 'SESSION_MANAGER': 'local/farid-laptop:@/tmp/.ICE-unix/2926,unix/farid-laptop:/tmp/.ICE-unix/2926', 'INVOCATION_ID': 'b0442c1c419b45e7a6c73369be7e3a21', 'XDG_MENU_PREFIX': 'gnome-', 'VSCODE_PROCESS_TITLE': 'extension-host (agent-exec) tesis [1-4]', 'XDG_RUNTIME_DIR': '/run/user/1000', 'GDK_BACKEND': 'x11', 'CURSOR_AGENT': '1', 'DISPLAY': ':1', 'LANG': 'en_US.UTF-8', 'XDG_CURRENT_DESKTOP': 'ubuntu:GNOME', 'XMODIFIERS': '@im=ibus', 'XDG_SESSION_DESKTOP': 'ubuntu', 'XAUTHORITY': '/run/user/1000/gdm/Xauthority', 'LS_COLORS': '', 'SBX_CHROME_API_RQ': '1', 'CURSOR_TRACE_ID': '817f80831e8b42fc87d077b343166d13', 'SSH_AUTH_SOCK': '/run/user/1000/keyring/ssh', 'AMENT_PREFIX_PATH': '/home/farid/tesis/exo_right_arm_ws/install/exo_description:/opt/ros/jazzy', 'SHELL': '/bin/bash', 'QT_ACCESSIBILITY': '1', 'GDMSESSION': 'ubuntu', 'LESSCLOSE': '/usr/bin/lesspipe %s %s', 'GPG_AGENT_INFO': '/run/user/1000/gnupg/S.gpg-agent:0:1', 'GJS_DEBUG_OUTPUT': 'stderr', 'ROS_AUTOMATIC_DISCOVERY_RANGE': 'SUBNET', 'QT_IM_MODULE': 'ibus', 'PWD': '/home/farid/tesis/exo_right_arm_ws/build/gravity_compensation_controller', 'LC_ALL': 'en_US.UTF-8', 'XDG_CONFIG_DIRS': '/etc/xdg/xdg-ubuntu:/etc/xdg', 'VSCODE_CODE_CACHE_PATH': '/home/farid/.config/Cursor/CachedData/224838f96445be37e3db643a163a817c15b36060', 'XDG_DATA_DIRS': '/usr/share/ubuntu:/usr/share/gnome:/usr/local/share/:/usr/share/:/var/lib/snapd/desktop', 'PYTHONPATH': '/opt/ros/jazzy/lib/python3.12/site-packages', 'COLCON': '1', '_ZO_DOCTOR': '0', 'MEMORY_PRESSURE_WRITE': 'c29tZSAyMDAwMDAgMjAwMDAwMAA=', 'CMAKE_PREFIX_PATH': '/home/farid/tesis/exo_right_arm_ws/install/exo_description:/tmp/pinocchio_ros/opt/ros/jazzy:/opt/ros/jazzy/opt/gz_sim_vendor:/opt/ros/jazzy/opt/gz_sensors_vendor:/opt/ros/jazzy/opt/gz_physics_vendor:/opt/ros/jazzy/opt/sdformat_vendor:/opt/ros/jazzy/opt/gz_gui_vendor:/opt/ros/jazzy/opt/gz_transport_vendor:/opt/ros/jazzy/opt/gz_rendering_vendor:/opt/ros/jazzy/opt/gz_plugin_vendor:/opt/ros/jazzy/opt/gz_fuel_tools_vendor:/opt/ros/jazzy/opt/gz_msgs_vendor:/opt/ros/jazzy/opt/gz_common_vendor:/opt/ros/jazzy/opt/gz_math_vendor:/opt/ros/jazzy/opt/gz_utils_vendor:/opt/ros/jazzy/opt/gz_tools_vendor:/opt/ros/jazzy/opt/gz_ogre_next_vendor:/opt/ros/jazzy/opt/gz_dartsim_vendor:/opt/ros/jazzy/opt/gz_cmake_vendor:/opt/ros/jazzy', 'VSCODE_PID': '16578'}), 'shell': False}
[1.503001] (-) TimerEvent: {}
[1.557039] (gravity_compensation_controller) StdoutLine: {'line': b'[ 33%] Building CXX object CMakeFiles/gravity_compensation_controller.dir/src/dynamics_backend.cpp.o\n'}
[1.557209] (gravity_compensation_controller) StdoutLine: {'line': b'[ 66%] Building CXX object CMakeFiles/gravity_compensation_controller.dir/src/gravity_compensation_controller.cpp.o\n'}
[1.603174] (-) TimerEvent: {}
[1.703291] (-) TimerEvent: {}
[1.803430] (-) TimerEvent: {}
[1.903616] (-) TimerEvent: {}
[2.003793] (-) TimerEvent: {}
[2.104022] (-) TimerEvent: {}
[2.204254] (-) TimerEvent: {}
[2.304494] (-) TimerEvent: {}
[2.404645] (-) TimerEvent: {}
[2.504887] (-) TimerEvent: {}
[2.605131] (-) TimerEvent: {}
[2.705372] (-) TimerEvent: {}
[2.805606] (-) TimerEvent: {}
[2.905844] (-) TimerEvent: {}
[3.006086] (-) TimerEvent: {}
[3.106352] (-) TimerEvent: {}
[3.206499] (-) TimerEvent: {}
[3.306755] (-) TimerEvent: {}
[3.407036] (-) TimerEvent: {}
[3.507283] (-) TimerEvent: {}
[3.607529] (-) TimerEvent: {}
[3.707712] (-) TimerEvent: {}
[3.807940] (-) TimerEvent: {}
[3.908183] (-) TimerEvent: {}
[4.008407] (-) TimerEvent: {}
[4.108557] (-) TimerEvent: {}
[4.208800] (-) TimerEvent: {}
[4.309040] (-) TimerEvent: {}
[4.409280] (-) TimerEvent: {}
[4.509431] (-) TimerEvent: {}
[4.609663] (-) TimerEvent: {}
[4.709896] (-) TimerEvent: {}
[4.810141] (-) TimerEvent: {}
[4.910391] (-) TimerEvent: {}
[5.010635] (-) TimerEvent: {}
[5.110870] (-) TimerEvent: {}
[5.211042] (-) TimerEvent: {}
[5.311282] (-) TimerEvent: {}
[5.411422] (-) TimerEvent: {}
[5.511604] (-) TimerEvent: {}
[5.611767] (-) TimerEvent: {}
[5.711930] (-) TimerEvent: {}
[5.812068] (-) TimerEvent: {}
[5.912302] (-) TimerEvent: {}
[6.012556] (-) TimerEvent: {}
[6.112694] (-) TimerEvent: {}
[6.212927] (-) TimerEvent: {}
[6.313156] (-) TimerEvent: {}
[6.413417] (-) TimerEvent: {}
[6.513562] (-) TimerEvent: {}
[6.613818] (-) TimerEvent: {}
[6.714051] (-) TimerEvent: {}
[6.814308] (-) TimerEvent: {}
[6.914556] (-) TimerEvent: {}
[7.014749] (-) TimerEvent: {}
[7.115042] (-) TimerEvent: {}
[7.215317] (-) TimerEvent: {}
[7.315456] (-) TimerEvent: {}
[7.415621] (-) TimerEvent: {}
[7.515795] (-) TimerEvent: {}
[7.616031] (-) TimerEvent: {}
[7.716259] (-) TimerEvent: {}
[7.816504] (-) TimerEvent: {}
[7.916670] (-) TimerEvent: {}
[8.016927] (-) TimerEvent: {}
[8.022667] (gravity_compensation_controller) StdoutLine: {'line': b'[100%] Linking CXX shared library libgravity_compensation_controller.so\n'}
[8.117071] (-) TimerEvent: {}
[8.217215] (-) TimerEvent: {}
[8.317370] (-) TimerEvent: {}
[8.405595] (gravity_compensation_controller) StdoutLine: {'line': b'[100%] Built target gravity_compensation_controller\n'}
[8.415771] (gravity_compensation_controller) CommandEnded: {'returncode': 0}
[8.416407] (gravity_compensation_controller) JobProgress: {'identifier': 'gravity_compensation_controller', 'progress': 'install'}
[8.417450] (-) TimerEvent: {}
[8.430139] (gravity_compensation_controller) Command: {'cmd': ['/usr/bin/cmake', '--install', '/home/farid/tesis/exo_right_arm_ws/build/gravity_compensation_controller'], 'cwd': '/home/farid/tesis/exo_right_arm_ws/build/gravity_compensation_controller', 'env': OrderedDict({'GJS_DEBUG_TOPICS': 'JS ERROR;JS LOG', 'LESSOPEN': '| /usr/bin/lesspipe %s', 'VSCODE_CWD': '/home/farid', 'CURSOR_EXTENSION_HOST_ROLE': 'agent-exec', 'VSCODE_ESM_ENTRYPOINT': 'vs/workbench/api/node/extensionHostProcess', 'GZ_SIM_RESOURCE_PATH': '/opt/ros/jazzy/share:/home/farid/tesis/exo_right_arm_ws/install/exo_description/share:/home/farid/tesis/exo_right_arm_ws/install/exo_description/share', 'USER': 'farid', 'VSCODE_NLS_CONFIG': '{"userLocale":"en-us","osLocale":"en-us","resolvedLanguage":"en","defaultMessagesFile":"/usr/share/cursor/resources/app/out/nls.messages.json","locale":"en-us","availableLanguages":{}}', 'GZ_CONFIG_PATH': '/opt/ros/jazzy/opt/gz_sim_vendor/share/gz:/opt/ros/jazzy/opt/sdformat_vendor/share/gz:/opt/ros/jazzy/opt/gz_gui_vendor/share/gz:/opt/ros/jazzy/opt/gz_transport_vendor/share/gz:/opt/ros/jazzy/opt/gz_rendering_vendor/share/gz:/opt/ros/jazzy/opt/gz_plugin_vendor/share/gz:/opt/ros/jazzy/opt/gz_fuel_tools_vendor/share/gz:/opt/ros/jazzy/opt/gz_msgs_vendor/share/gz:/opt/ros/jazzy/opt/gz_common_vendor/share/gz', 'CI': '1', 'VSCODE_HANDLES_UNCAUGHT_ERRORS': 'true', 'XDG_SESSION_TYPE': 'x11', 'CLUTTER_DISABLE_MIPMAPPED_TEXT': '1', 'SHLVL': '1', 'LD_LIBRARY_PATH': '/opt/ros/jazzy/opt/gz_sim_vendor/lib:/opt/ros/jazzy/opt/gz_sensors_vendor/lib:/opt/ros/jazzy/opt/gz_physics_vendor/lib:/opt/ros/jazzy/opt/sdformat_vendor/lib:/opt/ros/jazzy/opt/rviz_ogre_vendor/lib:/opt/ros/jazzy/lib/x86_64-linux-gnu:/opt/ros/jazzy/opt/gz_gui_vendor/lib:/opt/ros/jazzy/opt/gz_transport_vendor/lib:/opt/ros/jazzy/opt/gz_rendering_vendor/lib:/opt/ros/jazzy/opt/gz_plugin_vendor/lib:/opt/ros/jazzy/opt/gz_fuel_tools_vendor/lib:/opt/ros/jazzy/opt/gz_msgs_vendor/lib:/opt/ros/jazzy/opt/gz_common_vendor/lib:/opt/ros/jazzy/opt/gz_math_vendor/lib:/opt/ros/jazzy/opt/gz_utils_vendor/lib:/opt/ros/jazzy/opt/gz_tools_vendor/lib:/opt/ros/jazzy/opt/gz_ogre_next_vendor/lib:/opt/ros/jazzy/opt/gz_dartsim_vendor/lib:/opt/ros/jazzy/opt/gz_cmake_vendor/lib:/opt/ros/jazzy/lib', 'HOME': '/home/farid', 'CHROME_DESKTOP': 'cursor.desktop', 'OLDPWD': '/home/farid/tesis/exo_right_arm_ws', 'DESKTOP_SESSION': 'ubuntu', 'VSCODE_IPC_HOOK': '/run/user/1000/vscode-153679cc-2.6.-main.sock', 'GIO_LAUNCHED_DESKTOP_FILE': '/usr/share/applications/cursor.desktop', 'ROS_PYTHON_VERSION': '3', 'GNOME_SHELL_SESSION_MODE': 'ubuntu', 'GTK_MODULES': 'gail:atk-bridge', 'CURSOR_WORKSPACE_LABEL': 'tesis', 'MANAGERPID': '2572', 'SYSTEMD_EXEC_PID': '2974', 'GSM_SKIP_SSH_AGENT_WORKAROUND': 'true', 'NO_COLOR': '1', 'DBUS_SESSION_BUS_ADDRESS': 'unix:path=/run/user/1000/bus', 'GIO_LAUNCHED_DESKTOP_FILE_PID': '16578', '_colcon_cd_root': '/opt/ros/jazzy/', 'VSCODE_CRASH_REPORTER_PROCESS_TYPE': 'extensionHost', 'DEBUGINFOD_URLS': 'https://debuginfod.ubuntu.com', 'ROS_DISTRO': 'jazzy', 'LOGNAME': 'farid', 'FORCE_COLOR': '0', 'JOURNAL_STREAM': '9:12580', '_': '/usr/bin/colcon', 'ROS_VERSION': '2', 'MEMORY_PRESSURE_WATCH': '/sys/fs/cgroup/user.slice/user-1000.slice/user@1000.service/session.slice/org.gnome.Shell@x11.service/memory.pressure', 'XDG_SESSION_CLASS': 'user', 'USERNAME': 'farid', 'TERM': 'dumb', 'GNOME_DESKTOP_SESSION_ID': 'this-is-deprecated', 'FC_FONTATIONS': '1', 'WINDOWPATH': '2', 'PATH': '/opt/ros/jazzy/opt/gz_msgs_vendor/bin:/opt/ros/jazzy/opt/gz_tools_vendor/bin:/opt/ros/jazzy/opt/gz_ogre_next_vendor/bin:/opt/ros/jazzy/bin:/usr/local/sbin:/usr/local/bin:/usr/sbin:/usr/bin:/sbin:/bin:/usr/games:/usr/local/games:/snap/bin:/snap/bin', 'SESSION_MANAGER': 'local/farid-laptop:@/tmp/.ICE-unix/2926,unix/farid-laptop:/tmp/.ICE-unix/2926', 'INVOCATION_ID': 'b0442c1c419b45e7a6c73369be7e3a21', 'XDG_MENU_PREFIX': 'gnome-', 'VSCODE_PROCESS_TITLE': 'extension-host (agent-exec) tesis [1-4]', 'XDG_RUNTIME_DIR': '/run/user/1000', 'GDK_BACKEND': 'x11', 'CURSOR_AGENT': '1', 'DISPLAY': ':1', 'LANG': 'en_US.UTF-8', 'XDG_CURRENT_DESKTOP': 'ubuntu:GNOME', 'XMODIFIERS': '@im=ibus', 'XDG_SESSION_DESKTOP': 'ubuntu', 'XAUTHORITY': '/run/user/1000/gdm/Xauthority', 'LS_COLORS': '', 'SBX_CHROME_API_RQ': '1', 'CURSOR_TRACE_ID': '817f80831e8b42fc87d077b343166d13', 'SSH_AUTH_SOCK': '/run/user/1000/keyring/ssh', 'AMENT_PREFIX_PATH': '/home/farid/tesis/exo_right_arm_ws/install/exo_description:/opt/ros/jazzy', 'SHELL': '/bin/bash', 'QT_ACCESSIBILITY': '1', 'GDMSESSION': 'ubuntu', 'LESSCLOSE': '/usr/bin/lesspipe %s %s', 'GPG_AGENT_INFO': '/run/user/1000/gnupg/S.gpg-agent:0:1', 'GJS_DEBUG_OUTPUT': 'stderr', 'ROS_AUTOMATIC_DISCOVERY_RANGE': 'SUBNET', 'QT_IM_MODULE': 'ibus', 'PWD': '/home/farid/tesis/exo_right_arm_ws/build/gravity_compensation_controller', 'LC_ALL': 'en_US.UTF-8', 'XDG_CONFIG_DIRS': '/etc/xdg/xdg-ubuntu:/etc/xdg', 'VSCODE_CODE_CACHE_PATH': '/home/farid/.config/Cursor/CachedData/224838f96445be37e3db643a163a817c15b36060', 'XDG_DATA_DIRS': '/usr/share/ubuntu:/usr/share/gnome:/usr/local/share/:/usr/share/:/var/lib/snapd/desktop', 'PYTHONPATH': '/opt/ros/jazzy/lib/python3.12/site-packages', 'COLCON': '1', '_ZO_DOCTOR': '0', 'MEMORY_PRESSURE_WRITE': 'c29tZSAyMDAwMDAgMjAwMDAwMAA=', 'CMAKE_PREFIX_PATH': '/home/farid/tesis/exo_right_arm_ws/install/exo_description:/tmp/pinocchio_ros/opt/ros/jazzy:/opt/ros/jazzy/opt/gz_sim_vendor:/opt/ros/jazzy/opt/gz_sensors_vendor:/opt/ros/jazzy/opt/gz_physics_vendor:/opt/ros/jazzy/opt/sdformat_vendor:/opt/ros/jazzy/opt/gz_gui_vendor:/opt/ros/jazzy/opt/gz_transport_vendor:/opt/ros/jazzy/opt/gz_rendering_vendor:/opt/ros/jazzy/opt/gz_plugin_vendor:/opt/ros/jazzy/opt/gz_fuel_tools_vendor:/opt/ros/jazzy/opt/gz_msgs_vendor:/opt/ros/jazzy/opt/gz_common_vendor:/opt/ros/jazzy/opt/gz_math_vendor:/opt/ros/jazzy/opt/gz_utils_vendor:/opt/ros/jazzy/opt/gz_tools_vendor:/opt/ros/jazzy/opt/gz_ogre_next_vendor:/opt/ros/jazzy/opt/gz_dartsim_vendor:/opt/ros/jazzy/opt/gz_cmake_vendor:/opt/ros/jazzy', 'VSCODE_PID': '16578'}), 'shell': False}
[8.440948] (gravity_compensation_controller) StdoutLine: {'line': b'-- Install configuration: ""\n'}
[8.441447] (gravity_compensation_controller) StdoutLine: {'line': b'-- Execute custom install script\n'}
[8.441818] (gravity_compensation_controller) StdoutLine: {'line': b'-- Symlinking: /home/farid/tesis/exo_right_arm_ws/install/gravity_compensation_controller/share/gravity_compensation_controller//gravity_compensation_controller_plugin.xml\n'}
[8.450741] (gravity_compensation_controller) StdoutLine: {'line': b'-- Symlinking: /home/farid/tesis/exo_right_arm_ws/install/gravity_compensation_controller/include/gravity_compensation_controller/dynamics_backend.hpp\n'}
[8.462215] (gravity_compensation_controller) StdoutLine: {'line': b'-- Symlinking: /home/farid/tesis/exo_right_arm_ws/install/gravity_compensation_controller/include/gravity_compensation_controller/gravity_compensation_controller.hpp\n'}
[8.474438] (gravity_compensation_controller) StdoutLine: {'line': b'-- Up-to-date symlink: /home/farid/tesis/exo_right_arm_ws/install/gravity_compensation_controller/share/gravity_compensation_controller/gravity_compensation_controller_plugin.xml\n'}
[8.474668] (gravity_compensation_controller) StdoutLine: {'line': b'-- Symlinking: /home/farid/tesis/exo_right_arm_ws/install/gravity_compensation_controller/share/ament_index/resource_index/package_run_dependencies/gravity_compensation_controller\n'}
[8.486160] (gravity_compensation_controller) StdoutLine: {'line': b'-- Symlinking: /home/farid/tesis/exo_right_arm_ws/install/gravity_compensation_controller/share/ament_index/resource_index/parent_prefix_path/gravity_compensation_controller\n'}
[8.497009] (gravity_compensation_controller) StdoutLine: {'line': b'-- Symlinking: /home/farid/tesis/exo_right_arm_ws/install/gravity_compensation_controller/share/gravity_compensation_controller/environment/ament_prefix_path.sh\n'}
[8.507945] (gravity_compensation_controller) StdoutLine: {'line': b'-- Symlinking: /home/farid/tesis/exo_right_arm_ws/install/gravity_compensation_controller/share/gravity_compensation_controller/environment/ament_prefix_path.dsv\n'}
[8.517543] (-) TimerEvent: {}
[8.520041] (gravity_compensation_controller) StdoutLine: {'line': b'-- Symlinking: /home/farid/tesis/exo_right_arm_ws/install/gravity_compensation_controller/share/gravity_compensation_controller/environment/path.sh\n'}
[8.530534] (gravity_compensation_controller) StdoutLine: {'line': b'-- Symlinking: /home/farid/tesis/exo_right_arm_ws/install/gravity_compensation_controller/share/gravity_compensation_controller/environment/path.dsv\n'}
[8.542722] (gravity_compensation_controller) StdoutLine: {'line': b'-- Symlinking: /home/farid/tesis/exo_right_arm_ws/install/gravity_compensation_controller/share/gravity_compensation_controller/local_setup.bash\n'}
[8.553522] (gravity_compensation_controller) StdoutLine: {'line': b'-- Symlinking: /home/farid/tesis/exo_right_arm_ws/install/gravity_compensation_controller/share/gravity_compensation_controller/local_setup.sh\n'}
[8.559560] (gravity_compensation_controller) StdoutLine: {'line': b'-- Symlinking: /home/farid/tesis/exo_right_arm_ws/install/gravity_compensation_controller/share/gravity_compensation_controller/local_setup.zsh\n'}
[8.568859] (gravity_compensation_controller) StdoutLine: {'line': b'-- Symlinking: /home/farid/tesis/exo_right_arm_ws/install/gravity_compensation_controller/share/gravity_compensation_controller/local_setup.dsv\n'}
[8.578863] (gravity_compensation_controller) StdoutLine: {'line': b'-- Symlinking: /home/farid/tesis/exo_right_arm_ws/install/gravity_compensation_controller/share/gravity_compensation_controller/package.dsv\n'}
[8.590670] (gravity_compensation_controller) StdoutLine: {'line': b'-- Symlinking: /home/farid/tesis/exo_right_arm_ws/install/gravity_compensation_controller/share/ament_index/resource_index/packages/gravity_compensation_controller\n'}
[8.599762] (gravity_compensation_controller) StdoutLine: {'line': b'-- Symlinking: /home/farid/tesis/exo_right_arm_ws/install/gravity_compensation_controller/share/ament_index/resource_index/controller_interface__pluginlib__plugin/gravity_compensation_controller\n'}
[8.607440] (gravity_compensation_controller) StdoutLine: {'line': b'-- Symlinking: /home/farid/tesis/exo_right_arm_ws/install/gravity_compensation_controller/share/gravity_compensation_controller/cmake/gravity_compensation_controllerConfig.cmake\n'}
[8.617661] (-) TimerEvent: {}
[8.617770] (gravity_compensation_controller) StdoutLine: {'line': b'-- Symlinking: /home/farid/tesis/exo_right_arm_ws/install/gravity_compensation_controller/share/gravity_compensation_controller/cmake/gravity_compensation_controllerConfig-version.cmake\n'}
[8.625413] (gravity_compensation_controller) StdoutLine: {'line': b'-- Symlinking: /home/farid/tesis/exo_right_arm_ws/install/gravity_compensation_controller/share/gravity_compensation_controller/package.xml\n'}
[8.634644] (gravity_compensation_controller) StdoutLine: {'line': b'-- Installing: /home/farid/tesis/exo_right_arm_ws/install/gravity_compensation_controller/lib/libgravity_compensation_controller.so\n'}
[8.638506] (gravity_compensation_controller) StdoutLine: {'line': b'-- Set non-toolchain portion of runtime path of "/home/farid/tesis/exo_right_arm_ws/install/gravity_compensation_controller/lib/libgravity_compensation_controller.so" to ""\n'}
[8.639486] (gravity_compensation_controller) CommandEnded: {'returncode': 0}
[8.653892] (gravity_compensation_controller) JobEnded: {'identifier': 'gravity_compensation_controller', 'rc': 0}
[8.654319] (-) EventReactorShutdown: {}
