-- Found ament_cmake: 2.5.5 (/opt/ros/jazzy/share/ament_cmake/cmake)
-- Override CMake install command with custom implementation using symlinks instead of copying resources
-- Found rclcpp: 28.1.16 (/opt/ros/jazzy/share/rclcpp/cmake)
-- Found rosidl_generator_c: 4.6.7 (/opt/ros/jazzy/share/rosidl_generator_c/cmake)
-- Found rosidl_generator_cpp: 4.6.7 (/opt/ros/jazzy/share/rosidl_generator_cpp/cmake)
-- Using all available rosidl_typesupport_c: rosidl_typesupport_fastrtps_c;rosidl_typesupport_introspection_c
-- Using all available rosidl_typesupport_cpp: rosidl_typesupport_fastrtps_cpp;rosidl_typesupport_introspection_cpp
-- Found rmw_implementation_cmake: 7.3.3 (/opt/ros/jazzy/share/rmw_implementation_cmake/cmake)
-- Found rmw_fastrtps_cpp: 8.4.3 (/opt/ros/jazzy/share/rmw_fastrtps_cpp/cmake)
-- Using RMW implementation 'rmw_fastrtps_cpp' as default
-- Found pluginlib: 5.4.4 (/opt/ros/jazzy/share/pluginlib/cmake)
-- Found hardware_interface: 4.42.2 (/opt/ros/jazzy/share/hardware_interface/cmake)
-- Configuring done (0.6s)
-- Generating done (0.0s)
-- Build files have been written to: /home/farid/tesis/exo_right_arm_ws/build/exo_hardware
[ 50%] [32m[1mLinking CXX shared library libexo_hardware.so[0m
[100%] Built target exo_hardware
-- Install configuration: ""
-- Execute custom install script
-- Symlinking: /home/farid/tesis/exo_right_arm_ws/install/exo_hardware/share/exo_hardware//exo_hardware_plugins.xml
-- Symlinking: /home/farid/tesis/exo_right_arm_ws/install/exo_hardware/lib/libexo_hardware.so
-- Symlinking: /home/farid/tesis/exo_right_arm_ws/install/exo_hardware/include/exo_hardware/exo_hardware.hpp
-- Symlinking: /home/farid/tesis/exo_right_arm_ws/install/exo_hardware/share/ament_index/resource_index/package_run_dependencies/exo_hardware
-- Symlinking: /home/farid/tesis/exo_right_arm_ws/install/exo_hardware/share/ament_index/resource_index/parent_prefix_path/exo_hardware
-- Symlinking: /home/farid/tesis/exo_right_arm_ws/install/exo_hardware/share/exo_hardware/environment/ament_prefix_path.sh
-- Symlinking: /home/farid/tesis/exo_right_arm_ws/install/exo_hardware/share/exo_hardware/environment/ament_prefix_path.dsv
-- Symlinking: /home/farid/tesis/exo_right_arm_ws/install/exo_hardware/share/exo_hardware/environment/path.sh
-- Symlinking: /home/farid/tesis/exo_right_arm_ws/install/exo_hardware/share/exo_hardware/environment/path.dsv
-- Symlinking: /home/farid/tesis/exo_right_arm_ws/install/exo_hardware/share/exo_hardware/local_setup.bash
-- Symlinking: /home/farid/tesis/exo_right_arm_ws/install/exo_hardware/share/exo_hardware/local_setup.sh
-- Symlinking: /home/farid/tesis/exo_right_arm_ws/install/exo_hardware/share/exo_hardware/local_setup.zsh
-- Symlinking: /home/farid/tesis/exo_right_arm_ws/install/exo_hardware/share/exo_hardware/local_setup.dsv
-- Symlinking: /home/farid/tesis/exo_right_arm_ws/install/exo_hardware/share/exo_hardware/package.dsv
-- Symlinking: /home/farid/tesis/exo_right_arm_ws/install/exo_hardware/share/ament_index/resource_index/packages/exo_hardware
-- Symlinking: /home/farid/tesis/exo_right_arm_ws/install/exo_hardware/share/ament_index/resource_index/hardware_interface__pluginlib__plugin/exo_hardware
-- Symlinking: /home/farid/tesis/exo_right_arm_ws/install/exo_hardware/share/exo_hardware/cmake/exo_hardwareConfig.cmake
-- Symlinking: /home/farid/tesis/exo_right_arm_ws/install/exo_hardware/share/exo_hardware/cmake/exo_hardwareConfig-version.cmake
-- Symlinking: /home/farid/tesis/exo_right_arm_ws/install/exo_hardware/share/exo_hardware/package.xml
