[0.150s] Invoking command in '/home/farid/tesis/exo_right_arm_ws/build/exo_hardware': CMAKE_PREFIX_PATH=${CMAKE_PREFIX_PATH}:/home/farid/tesis/exo_right_arm_ws/install/exo_bringup:/opt/ros/jazzy DEBUGINFOD_URLS=https://debuginfod.ubuntu.com /usr/bin/cmake /home/farid/tesis/exo_right_arm_ws/src/exo_hardware -DAMENT_CMAKE_SYMLINK_INSTALL=1 -DCMAKE_INSTALL_PREFIX=/home/farid/tesis/exo_right_arm_ws/install/exo_hardware
[0.162s] -- Found ament_cmake: 2.5.5 (/opt/ros/jazzy/share/ament_cmake/cmake)
[0.318s] -- Override CMake install command with custom implementation using symlinks instead of copying resources
[0.323s] -- Found rclcpp: 28.1.16 (/opt/ros/jazzy/share/rclcpp/cmake)
[0.343s] -- Found rosidl_generator_c: 4.6.7 (/opt/ros/jazzy/share/rosidl_generator_c/cmake)
[0.349s] -- Found rosidl_generator_cpp: 4.6.7 (/opt/ros/jazzy/share/rosidl_generator_cpp/cmake)
[0.357s] -- Using all available rosidl_typesupport_c: rosidl_typesupport_fastrtps_c;rosidl_typesupport_introspection_c
[0.366s] -- Using all available rosidl_typesupport_cpp: rosidl_typesupport_fastrtps_cpp;rosidl_typesupport_introspection_cpp
[0.409s] -- Found rmw_implementation_cmake: 7.3.3 (/opt/ros/jazzy/share/rmw_implementation_cmake/cmake)
[0.410s] -- Found rmw_fastrtps_cpp: 8.4.3 (/opt/ros/jazzy/share/rmw_fastrtps_cpp/cmake)
[0.459s] -- Using RMW implementation 'rmw_fastrtps_cpp' as default
[0.505s] -- Found pluginlib: 5.4.4 (/opt/ros/jazzy/share/pluginlib/cmake)
[0.508s] -- Found hardware_interface: 4.42.2 (/opt/ros/jazzy/share/hardware_interface/cmake)
[0.741s] -- Configuring done (0.6s)
[0.754s] -- Generating done (0.0s)
[0.757s] -- Build files have been written to: /home/farid/tesis/exo_right_arm_ws/build/exo_hardware
[0.764s] Invoked command in '/home/farid/tesis/exo_right_arm_ws/build/exo_hardware' returned '0': CMAKE_PREFIX_PATH=${CMAKE_PREFIX_PATH}:/home/farid/tesis/exo_right_arm_ws/install/exo_bringup:/opt/ros/jazzy DEBUGINFOD_URLS=https://debuginfod.ubuntu.com /usr/bin/cmake /home/farid/tesis/exo_right_arm_ws/src/exo_hardware -DAMENT_CMAKE_SYMLINK_INSTALL=1 -DCMAKE_INSTALL_PREFIX=/home/farid/tesis/exo_right_arm_ws/install/exo_hardware
[0.765s] Invoking command in '/home/farid/tesis/exo_right_arm_ws/build/exo_hardware': CMAKE_PREFIX_PATH=${CMAKE_PREFIX_PATH}:/home/farid/tesis/exo_right_arm_ws/install/exo_bringup:/opt/ros/jazzy DEBUGINFOD_URLS=https://debuginfod.ubuntu.com /usr/bin/cmake --build /home/farid/tesis/exo_right_arm_ws/build/exo_hardware -- -j32 -l32
[0.818s] [ 50%] [32m[1mLinking CXX shared library libexo_hardware.so[0m
[0.942s] [100%] Built target exo_hardware
[0.950s] Invoked command in '/home/farid/tesis/exo_right_arm_ws/build/exo_hardware' returned '0': CMAKE_PREFIX_PATH=${CMAKE_PREFIX_PATH}:/home/farid/tesis/exo_right_arm_ws/install/exo_bringup:/opt/ros/jazzy DEBUGINFOD_URLS=https://debuginfod.ubuntu.com /usr/bin/cmake --build /home/farid/tesis/exo_right_arm_ws/build/exo_hardware -- -j32 -l32
[0.951s] Invoking command in '/home/farid/tesis/exo_right_arm_ws/build/exo_hardware': CMAKE_PREFIX_PATH=${CMAKE_PREFIX_PATH}:/home/farid/tesis/exo_right_arm_ws/install/exo_bringup:/opt/ros/jazzy DEBUGINFOD_URLS=https://debuginfod.ubuntu.com /usr/bin/cmake --install /home/farid/tesis/exo_right_arm_ws/build/exo_hardware
[0.957s] -- Install configuration: ""
[0.957s] -- Execute custom install script
[0.957s] -- Symlinking: /home/farid/tesis/exo_right_arm_ws/install/exo_hardware/share/exo_hardware//exo_hardware_plugins.xml
[0.963s] -- Symlinking: /home/farid/tesis/exo_right_arm_ws/install/exo_hardware/lib/libexo_hardware.so
[0.970s] -- Symlinking: /home/farid/tesis/exo_right_arm_ws/install/exo_hardware/include/exo_hardware/exo_hardware.hpp
[0.976s] -- Symlinking: /home/farid/tesis/exo_right_arm_ws/install/exo_hardware/share/ament_index/resource_index/package_run_dependencies/exo_hardware
[0.983s] -- Symlinking: /home/farid/tesis/exo_right_arm_ws/install/exo_hardware/share/ament_index/resource_index/parent_prefix_path/exo_hardware
[0.989s] -- Symlinking: /home/farid/tesis/exo_right_arm_ws/install/exo_hardware/share/exo_hardware/environment/ament_prefix_path.sh
[0.996s] -- Symlinking: /home/farid/tesis/exo_right_arm_ws/install/exo_hardware/share/exo_hardware/environment/ament_prefix_path.dsv
[1.003s] -- Symlinking: /home/farid/tesis/exo_right_arm_ws/install/exo_hardware/share/exo_hardware/environment/path.sh
[1.009s] -- Symlinking: /home/farid/tesis/exo_right_arm_ws/install/exo_hardware/share/exo_hardware/environment/path.dsv
[1.017s] -- Symlinking: /home/farid/tesis/exo_right_arm_ws/install/exo_hardware/share/exo_hardware/local_setup.bash
[1.023s] -- Symlinking: /home/farid/tesis/exo_right_arm_ws/install/exo_hardware/share/exo_hardware/local_setup.sh
[1.028s] -- Symlinking: /home/farid/tesis/exo_right_arm_ws/install/exo_hardware/share/exo_hardware/local_setup.zsh
[1.035s] -- Symlinking: /home/farid/tesis/exo_right_arm_ws/install/exo_hardware/share/exo_hardware/local_setup.dsv
[1.041s] -- Symlinking: /home/farid/tesis/exo_right_arm_ws/install/exo_hardware/share/exo_hardware/package.dsv
[1.049s] -- Symlinking: /home/farid/tesis/exo_right_arm_ws/install/exo_hardware/share/ament_index/resource_index/packages/exo_hardware
[1.055s] -- Symlinking: /home/farid/tesis/exo_right_arm_ws/install/exo_hardware/share/ament_index/resource_index/hardware_interface__pluginlib__plugin/exo_hardware
[1.063s] -- Symlinking: /home/farid/tesis/exo_right_arm_ws/install/exo_hardware/share/exo_hardware/cmake/exo_hardwareConfig.cmake
[1.068s] -- Symlinking: /home/farid/tesis/exo_right_arm_ws/install/exo_hardware/share/exo_hardware/cmake/exo_hardwareConfig-version.cmake
[1.075s] -- Symlinking: /home/farid/tesis/exo_right_arm_ws/install/exo_hardware/share/exo_hardware/package.xml
[1.083s] Invoked command in '/home/farid/tesis/exo_right_arm_ws/build/exo_hardware' returned '0': CMAKE_PREFIX_PATH=${CMAKE_PREFIX_PATH}:/home/farid/tesis/exo_right_arm_ws/install/exo_bringup:/opt/ros/jazzy DEBUGINFOD_URLS=https://debuginfod.ubuntu.com /usr/bin/cmake --install /home/farid/tesis/exo_right_arm_ws/build/exo_hardware
